Using pre-set license
Built from '2020.3/china_unity/release' branch; Version is '2021.3.41f1c1 (abf9ed549ceb) revision 11270637'; Using compiler version '192829333'; Build Type 'Release'
OS: 'Windows 10  (10.0.19044) 64bit Professional' Language: 'zh' Physical Memory: 65375 MB
BatchMode: 1, IsHumanControllingUs: 0, StartBugReporterOnCrash: 0, Is64bit: 1, IsPro: 1

COMMAND LINE ARGUMENTS:
C:\Program Files\Unity\Hub\Editor\2021.3.41f1c1\Editor\Unity.exe
-adb2
-batchMode
-noUpm
-name
AssetImportWorker2
-projectPath
D:/BaiduNetdiskDownload/太空分类/Impostor Sort Puzzle Pro
-logFile
Logs/AssetImportWorker2.log
-srvPort
54988
Successfully changed project path to: D:/BaiduNetdiskDownload/太空分类/Impostor Sort Puzzle Pro
D:/BaiduNetdiskDownload/太空分类/Impostor Sort Puzzle Pro
[UnityMemory] Configuration Parameters - Can be set up in boot.config
    "memorysetup-bucket-allocator-granularity=16"
    "memorysetup-bucket-allocator-bucket-count=8"
    "memorysetup-bucket-allocator-block-size=33554432"
    "memorysetup-bucket-allocator-block-count=8"
    "memorysetup-main-allocator-block-size=16777216"
    "memorysetup-thread-allocator-block-size=16777216"
    "memorysetup-gfx-main-allocator-block-size=16777216"
    "memorysetup-gfx-thread-allocator-block-size=16777216"
    "memorysetup-cache-allocator-block-size=4194304"
    "memorysetup-typetree-allocator-block-size=2097152"
    "memorysetup-profiler-bucket-allocator-granularity=16"
    "memorysetup-profiler-bucket-allocator-bucket-count=8"
    "memorysetup-profiler-bucket-allocator-block-size=33554432"
    "memorysetup-profiler-bucket-allocator-block-count=8"
    "memorysetup-profiler-allocator-block-size=16777216"
    "memorysetup-profiler-editor-allocator-block-size=1048576"
    "memorysetup-temp-allocator-size-main=16777216"
    "memorysetup-job-temp-allocator-block-size=2097152"
    "memorysetup-job-temp-allocator-block-size-background=1048576"
    "memorysetup-job-temp-allocator-reduction-small-platforms=262144"
    "memorysetup-temp-allocator-size-background-worker=32768"
    "memorysetup-temp-allocator-size-job-worker=262144"
    "memorysetup-temp-allocator-size-preload-manager=33554432"
    "memorysetup-temp-allocator-size-nav-mesh-worker=65536"
    "memorysetup-temp-allocator-size-audio-worker=65536"
    "memorysetup-temp-allocator-size-cloud-worker=32768"
    "memorysetup-temp-allocator-size-gi-baking-worker=262144"
    "memorysetup-temp-allocator-size-gfx=262144"
Player connection [2976] Host "[IP] 192.168.31.197 [Port] 0 [Flags] 2 [Guid] 1717799505 [EditorId] 1717799505 [Version] 1048832 [Id] WindowsEditor(7,DS-202405191929) [Debug] 1 [PackageName] WindowsEditor [ProjectName] Editor" joined multi-casting on [225.0.0.222:54997]...

Player connection [2976] Host "[IP] 192.168.31.197 [Port] 0 [Flags] 2 [Guid] 1717799505 [EditorId] 1717799505 [Version] 1048832 [Id] WindowsEditor(7,DS-202405191929) [Debug] 1 [PackageName] WindowsEditor [ProjectName] Editor" joined alternative multi-casting on [225.0.0.222:34997]...

AS: AutoStreaming module initializing.
[Physics::Module] Initialized MultithreadedJobDispatcher with {0} workers.
Refreshing native plugins compatible for Editor in 60.26 ms, found 2 plugins.
Preloading 0 native plugins for Editor in 0.00 ms.
Initialize engine version: 2021.3.41f1c1 (abf9ed549ceb)
[Subsystems] Discovering subsystems at path C:/Program Files/Unity/Hub/Editor/2021.3.41f1c1/Editor/Data/Resources/UnitySubsystems
[Subsystems] Discovering subsystems at path D:/BaiduNetdiskDownload/太空分类/Impostor Sort Puzzle Pro/Assets
GfxDevice: creating device client; threaded=0; jobified=0
Direct3D:
    Version:  Direct3D 11.0 [level 11.1]
    Renderer: NVIDIA GeForce RTX 2060 (ID=0x1f08)
    Vendor:   NVIDIA
    VRAM:     5969 MB
    Driver:   31.0.15.4629
Initialize mono
Mono path[0] = 'C:/Program Files/Unity/Hub/Editor/2021.3.41f1c1/Editor/Data/Managed'
Mono path[1] = 'C:/Program Files/Unity/Hub/Editor/2021.3.41f1c1/Editor/Data/MonoBleedingEdge/lib/mono/unityjit-win32'
Mono config path = 'C:/Program Files/Unity/Hub/Editor/2021.3.41f1c1/Editor/Data/MonoBleedingEdge/etc'
Using monoOptions --debugger-agent=transport=dt_socket,embedding=1,server=y,suspend=n,address=127.0.0.1:56080
Begin MonoManager ReloadAssembly
Registering precompiled unity dll's ...
Register platform support module: C:/Program Files/Unity/Hub/Editor/2021.3.41f1c1/Editor/Data/PlaybackEngines/WebGLSupport/UnityEditor.WebGL.Extensions.dll
Register platform support module: C:/Program Files/Unity/Hub/Editor/2021.3.41f1c1/Editor/Data/PlaybackEngines/AndroidPlayer/UnityEditor.Android.Extensions.dll
Register platform support module: C:/Program Files/Unity/Hub/Editor/2021.3.41f1c1/Editor/Data/PlaybackEngines/WindowsStandaloneSupport/UnityEditor.WindowsStandalone.Extensions.dll
Registered in 0.009684 seconds.
Native extension for WindowsStandalone target not found
Native extension for Android target not found
Android SDK Build-tools component is not found. Make sure all tools are installed in the SDK manager.
UnityEngine.StackTraceUtility:ExtractStackTrace ()
UnityEngine.DebugLogHandler:LogFormat (UnityEngine.LogType,UnityEngine.Object,string,object[])
UnityEngine.Logger:Log (UnityEngine.LogType,object)
UnityEngine.Debug:LogError (object)
UnityEditor.Android.AndroidSDKTools:UpdateToolsDirectories ()
UnityEditor.Android.AndroidSDKTools:.ctor (string)
UnityEditor.Android.AndroidSDKTools:CreateAndroidSDKTools (string)
UnityEditor.Android.AndroidSDKTools:GetInstance<UnityEditor.Android.AndroidSDKTools> (UnityEditor.Android.AndroidSDKTools/InstanceCreator)
UnityEditor.Android.AndroidSDKTools:GetInstance ()
UnityEditor.Android.AndroidDeploymentTargetsExtension:GetMainThreadContext (bool)
UnityEditor.Android.TargetExtension:OnUsbDevicesChanged (UnityEditor.Hardware.UsbDevice[])
UnityEditor.Android.TargetExtension:OnLoad ()
UnityEditor.Modules.ModuleManager:InitializePlatformSupportModules ()

InvalidOperationException: Cannot start process because a file name has not been provided.
  at System.Diagnostics.Process.Start () [0x00024] in <a3c32f2a832547c1bce7833b919abc42>:0 
  at (wrapper remoting-invoke-with-check) System.Diagnostics.Process.Start()
  at UnityEditor.Android.ProgramAsShellExecute.Start (System.Diagnostics.ProcessStartInfo psi) [0x0000e] in <ab639f04fe68482e8095b4649da26631>:0 
  at UnityEditor.Android.Command.RunWithShellExecute (System.String command, System.String args, System.String workingdir, System.String errorMsg) [0x0003e] in <ab639f04fe68482e8095b4649da26631>:0 
  at UnityEditor.Android.ADB.StartServer () [0x00013] in <ab639f04fe68482e8095b4649da26631>:0 
  at UnityEditor.Android.ADB.Run (System.String[] command, UnityEditor.Android.Command+WaitingForProcessToExit waitingForProcessToExit, System.String errorMsg) [0x0000b] in <ab639f04fe68482e8095b4649da26631>:0 
  at UnityEditor.Android.AndroidDeploymentTargetsExtension.GetKnownTargets (UnityEditor.DeploymentTargets.IDeploymentTargetsMainThreadContext context, UnityEditor.ProgressHandler progressHandler) [0x002ae] in <ab639f04fe68482e8095b4649da26631>:0 
  at UnityEditor.Android.TargetScanWorker.ScanSync () [0x00039] in <ab639f04fe68482e8095b4649da26631>:0 
  at UnityEditor.Android.TargetExtension.OnUsbDevicesChanged (UnityEditor.Hardware.UsbDevice[] usbDevices) [0x00081] in <ab639f04fe68482e8095b4649da26631>:0 
  at UnityEditor.Android.TargetExtension.OnLoad () [0x0008d] in <ab639f04fe68482e8095b4649da26631>:0 
  at UnityEditor.Modules.ModuleManager.InitializePlatformSupportModules () [0x0009d] in <814ad583114542d98f219069942d9500>:0 

Refreshing native plugins compatible for Editor in 55.06 ms, found 2 plugins.
Preloading 0 native plugins for Editor in 0.00 ms.
Mono: successfully reloaded assembly
- Completed reload, in  0.941 seconds
Domain Reload Profiling:
	ReloadAssembly (942ms)
		BeginReloadAssembly (126ms)
			ExecutionOrderSort (0ms)
			DisableScriptedObjects (0ms)
			BackupInstance (0ms)
			ReleaseScriptingObjects (0ms)
			CreateAndSetChildDomain (1ms)
		EndReloadAssembly (668ms)
			LoadAssemblies (123ms)
			RebuildTransferFunctionScriptingTraits (0ms)
			SetupTypeCache (164ms)
			ReleaseScriptCaches (0ms)
			RebuildScriptCaches (39ms)
			SetupLoadedEditorAssemblies (404ms)
				LogAssemblyErrors (0ms)
				InitializePlatformSupportModulesInManaged (161ms)
				SetLoadedEditorAssemblies (0ms)
				RefreshPlugins (55ms)
				BeforeProcessingInitializeOnLoad (2ms)
				ProcessInitializeOnLoadAttributes (127ms)
				ProcessInitializeOnLoadMethodAttributes (58ms)
				AfterProcessingInitializeOnLoad (0ms)
				EditorAssembliesLoaded (0ms)
			ExecutionOrderSort2 (0ms)
			AwakeInstancesAfterBackupRestoration (0ms)
Native extension for WindowsStandalone target not found
Native extension for Android target not found
Native extension for WebGL target not found
Registering precompiled user dll's ...
Registered in 0.011290 seconds.
Begin MonoManager ReloadAssembly
Native extension for WindowsStandalone target not found
Native extension for Android target not found
Native extension for WebGL target not found
Refreshing native plugins compatible for Editor in 0.96 ms, found 2 plugins.
Preloading 0 native plugins for Editor in 0.00 ms.
Launched and connected shader compiler UnityShaderCompiler.exe after 0.07 seconds
Package Manager log level set to [2]
[Package Manager] Server::EnsureServerProcessIsRunning -- launch failed, reason: Unity was launched with the -noUpm command-line argument
[Package Manager] Cannot connect to Unity Package Manager local server
[Rider] [Warning] Rider plugin for Unity is present, but Rider executable was not found. Please update 'External Script Editor'.
UnityEngine.StackTraceUtility:ExtractStackTrace ()
UnityEngine.DebugLogHandler:LogFormat (UnityEngine.LogType,UnityEngine.Object,string,object[])
UnityEngine.Logger:Log (UnityEngine.LogType,object)
UnityEngine.Debug:LogWarning (object)
Plugins.Editor.JetBrains.RiderPlugin:Log (Plugins.Editor.JetBrains.RiderPlugin/LoggingLevel,string) (at Assets/Plugins/Editor/JetBrains/Unity3DRider.cs:289)
Plugins.Editor.JetBrains.RiderPlugin:GetDefaultApp () (at Assets/Plugins/Editor/JetBrains/Unity3DRider.cs:351)
Plugins.Editor.JetBrains.RiderPlugin:.cctor () (at Assets/Plugins/Editor/JetBrains/Unity3DRider.cs:394)
System.Runtime.CompilerServices.RuntimeHelpers:RunClassConstructor (System.RuntimeTypeHandle)
UnityEditor.EditorAssemblies:ProcessInitializeOnLoadAttributes (System.Type[])

(Filename: Assets/Plugins/Editor/JetBrains/Unity3DRider.cs Line: 289)

Mono: successfully reloaded assembly
- Completed reload, in  2.136 seconds
Domain Reload Profiling:
	ReloadAssembly (2137ms)
		BeginReloadAssembly (196ms)
			ExecutionOrderSort (0ms)
			DisableScriptedObjects (12ms)
			BackupInstance (0ms)
			ReleaseScriptingObjects (0ms)
			CreateAndSetChildDomain (29ms)
		EndReloadAssembly (1783ms)
			LoadAssemblies (134ms)
			RebuildTransferFunctionScriptingTraits (0ms)
			SetupTypeCache (279ms)
			ReleaseScriptCaches (1ms)
			RebuildScriptCaches (76ms)
			SetupLoadedEditorAssemblies (1277ms)
				LogAssemblyErrors (0ms)
				InitializePlatformSupportModulesInManaged (39ms)
				SetLoadedEditorAssemblies (1ms)
				RefreshPlugins (1ms)
				BeforeProcessingInitializeOnLoad (78ms)
				ProcessInitializeOnLoadAttributes (1090ms)
				ProcessInitializeOnLoadMethodAttributes (53ms)
				AfterProcessingInitializeOnLoad (15ms)
				EditorAssembliesLoaded (0ms)
			ExecutionOrderSort2 (0ms)
			AwakeInstancesAfterBackupRestoration (6ms)
Platform modules already initialized, skipping
========================================================================
Worker process is ready to serve import requests
Refreshing native plugins compatible for Editor in 1.52 ms, found 2 plugins.
Preloading 0 native plugins for Editor in 0.00 ms.
Unloading 2160 Unused Serialized files (Serialized files now loaded: 0)
Unloading 123 unused Assets / (1.5 MB). Loaded Objects now: 2580.
Memory consumption went from 139.6 MB to 138.1 MB.
Total: 7.963700 ms (FindLiveObjects: 0.262200 ms CreateObjectMapping: 0.123100 ms MarkObjects: 5.520300 ms  DeleteObjects: 2.056800 ms)

AssetImportParameters requested are different than current active one (requested -> active):
  custom:video-decoder-ogg-theora: a1e56fd34408186e4bbccfd4996cb3dc -> 
  custom:container-muxer-webm: aa71ff27fc2769a1b78a27578f13a17b -> 
  custom:container-demuxer-webm: 4f35f7cbe854078d1ac9338744f61a02 -> 
  custom:video-encoder-webm-vp8: eb34c28f22e8b96e1ab97ce403110664 -> 
  custom:CustomObjectIndexerAttribute: bc11b3a6c3213fcdd17b65e7da85e133 -> 
  custom:audio-encoder-webm-vorbis: bf7c407c2cedff20999df2af8eb42d56 -> 
  custom:framework-win-MediaFoundation: 216162199b28c13a410421893ffa2e32 -> 
  custom:SearchIndexIgnoredProperties: e643bd26f0fe6173181afceb89e7c659 -> 
  custom:container-demuxer-ogg: 62fdf1f143b41e24485cea50d1cbac27 -> 
  custom:video-decoder-webm-vp8: 9c59270c3fd7afecdb556c50c9e8de78 -> 
  custom:audio-decoder-ogg-vorbis: bf7c407c2cedff20999df2af8eb42d56 -> 
========================================================================
Received Import Request.
  Time since last request: 14182.578671 seconds.
  path: Assets/_Impostor 3/Arts/Prefabs/GreenSkin.mat
  artifactKey: Guid(c9182b361ef18a943a593744a8bac636) Importer(815301076,1909f56bfc062723c751e8b465ee728b)
Number of updated assets reloaded before import = 0
Start importing Assets/_Impostor 3/Arts/Prefabs/GreenSkin.mat using Guid(c9182b361ef18a943a593744a8bac636) Importer(815301076,1909f56bfc062723c751e8b465ee728b)  -> (artifact id: '31e20913c8ec1eba67acc6a5a34697a1') in 0.463249 seconds 
Number of asset objects unloaded after import = 1
========================================================================
Received Import Request.
  Time since last request: 0.052484 seconds.
  path: Assets/Spine Examples/Spine Skeletons/Spineunitygirl/Doi_Material.mat
  artifactKey: Guid(2745674eb28031e499ac70ef825b153e) Importer(815301076,1909f56bfc062723c751e8b465ee728b)
Number of updated assets reloaded before import = 0
Start importing Assets/Spine Examples/Spine Skeletons/Spineunitygirl/Doi_Material.mat using Guid(2745674eb28031e499ac70ef825b153e) Importer(815301076,1909f56bfc062723c751e8b465ee728b)  -> (artifact id: '74307c3c43c60c49b87c88b93db719c1') in 0.017477 seconds 
Number of asset objects unloaded after import = 2
========================================================================
Received Import Request.
  Time since last request: 103.395953 seconds.
  path: Assets/_Impostor 3/Arts/Impostor/imposter_sit_black.png
  artifactKey: Guid(a83bb45f32b9efe40afbfede1c8422b5) Importer(815301076,1909f56bfc062723c751e8b465ee728b)
Number of updated assets reloaded before import = 0
Start importing Assets/_Impostor 3/Arts/Impostor/imposter_sit_black.png using Guid(a83bb45f32b9efe40afbfede1c8422b5) Importer(815301076,1909f56bfc062723c751e8b465ee728b)  -> (artifact id: 'a72970b46632c548f819ddac2b877d6a') in 0.064749 seconds 
Number of asset objects unloaded after import = 3
========================================================================
Received Import Request.
  Time since last request: 0.000018 seconds.
  path: Assets/_Impostor 3/Arts/Impostor/imposter_sit_green.png
  artifactKey: Guid(fb6dac70ea0834f45a4bae668385de9f) Importer(815301076,1909f56bfc062723c751e8b465ee728b)
Number of updated assets reloaded before import = 0
Start importing Assets/_Impostor 3/Arts/Impostor/imposter_sit_green.png using Guid(fb6dac70ea0834f45a4bae668385de9f) Importer(815301076,1909f56bfc062723c751e8b465ee728b)  -> (artifact id: 'f989cfa1abff121b77b47cfc31b9e2df') in 0.011039 seconds 
Number of asset objects unloaded after import = 3
========================================================================
Received Import Request.
  Time since last request: 0.000018 seconds.
  path: Assets/_Impostor 3/Arts/Impostor/imposter_sit_brown.png
  artifactKey: Guid(cab570e81d49b3049b5ba2ae60e785dc) Importer(815301076,1909f56bfc062723c751e8b465ee728b)
Number of updated assets reloaded before import = 0
Start importing Assets/_Impostor 3/Arts/Impostor/imposter_sit_brown.png using Guid(cab570e81d49b3049b5ba2ae60e785dc) Importer(815301076,1909f56bfc062723c751e8b465ee728b)  -> (artifact id: '9640504da4cf9ec5a819592e03024a32') in 0.012812 seconds 
Number of asset objects unloaded after import = 3
========================================================================
Received Import Request.
  Time since last request: 1.405127 seconds.
  path: Assets/_Impostor 3/Arts/Impostor/imposter_sit_white.png
  artifactKey: Guid(efa94073ab9288d47825c1d06e40838d) Importer(815301076,1909f56bfc062723c751e8b465ee728b)
Number of updated assets reloaded before import = 0
Start importing Assets/_Impostor 3/Arts/Impostor/imposter_sit_white.png using Guid(efa94073ab9288d47825c1d06e40838d) Importer(815301076,1909f56bfc062723c751e8b465ee728b)  -> (artifact id: '4e6fd07491499f184e67cce7298f0d74') in 0.023008 seconds 
Number of asset objects unloaded after import = 3
========================================================================
Received Import Request.
  Time since last request: 0.000023 seconds.
  path: Assets/_Impostor 3/Arts/Impostor/imposter_stan_black.png
  artifactKey: Guid(0fca6617b60393e4d80936a2b5427fdd) Importer(815301076,1909f56bfc062723c751e8b465ee728b)
Number of updated assets reloaded before import = 0
Start importing Assets/_Impostor 3/Arts/Impostor/imposter_stan_black.png using Guid(0fca6617b60393e4d80936a2b5427fdd) Importer(815301076,1909f56bfc062723c751e8b465ee728b)  -> (artifact id: '50ade8849d0bd09b851eeed4fb02bc5b') in 0.011839 seconds 
Number of asset objects unloaded after import = 3
========================================================================
Received Import Request.
  Time since last request: 0.007709 seconds.
  path: Assets/_Impostor 3/Arts/Impostor/imposter_stan_brown.png
  artifactKey: Guid(e3df9ab14feea1046992020bd86c5953) Importer(815301076,1909f56bfc062723c751e8b465ee728b)
Number of updated assets reloaded before import = 0
Start importing Assets/_Impostor 3/Arts/Impostor/imposter_stan_brown.png using Guid(e3df9ab14feea1046992020bd86c5953) Importer(815301076,1909f56bfc062723c751e8b465ee728b)  -> (artifact id: 'baa320a4321876b583b4e8e4a111748e') in 0.011425 seconds 
Number of asset objects unloaded after import = 3
========================================================================
Received Import Request.
  Time since last request: 0.007560 seconds.
  path: Assets/_Impostor 3/Arts/Impostor/imposter_stan_orange.png
  artifactKey: Guid(0318d420c04facc47aef472ba0fc7918) Importer(815301076,1909f56bfc062723c751e8b465ee728b)
Number of updated assets reloaded before import = 0
Start importing Assets/_Impostor 3/Arts/Impostor/imposter_stan_orange.png using Guid(0318d420c04facc47aef472ba0fc7918) Importer(815301076,1909f56bfc062723c751e8b465ee728b)  -> (artifact id: '4d455c10e449161624bc4e57ea51e511') in 0.012727 seconds 
Number of asset objects unloaded after import = 3
========================================================================
Received Import Request.
  Time since last request: 0.223083 seconds.
  path: Assets/_Impostor 3/Arts/Impostor/imposter_stan_purple.png
  artifactKey: Guid(7f71098390abfca4da97705fdb3fd681) Importer(815301076,1909f56bfc062723c751e8b465ee728b)
Number of updated assets reloaded before import = 0
Start importing Assets/_Impostor 3/Arts/Impostor/imposter_stan_purple.png using Guid(7f71098390abfca4da97705fdb3fd681) Importer(815301076,1909f56bfc062723c751e8b465ee728b)  -> (artifact id: '4ee0a8f9253d3e8891da8bb7850fa39f') in 0.025710 seconds 
Number of asset objects unloaded after import = 3
========================================================================
Received Import Request.
  Time since last request: 0.000020 seconds.
  path: Assets/_Impostor 3/Arts/Impostor/imposter_stan_red.png
  artifactKey: Guid(365817cd2571daf48827cda1f27e2324) Importer(815301076,1909f56bfc062723c751e8b465ee728b)
Number of updated assets reloaded before import = 0
Start importing Assets/_Impostor 3/Arts/Impostor/imposter_stan_red.png using Guid(365817cd2571daf48827cda1f27e2324) Importer(815301076,1909f56bfc062723c751e8b465ee728b)  -> (artifact id: '26631ebbdacfa573e0ffd605924167cb') in 0.014198 seconds 
Number of asset objects unloaded after import = 3
========================================================================
Received Import Request.
  Time since last request: 0.008927 seconds.
  path: Assets/_Impostor 3/Arts/Backgrounds/invisible.png
  artifactKey: Guid(35c5494c747954a469ae2f5c88a2266e) Importer(815301076,1909f56bfc062723c751e8b465ee728b)
Number of updated assets reloaded before import = 0
Start importing Assets/_Impostor 3/Arts/Backgrounds/invisible.png using Guid(35c5494c747954a469ae2f5c88a2266e) Importer(815301076,1909f56bfc062723c751e8b465ee728b)  -> (artifact id: '4b2c94f174f99ed4d20ebc9e1dbfd765') in 0.029969 seconds 
Number of asset objects unloaded after import = 3
========================================================================
Received Import Request.
  Time since last request: 0.229350 seconds.
  path: Assets/ThirdParties/CodeStage/AntiCheatToolkit/Editor/Textures/ForBright/Logo.png
  artifactKey: Guid(ab8f2446b2b4f0e4fba38f888517d7fd) Importer(815301076,1909f56bfc062723c751e8b465ee728b)
Number of updated assets reloaded before import = 0
Start importing Assets/ThirdParties/CodeStage/AntiCheatToolkit/Editor/Textures/ForBright/Logo.png using Guid(ab8f2446b2b4f0e4fba38f888517d7fd) Importer(815301076,1909f56bfc062723c751e8b465ee728b)  -> (artifact id: '5315e60a8988a9505007b02fa0d3161b') in 0.008955 seconds 
Number of asset objects unloaded after import = 2
========================================================================
Received Import Request.
  Time since last request: 0.010888 seconds.
  path: Assets/ThirdParties/CodeStage/AntiCheatToolkit/Editor/Textures/ForDark/Logo.png
  artifactKey: Guid(99edeaaa0eabb3c4b879f5515c702398) Importer(815301076,1909f56bfc062723c751e8b465ee728b)
Number of updated assets reloaded before import = 0
Start importing Assets/ThirdParties/CodeStage/AntiCheatToolkit/Editor/Textures/ForDark/Logo.png using Guid(99edeaaa0eabb3c4b879f5515c702398) Importer(815301076,1909f56bfc062723c751e8b465ee728b)  -> (artifact id: 'a20d71d67e0858f62d87878f8b3228ec') in 0.008554 seconds 
Number of asset objects unloaded after import = 2
========================================================================
Received Import Request.
  Time since last request: 0.000022 seconds.
  path: Assets/ThirdParties/CodeStage/AntiCheatToolkit/Editor/Textures/ForDark/Icons/Manual.png
  artifactKey: Guid(83751b678ac01e540b47cafc4e82dd20) Importer(815301076,1909f56bfc062723c751e8b465ee728b)
Number of updated assets reloaded before import = 0
Start importing Assets/ThirdParties/CodeStage/AntiCheatToolkit/Editor/Textures/ForDark/Icons/Manual.png using Guid(83751b678ac01e540b47cafc4e82dd20) Importer(815301076,1909f56bfc062723c751e8b465ee728b)  -> (artifact id: '9ea9458dafa552b89b86ac17346bab92') in 0.008299 seconds 
Number of asset objects unloaded after import = 2
========================================================================
Received Import Request.
  Time since last request: 0.009831 seconds.
  path: Assets/ThirdParties/CodeStage/AntiCheatToolkit/Editor/Textures/ForBright/Icons/Manual.png
  artifactKey: Guid(9aae83a07b8e94f44ba4ce6a8e06395d) Importer(815301076,1909f56bfc062723c751e8b465ee728b)
Number of updated assets reloaded before import = 0
Start importing Assets/ThirdParties/CodeStage/AntiCheatToolkit/Editor/Textures/ForBright/Icons/Manual.png using Guid(9aae83a07b8e94f44ba4ce6a8e06395d) Importer(815301076,1909f56bfc062723c751e8b465ee728b)  -> (artifact id: 'da828209e6e6a7fa4d69f2a191dc02bb') in 0.005951 seconds 
Number of asset objects unloaded after import = 2
========================================================================
Received Import Request.
  Time since last request: 0.000018 seconds.
  path: Assets/_Impostor 3/Arts/GUI/map.png
  artifactKey: Guid(867d656b1f61c394ca1bac0d894b2ced) Importer(815301076,1909f56bfc062723c751e8b465ee728b)
Number of updated assets reloaded before import = 0
Start importing Assets/_Impostor 3/Arts/GUI/map.png using Guid(867d656b1f61c394ca1bac0d894b2ced) Importer(815301076,1909f56bfc062723c751e8b465ee728b)  -> (artifact id: '35487ca1d52a312afe7964ea55368b7b') in 0.025250 seconds 
Number of asset objects unloaded after import = 3
========================================================================
Received Import Request.
  Time since last request: 0.141909 seconds.
  path: Assets/_Impostor 3/Arts/GUI/noun_Hand.png
  artifactKey: Guid(f86057c87c28e16429a5048cf618b25a) Importer(815301076,1909f56bfc062723c751e8b465ee728b)
Number of updated assets reloaded before import = 0
Start importing Assets/_Impostor 3/Arts/GUI/noun_Hand.png using Guid(f86057c87c28e16429a5048cf618b25a) Importer(815301076,1909f56bfc062723c751e8b465ee728b)  -> (artifact id: 'b28ced36a59dd906dd118250eef42407') in 0.016641 seconds 
Number of asset objects unloaded after import = 3
========================================================================
Received Import Request.
  Time since last request: 0.003827 seconds.
  path: Assets/Spine Examples/Images/outline-shaders-heading.png
  artifactKey: Guid(de1fb4dac677a6d45ae2ad12a49091c0) Importer(815301076,1909f56bfc062723c751e8b465ee728b)
Number of updated assets reloaded before import = 0
Start importing Assets/Spine Examples/Images/outline-shaders-heading.png using Guid(de1fb4dac677a6d45ae2ad12a49091c0) Importer(815301076,1909f56bfc062723c751e8b465ee728b)  -> (artifact id: '9adfb58aa223b292001073a58997bc45') in 0.025801 seconds 
Number of asset objects unloaded after import = 3
========================================================================
Received Import Request.
  Time since last request: 0.000016 seconds.
  path: Assets/ThirdParties/Gizmos/PlayMakerGlobals Icon.tiff
  artifactKey: Guid(846171814b98d1d48afa7805037eb0bc) Importer(815301076,1909f56bfc062723c751e8b465ee728b)
Number of updated assets reloaded before import = 0
Start importing Assets/ThirdParties/Gizmos/PlayMakerGlobals Icon.tiff using Guid(846171814b98d1d48afa7805037eb0bc) Importer(815301076,1909f56bfc062723c751e8b465ee728b)  -> (artifact id: '7a3913c61f5e7740874ac092601e3cd5') in 0.009723 seconds 
Number of asset objects unloaded after import = 2
========================================================================
Received Import Request.
  Time since last request: 0.003498 seconds.
  path: Assets/ThirdParties/Gizmos/PlaymakerIcon.tiff
  artifactKey: Guid(dd021173169ae0c45840a63894bc27c0) Importer(815301076,1909f56bfc062723c751e8b465ee728b)
Number of updated assets reloaded before import = 0
Start importing Assets/ThirdParties/Gizmos/PlaymakerIcon.tiff using Guid(dd021173169ae0c45840a63894bc27c0) Importer(815301076,1909f56bfc062723c751e8b465ee728b)  -> (artifact id: '8f02ad548b056ea8bcb2668255dc67e2') in 0.006869 seconds 
Number of asset objects unloaded after import = 2
========================================================================
Received Import Request.
  Time since last request: 0.163527 seconds.
  path: Assets/ThirdParties/Spine/Editor/spine-unity/Editor/ImporterPresets/PMAPresetTemplate.png
  artifactKey: Guid(77f055f38c1115f42a2df16b0428c4e6) Importer(815301076,1909f56bfc062723c751e8b465ee728b)
Number of updated assets reloaded before import = 0
Start importing Assets/ThirdParties/Spine/Editor/spine-unity/Editor/ImporterPresets/PMAPresetTemplate.png using Guid(77f055f38c1115f42a2df16b0428c4e6) Importer(815301076,1909f56bfc062723c751e8b465ee728b)  -> (artifact id: 'ff162eac1596a53c2b2ba7aec8a4d325') in 0.013810 seconds 
Number of asset objects unloaded after import = 2
========================================================================
Received Import Request.
  Time since last request: 0.014175 seconds.
  path: Assets/ThirdParties/Gizmos/ProCamera2D/pro_camera_2d_plugin_icon.png
  artifactKey: Guid(06630250d7ee2470285f59775795b437) Importer(815301076,1909f56bfc062723c751e8b465ee728b)
Number of updated assets reloaded before import = 0
Start importing Assets/ThirdParties/Gizmos/ProCamera2D/pro_camera_2d_plugin_icon.png using Guid(06630250d7ee2470285f59775795b437) Importer(815301076,1909f56bfc062723c751e8b465ee728b)  -> (artifact id: '5f13103edada20f6447c4022789720cc') in 0.011478 seconds 
Number of asset objects unloaded after import = 2
========================================================================
Received Import Request.
  Time since last request: 0.015464 seconds.
  path: Assets/Spine Examples/Spine Skeletons/Raggedy Spineboy/Raggedy Spineboy.png
  artifactKey: Guid(b29bbacbc2368c94a9c942d176ac6f59) Importer(815301076,1909f56bfc062723c751e8b465ee728b)
Number of updated assets reloaded before import = 0
Start importing Assets/Spine Examples/Spine Skeletons/Raggedy Spineboy/Raggedy Spineboy.png using Guid(b29bbacbc2368c94a9c942d176ac6f59) Importer(815301076,1909f56bfc062723c751e8b465ee728b)  -> (artifact id: 'dad516fd56aa0ea62c31d50aedc9ea08') in 0.010641 seconds 
Number of asset objects unloaded after import = 2
========================================================================
Received Import Request.
  Time since last request: 0.208283 seconds.
  path: Assets/Spine Examples/Spine Skeletons/raptor-pro-and-mask/raptor-pma.png
  artifactKey: Guid(c1a5fbc2700be764fa3c6c44b2ed67a0) Importer(815301076,1909f56bfc062723c751e8b465ee728b)
Number of updated assets reloaded before import = 0
Start importing Assets/Spine Examples/Spine Skeletons/raptor-pro-and-mask/raptor-pma.png using Guid(c1a5fbc2700be764fa3c6c44b2ed67a0) Importer(815301076,1909f56bfc062723c751e8b465ee728b)  -> (artifact id: 'ad905b0138afb272e415ae0e9c7cd8c4') in 0.013828 seconds 
Number of asset objects unloaded after import = 2
========================================================================
Received Import Request.
  Time since last request: 0.003612 seconds.
  path: Assets/ThirdParties/Spine/Editor/spine-unity/Editor/GUI/SkeletonDataAsset Icon.png
  artifactKey: Guid(68defdbc95b30a74a9ad396bfc9a2277) Importer(815301076,1909f56bfc062723c751e8b465ee728b)
Number of updated assets reloaded before import = 0
Start importing Assets/ThirdParties/Spine/Editor/spine-unity/Editor/GUI/SkeletonDataAsset Icon.png using Guid(68defdbc95b30a74a9ad396bfc9a2277) Importer(815301076,1909f56bfc062723c751e8b465ee728b)  -> (artifact id: '0dc9e5c8738b05caf93146576acce8c3') in 0.006114 seconds 
Number of asset objects unloaded after import = 2
========================================================================
Received Import Request.
  Time since last request: 0.001073 seconds.
  path: Assets/Spine Examples/Spine Skeletons/spineboy-pro/spineboy-pro.png
  artifactKey: Guid(4ea2c33e839afb34c98f66e892b3b2d2) Importer(815301076,1909f56bfc062723c751e8b465ee728b)
Number of updated assets reloaded before import = 0
Start importing Assets/Spine Examples/Spine Skeletons/spineboy-pro/spineboy-pro.png using Guid(4ea2c33e839afb34c98f66e892b3b2d2) Importer(815301076,1909f56bfc062723c751e8b465ee728b)  -> (artifact id: 'ccdb3f6cb00a353a044d31a2784c6497') in 0.011930 seconds 
Number of asset objects unloaded after import = 2
========================================================================
Received Import Request.
  Time since last request: 0.031067 seconds.
  path: Assets/Spine Examples/Spine Skeletons/square32.png
  artifactKey: Guid(718074e4e56a5404e824bf8e6571ea7d) Importer(815301076,1909f56bfc062723c751e8b465ee728b)
Number of updated assets reloaded before import = 0
Start importing Assets/Spine Examples/Spine Skeletons/square32.png using Guid(718074e4e56a5404e824bf8e6571ea7d) Importer(815301076,1909f56bfc062723c751e8b465ee728b)  -> (artifact id: '1b838d6718811f421245d6d33b6c7b81') in 0.009071 seconds 
Number of asset objects unloaded after import = 3
========================================================================
Received Import Request.
  Time since last request: 0.167463 seconds.
  path: Assets/Plugins/Demigiant/DemiLib/Core/Editor/Imgs/squareBorderAlpha15.png
  artifactKey: Guid(dfd33662d9f6f3849bd92f6e159ca226) Importer(815301076,1909f56bfc062723c751e8b465ee728b)
Number of updated assets reloaded before import = 0
Start importing Assets/Plugins/Demigiant/DemiLib/Core/Editor/Imgs/squareBorderAlpha15.png using Guid(dfd33662d9f6f3849bd92f6e159ca226) Importer(815301076,1909f56bfc062723c751e8b465ee728b)  -> (artifact id: 'd8fd80b46df0dc2f479f6eeb8a4903f6') in 0.008461 seconds 
Number of asset objects unloaded after import = 2
========================================================================
Received Import Request.
  Time since last request: 0.029316 seconds.
  path: Assets/Plugins/Demigiant/DemiLib/Core/Editor/Imgs/squareBorderCurved02.png
  artifactKey: Guid(ff88be84254fb1f4b9a81a27ae0b2e81) Importer(815301076,1909f56bfc062723c751e8b465ee728b)
Number of updated assets reloaded before import = 0
Start importing Assets/Plugins/Demigiant/DemiLib/Core/Editor/Imgs/squareBorderCurved02.png using Guid(ff88be84254fb1f4b9a81a27ae0b2e81) Importer(815301076,1909f56bfc062723c751e8b465ee728b)  -> (artifact id: '207df0b42bebb600290a677010359a1a') in 0.007943 seconds 
Number of asset objects unloaded after import = 2
========================================================================
Received Import Request.
  Time since last request: 0.000022 seconds.
  path: Assets/Plugins/Demigiant/DemiLib/Core/Editor/Imgs/squareBorderCurved02_darkBorders.png
  artifactKey: Guid(e3ae01f12865ad54ba365963bda55759) Importer(815301076,1909f56bfc062723c751e8b465ee728b)
Number of updated assets reloaded before import = 0
Start importing Assets/Plugins/Demigiant/DemiLib/Core/Editor/Imgs/squareBorderCurved02_darkBorders.png using Guid(e3ae01f12865ad54ba365963bda55759) Importer(815301076,1909f56bfc062723c751e8b465ee728b)  -> (artifact id: '9c8320afc63fe513fd921ad7e3442d23') in 0.007378 seconds 
Number of asset objects unloaded after import = 2
========================================================================
Received Import Request.
  Time since last request: 0.210520 seconds.
  path: Assets/Plugins/Demigiant/DemiLib/Core/Editor/Imgs/squareBorderCurvedAlpha.png
  artifactKey: Guid(a1606d34a052ed3449da93edd229743e) Importer(815301076,1909f56bfc062723c751e8b465ee728b)
Number of updated assets reloaded before import = 0
Start importing Assets/Plugins/Demigiant/DemiLib/Core/Editor/Imgs/squareBorderCurvedAlpha.png using Guid(a1606d34a052ed3449da93edd229743e) Importer(815301076,1909f56bfc062723c751e8b465ee728b)  -> (artifact id: 'a77d5541cc8649791ba256c8418548ab') in 0.006261 seconds 
Number of asset objects unloaded after import = 2
========================================================================
Received Import Request.
  Time since last request: 0.008328 seconds.
  path: Assets/Plugins/Demigiant/DemiLib/Core/Editor/Imgs/squareBorderCurvedEmpty02.png
  artifactKey: Guid(7d504312fad10f040b95bd8836dc6fc6) Importer(815301076,1909f56bfc062723c751e8b465ee728b)
Number of updated assets reloaded before import = 0
Start importing Assets/Plugins/Demigiant/DemiLib/Core/Editor/Imgs/squareBorderCurvedEmpty02.png using Guid(7d504312fad10f040b95bd8836dc6fc6) Importer(815301076,1909f56bfc062723c751e8b465ee728b)  -> (artifact id: '45962645bbdf41dee72f135325d24774') in 0.005950 seconds 
Number of asset objects unloaded after import = 2
========================================================================
Received Import Request.
  Time since last request: 0.020789 seconds.
  path: Assets/Plugins/Demigiant/DemiLib/Core/Editor/Imgs/squareBorderEmpty.png
  artifactKey: Guid(8db54efcce998554c86b796b37a7cdfa) Importer(815301076,1909f56bfc062723c751e8b465ee728b)
Number of updated assets reloaded before import = 0
Start importing Assets/Plugins/Demigiant/DemiLib/Core/Editor/Imgs/squareBorderEmpty.png using Guid(8db54efcce998554c86b796b37a7cdfa) Importer(815301076,1909f56bfc062723c751e8b465ee728b)  -> (artifact id: 'bbc77fa971d01d28ad71de1c47643efd') in 0.013200 seconds 
Number of asset objects unloaded after import = 2
========================================================================
Received Import Request.
  Time since last request: 0.023028 seconds.
  path: Assets/Plugins/Demigiant/DemiLib/Core/Editor/Imgs/squareBorderEmpty02.png
  artifactKey: Guid(29b0e8156f6fb774faf129c83bc9ee33) Importer(815301076,1909f56bfc062723c751e8b465ee728b)
Number of updated assets reloaded before import = 0
Start importing Assets/Plugins/Demigiant/DemiLib/Core/Editor/Imgs/squareBorderEmpty02.png using Guid(29b0e8156f6fb774faf129c83bc9ee33) Importer(815301076,1909f56bfc062723c751e8b465ee728b)  -> (artifact id: '65ff7dca5c3a9f38d1e526b68c0c9654') in 0.006326 seconds 
Number of asset objects unloaded after import = 2
========================================================================
Received Import Request.
  Time since last request: 0.010679 seconds.
  path: Assets/Plugins/Demigiant/DemiLib/Core/Editor/Imgs/squareBorderThickEmpty.png
  artifactKey: Guid(c456d5ac01d2aa843a63985497b04931) Importer(815301076,1909f56bfc062723c751e8b465ee728b)
Number of updated assets reloaded before import = 0
Start importing Assets/Plugins/Demigiant/DemiLib/Core/Editor/Imgs/squareBorderThickEmpty.png using Guid(c456d5ac01d2aa843a63985497b04931) Importer(815301076,1909f56bfc062723c751e8b465ee728b)  -> (artifact id: 'd39bd1473e88a20640037aeaa67e7b76') in 0.008230 seconds 
Number of asset objects unloaded after import = 2
========================================================================
Received Import Request.
  Time since last request: 41.717408 seconds.
  path: Assets/ThirdParties/Spine/Editor/spine-unity/Editor/GUI/icon-weights.png
  artifactKey: Guid(0b1bcb09fa228d049ba3c9ea6a57e1ee) Importer(815301076,1909f56bfc062723c751e8b465ee728b)
Number of updated assets reloaded before import = 0
Start importing Assets/ThirdParties/Spine/Editor/spine-unity/Editor/GUI/icon-weights.png using Guid(0b1bcb09fa228d049ba3c9ea6a57e1ee) Importer(815301076,1909f56bfc062723c751e8b465ee728b)  -> (artifact id: '52b9f802ae7e859d62beeff97852fc4b') in 0.013558 seconds 
Number of asset objects unloaded after import = 2
========================================================================
Received Import Request.
  Time since last request: 0.209176 seconds.
  path: Assets/ThirdParties/Spine/Editor/spine-unity/Editor/GUI/icon-subMeshRenderer.png
  artifactKey: Guid(f31c0c0d608e8ba4f9a1afb032092287) Importer(815301076,1909f56bfc062723c751e8b465ee728b)
Number of updated assets reloaded before import = 0
Start importing Assets/ThirdParties/Spine/Editor/spine-unity/Editor/GUI/icon-subMeshRenderer.png using Guid(f31c0c0d608e8ba4f9a1afb032092287) Importer(815301076,1909f56bfc062723c751e8b465ee728b)  -> (artifact id: 'a23ee53706d440ec327abcf19ee0269a') in 0.005880 seconds 
Number of asset objects unloaded after import = 2
========================================================================
Received Import Request.
  Time since last request: 0.028634 seconds.
  path: Assets/ThirdParties/Spine/Editor/spine-unity/Editor/GUI/icon-slotRoot.png
  artifactKey: Guid(4a1646cf39026224c85ecba92d7d6948) Importer(815301076,1909f56bfc062723c751e8b465ee728b)
Number of updated assets reloaded before import = 0
Start importing Assets/ThirdParties/Spine/Editor/spine-unity/Editor/GUI/icon-slotRoot.png using Guid(4a1646cf39026224c85ecba92d7d6948) Importer(815301076,1909f56bfc062723c751e8b465ee728b)  -> (artifact id: '642c228ce6556f69f2ba00767e888ac1') in 0.008256 seconds 
Number of asset objects unloaded after import = 2
========================================================================
Received Import Request.
  Time since last request: 0.025738 seconds.
  path: Assets/ThirdParties/Spine/Editor/spine-unity/Editor/GUI/icon-skinsRoot.png
  artifactKey: Guid(8bd14c7643597a74ba2edc10a5e4c4ed) Importer(815301076,1909f56bfc062723c751e8b465ee728b)
Number of updated assets reloaded before import = 0
Start importing Assets/ThirdParties/Spine/Editor/spine-unity/Editor/GUI/icon-skinsRoot.png using Guid(8bd14c7643597a74ba2edc10a5e4c4ed) Importer(815301076,1909f56bfc062723c751e8b465ee728b)  -> (artifact id: '186825f8d4075e29a6446e67197317ff') in 0.009956 seconds 
Number of asset objects unloaded after import = 2
========================================================================
Received Import Request.
  Time since last request: 0.190948 seconds.
  path: Assets/ThirdParties/Spine/Editor/spine-unity/Editor/GUI/icon-skin.png
  artifactKey: Guid(bfd9f3d2607e9e44c97384d7575a17dc) Importer(815301076,1909f56bfc062723c751e8b465ee728b)
Number of updated assets reloaded before import = 0
Start importing Assets/ThirdParties/Spine/Editor/spine-unity/Editor/GUI/icon-skin.png using Guid(bfd9f3d2607e9e44c97384d7575a17dc) Importer(815301076,1909f56bfc062723c751e8b465ee728b)  -> (artifact id: '718295d97aa1f0ec32cdccf5b6c65058') in 0.007811 seconds 
Number of asset objects unloaded after import = 2
========================================================================
Received Import Request.
  Time since last request: 0.025754 seconds.
  path: Assets/ThirdParties/Spine/Editor/spine-unity/Editor/GUI/icon-skeleton.png
  artifactKey: Guid(f2216037084d99d4481810cb521ed96f) Importer(815301076,1909f56bfc062723c751e8b465ee728b)
Number of updated assets reloaded before import = 0
Start importing Assets/ThirdParties/Spine/Editor/spine-unity/Editor/GUI/icon-skeleton.png using Guid(f2216037084d99d4481810cb521ed96f) Importer(815301076,1909f56bfc062723c751e8b465ee728b)  -> (artifact id: '3051515a7c0fd813496c896646890190') in 0.009941 seconds 
Number of asset objects unloaded after import = 2
========================================================================
Received Import Request.
  Time since last request: 0.248157 seconds.
  path: Assets/ThirdParties/Spine/Editor/spine-unity/Editor/GUI/icon-null.png
  artifactKey: Guid(d1de1604dfe4cb64c9d31246a8e43c78) Importer(815301076,1909f56bfc062723c751e8b465ee728b)
Number of updated assets reloaded before import = 0
Start importing Assets/ThirdParties/Spine/Editor/spine-unity/Editor/GUI/icon-null.png using Guid(d1de1604dfe4cb64c9d31246a8e43c78) Importer(815301076,1909f56bfc062723c751e8b465ee728b)  -> (artifact id: 'c64c5b29e1119803611bfc66b37ef514') in 0.013047 seconds 
Number of asset objects unloaded after import = 2
========================================================================
Received Import Request.
  Time since last request: 0.003783 seconds.
  path: Assets/ThirdParties/Spine/Editor/spine-unity/Editor/GUI/icon-image.png
  artifactKey: Guid(2b3a6f35bbaa8414eb51a344743ee641) Importer(815301076,1909f56bfc062723c751e8b465ee728b)
Number of updated assets reloaded before import = 0
Start importing Assets/ThirdParties/Spine/Editor/spine-unity/Editor/GUI/icon-image.png using Guid(2b3a6f35bbaa8414eb51a344743ee641) Importer(815301076,1909f56bfc062723c751e8b465ee728b)  -> (artifact id: '4fd569f71edb4c2c4396c6d0e8c4996f') in 0.007827 seconds 
Number of asset objects unloaded after import = 2
========================================================================
Received Import Request.
  Time since last request: 0.028640 seconds.
  path: Assets/ThirdParties/Spine/Editor/spine-unity/Editor/GUI/icon-event.png
  artifactKey: Guid(d226a80acc775714aa78b85e16a00e9b) Importer(815301076,1909f56bfc062723c751e8b465ee728b)
Number of updated assets reloaded before import = 0
Start importing Assets/ThirdParties/Spine/Editor/spine-unity/Editor/GUI/icon-event.png using Guid(d226a80acc775714aa78b85e16a00e9b) Importer(815301076,1909f56bfc062723c751e8b465ee728b)  -> (artifact id: '0d76bc2ba9baf75c0387a468eb64f5d7') in 0.006475 seconds 
Number of asset objects unloaded after import = 2
========================================================================
Received Import Request.
  Time since last request: 0.001720 seconds.
  path: Assets/ThirdParties/Spine/Editor/spine-unity/Editor/GUI/icon-constraints.png
  artifactKey: Guid(ed0736a1eb519ef42b4892d1db2426b3) Importer(815301076,1909f56bfc062723c751e8b465ee728b)
Number of updated assets reloaded before import = 0
Start importing Assets/ThirdParties/Spine/Editor/spine-unity/Editor/GUI/icon-constraints.png using Guid(ed0736a1eb519ef42b4892d1db2426b3) Importer(815301076,1909f56bfc062723c751e8b465ee728b)  -> (artifact id: 'd4d1d9f8f4c542049203cf1c0decbbf4') in 0.006774 seconds 
Number of asset objects unloaded after import = 2
========================================================================
Received Import Request.
  Time since last request: 0.208061 seconds.
  path: Assets/ThirdParties/Spine/Editor/spine-unity/Editor/GUI/icon-constraintNib.png
  artifactKey: Guid(de1a4f5ad4bdf1a4ea072c4d59ba87d8) Importer(815301076,1909f56bfc062723c751e8b465ee728b)
Number of updated assets reloaded before import = 0
Start importing Assets/ThirdParties/Spine/Editor/spine-unity/Editor/GUI/icon-constraintNib.png using Guid(de1a4f5ad4bdf1a4ea072c4d59ba87d8) Importer(815301076,1909f56bfc062723c751e8b465ee728b)  -> (artifact id: 'c9b4e5efde099656422aebc3a1c71099') in 0.009083 seconds 
Number of asset objects unloaded after import = 2
========================================================================
Received Import Request.
  Time since last request: 0.028967 seconds.
  path: Assets/ThirdParties/Spine/Editor/spine-unity/Editor/GUI/icon-clipping.png
  artifactKey: Guid(f5fff1b5caee03642ab77c9984b4bb6a) Importer(815301076,1909f56bfc062723c751e8b465ee728b)
Number of updated assets reloaded before import = 0
Start importing Assets/ThirdParties/Spine/Editor/spine-unity/Editor/GUI/icon-clipping.png using Guid(f5fff1b5caee03642ab77c9984b4bb6a) Importer(815301076,1909f56bfc062723c751e8b465ee728b)  -> (artifact id: 'cef632c2958850731f6103b64719dbf0') in 0.006030 seconds 
Number of asset objects unloaded after import = 2
========================================================================
Received Import Request.
  Time since last request: 0.024187 seconds.
  path: Assets/ThirdParties/Spine/Editor/spine-unity/Editor/GUI/icon-boneNib.png
  artifactKey: Guid(97a43f11e00735147a9dc3dff6d68191) Importer(815301076,1909f56bfc062723c751e8b465ee728b)
Number of updated assets reloaded before import = 0
Start importing Assets/ThirdParties/Spine/Editor/spine-unity/Editor/GUI/icon-boneNib.png using Guid(97a43f11e00735147a9dc3dff6d68191) Importer(815301076,1909f56bfc062723c751e8b465ee728b)  -> (artifact id: '20c1b871a2aba8d3b25bbbe7ca4821b1') in 0.006940 seconds 
Number of asset objects unloaded after import = 2
========================================================================
Received Import Request.
  Time since last request: 0.185477 seconds.
  path: Assets/ThirdParties/Spine/Editor/spine-unity/Editor/GUI/icon-attachment.png
  artifactKey: Guid(04ae56b3698d3e844844cfcef2f009e7) Importer(815301076,1909f56bfc062723c751e8b465ee728b)
Number of updated assets reloaded before import = 0
Start importing Assets/ThirdParties/Spine/Editor/spine-unity/Editor/GUI/icon-attachment.png using Guid(04ae56b3698d3e844844cfcef2f009e7) Importer(815301076,1909f56bfc062723c751e8b465ee728b)  -> (artifact id: '777e912d5540788efb8bb01f530c5cef') in 0.013905 seconds 
Number of asset objects unloaded after import = 2
========================================================================
Received Import Request.
  Time since last request: 0.002568 seconds.
  path: Assets/ThirdParties/Spine/Editor/spine-unity/Editor/GUI/icon-animation.png
  artifactKey: Guid(52b12ec801461494185a4d3dc66f3d1d) Importer(815301076,1909f56bfc062723c751e8b465ee728b)
Number of updated assets reloaded before import = 0
Start importing Assets/ThirdParties/Spine/Editor/spine-unity/Editor/GUI/icon-animation.png using Guid(52b12ec801461494185a4d3dc66f3d1d) Importer(815301076,1909f56bfc062723c751e8b465ee728b)  -> (artifact id: '0ddea7447927c4ea2e4028a6108c2683') in 0.008680 seconds 
Number of asset objects unloaded after import = 2
========================================================================
Received Import Request.
  Time since last request: 0.655979 seconds.
  path: Assets/Plugins/Demigiant/DemiLib/Core/Editor/Imgs/ico_visibility_off.png
  artifactKey: Guid(0c0132429106c8a4d89d9d0a6b723ec3) Importer(815301076,1909f56bfc062723c751e8b465ee728b)
Number of updated assets reloaded before import = 0
Start importing Assets/Plugins/Demigiant/DemiLib/Core/Editor/Imgs/ico_visibility_off.png using Guid(0c0132429106c8a4d89d9d0a6b723ec3) Importer(815301076,1909f56bfc062723c751e8b465ee728b)  -> (artifact id: '11253c3da72378dbacf9a89fc696cd64') in 0.019022 seconds 
Number of asset objects unloaded after import = 2
========================================================================
Received Import Request.
  Time since last request: 0.010225 seconds.
  path: Assets/Plugins/Demigiant/DemiLib/Core/Editor/Imgs/ico_ui_border.png
  artifactKey: Guid(c0c40ceac3c6df146a0fcd4e6b226540) Importer(815301076,1909f56bfc062723c751e8b465ee728b)
Number of updated assets reloaded before import = 0
Start importing Assets/Plugins/Demigiant/DemiLib/Core/Editor/Imgs/ico_ui_border.png using Guid(c0c40ceac3c6df146a0fcd4e6b226540) Importer(815301076,1909f56bfc062723c751e8b465ee728b)  -> (artifact id: '0311965ddbb7f36b2b6e4ea9828a8e06') in 0.005564 seconds 
Number of asset objects unloaded after import = 2
========================================================================
Received Import Request.
  Time since last request: 0.035371 seconds.
  path: Assets/Plugins/Demigiant/DemiLib/Core/Editor/Imgs/project/ico_textures.png
  artifactKey: Guid(3e6b96a975eba1c43b2bad66fb7f8b4a) Importer(815301076,1909f56bfc062723c751e8b465ee728b)
Number of updated assets reloaded before import = 0
Start importing Assets/Plugins/Demigiant/DemiLib/Core/Editor/Imgs/project/ico_textures.png using Guid(3e6b96a975eba1c43b2bad66fb7f8b4a) Importer(815301076,1909f56bfc062723c751e8b465ee728b)  -> (artifact id: 'abc1ccc15deff6f4fc7ac74477422c5e') in 0.008234 seconds 
Number of asset objects unloaded after import = 2
========================================================================
Received Import Request.
  Time since last request: 0.197185 seconds.
  path: Assets/Plugins/Demigiant/DemiLib/Core/Editor/Imgs/ico_star_border.png
  artifactKey: Guid(18f3a26aa87fccc4cb5e211d4c6de662) Importer(815301076,1909f56bfc062723c751e8b465ee728b)
Number of updated assets reloaded before import = 0
Start importing Assets/Plugins/Demigiant/DemiLib/Core/Editor/Imgs/ico_star_border.png using Guid(18f3a26aa87fccc4cb5e211d4c6de662) Importer(815301076,1909f56bfc062723c751e8b465ee728b)  -> (artifact id: '6335f027f61fd81a528e1f01df884faa') in 0.014091 seconds 
Number of asset objects unloaded after import = 2
========================================================================
Received Import Request.
  Time since last request: 0.029109 seconds.
  path: Assets/Plugins/Demigiant/DemiLib/Core/Editor/Imgs/ico_star.png
  artifactKey: Guid(645aafe2260b2884a9df05b4bc01b1ec) Importer(815301076,1909f56bfc062723c751e8b465ee728b)
Number of updated assets reloaded before import = 0
Start importing Assets/Plugins/Demigiant/DemiLib/Core/Editor/Imgs/ico_star.png using Guid(645aafe2260b2884a9df05b4bc01b1ec) Importer(815301076,1909f56bfc062723c751e8b465ee728b)  -> (artifact id: '47ace9d09398288fef66666186d2c3eb') in 0.012882 seconds 
Number of asset objects unloaded after import = 2
========================================================================
Received Import Request.
  Time since last request: 0.256411 seconds.
  path: Assets/Plugins/Demigiant/DemiLib/Core/Editor/Imgs/project/ico_skull.png
  artifactKey: Guid(d563d6ce25cd2ca48b185ec47a74a3fb) Importer(815301076,1909f56bfc062723c751e8b465ee728b)
Number of updated assets reloaded before import = 0
Start importing Assets/Plugins/Demigiant/DemiLib/Core/Editor/Imgs/project/ico_skull.png using Guid(d563d6ce25cd2ca48b185ec47a74a3fb) Importer(815301076,1909f56bfc062723c751e8b465ee728b)  -> (artifact id: '9b6f243fbb21fd75999aa72ab41120c4') in 0.015962 seconds 
Number of asset objects unloaded after import = 2
========================================================================
Received Import Request.
  Time since last request: 0.028253 seconds.
  path: Assets/Plugins/Demigiant/DemiLib/Core/Editor/Imgs/project/ico_shaders.png
  artifactKey: Guid(f252c69cd0163714eba038403f61b09e) Importer(815301076,1909f56bfc062723c751e8b465ee728b)
Number of updated assets reloaded before import = 0
Start importing Assets/Plugins/Demigiant/DemiLib/Core/Editor/Imgs/project/ico_shaders.png using Guid(f252c69cd0163714eba038403f61b09e) Importer(815301076,1909f56bfc062723c751e8b465ee728b)  -> (artifact id: '7bb2da4fb0e2b562a65a6115a0b48824') in 0.011100 seconds 
Number of asset objects unloaded after import = 2
========================================================================
Received Import Request.
  Time since last request: 0.033504 seconds.
  path: Assets/Plugins/Demigiant/DemiLib/Core/Editor/Imgs/project/ico_prefab.png
  artifactKey: Guid(ed3789262161efa4fa33c85ca534590e) Importer(815301076,1909f56bfc062723c751e8b465ee728b)
Number of updated assets reloaded before import = 0
Start importing Assets/Plugins/Demigiant/DemiLib/Core/Editor/Imgs/project/ico_prefab.png using Guid(ed3789262161efa4fa33c85ca534590e) Importer(815301076,1909f56bfc062723c751e8b465ee728b)  -> (artifact id: 'dccf0513de19c84724e96f7ab39c1aa9') in 0.007825 seconds 
Number of asset objects unloaded after import = 2
========================================================================
Received Import Request.
  Time since last request: 0.036641 seconds.
  path: Assets/Plugins/Demigiant/DemiLib/Core/Editor/Imgs/project/ico_play.png
  artifactKey: Guid(d8306b1e159c72c4ebc9a4fc31debe60) Importer(815301076,1909f56bfc062723c751e8b465ee728b)
Number of updated assets reloaded before import = 0
Start importing Assets/Plugins/Demigiant/DemiLib/Core/Editor/Imgs/project/ico_play.png using Guid(d8306b1e159c72c4ebc9a4fc31debe60) Importer(815301076,1909f56bfc062723c751e8b465ee728b)  -> (artifact id: '42bef1412fb842be16044978924224e3') in 0.021034 seconds 
Number of asset objects unloaded after import = 2
========================================================================
Received Import Request.
  Time since last request: 0.240780 seconds.
  path: Assets/Plugins/Demigiant/DemiLib/Core/Editor/Imgs/project/ico_particles.png
  artifactKey: Guid(8003873ab749935489bb11f23f830856) Importer(815301076,1909f56bfc062723c751e8b465ee728b)
Number of updated assets reloaded before import = 0
Start importing Assets/Plugins/Demigiant/DemiLib/Core/Editor/Imgs/project/ico_particles.png using Guid(8003873ab749935489bb11f23f830856) Importer(815301076,1909f56bfc062723c751e8b465ee728b)  -> (artifact id: 'f25ec1a8a31d34daa41d96346afc5c87') in 0.007881 seconds 
Number of asset objects unloaded after import = 2
========================================================================
Received Import Request.
  Time since last request: 0.016593 seconds.
  path: Assets/Plugins/Demigiant/DemiLib/Core/Editor/Imgs/ico_ok.png
  artifactKey: Guid(34f39b5a760ddbb4d8b8749852868335) Importer(815301076,1909f56bfc062723c751e8b465ee728b)
Number of updated assets reloaded before import = 0
Start importing Assets/Plugins/Demigiant/DemiLib/Core/Editor/Imgs/ico_ok.png using Guid(34f39b5a760ddbb4d8b8749852868335) Importer(815301076,1909f56bfc062723c751e8b465ee728b)  -> (artifact id: 'b7f35c67e1b3ce58c22d66870a2f7fd7') in 0.011845 seconds 
Number of asset objects unloaded after import = 2
========================================================================
Received Import Request.
  Time since last request: 0.204492 seconds.
  path: Assets/Plugins/Demigiant/DemiLib/Core/Editor/Imgs/project/ico_models.png
  artifactKey: Guid(09a0cde07b4d75f49b4c817932791b81) Importer(815301076,1909f56bfc062723c751e8b465ee728b)
Number of updated assets reloaded before import = 0
Start importing Assets/Plugins/Demigiant/DemiLib/Core/Editor/Imgs/project/ico_models.png using Guid(09a0cde07b4d75f49b4c817932791b81) Importer(815301076,1909f56bfc062723c751e8b465ee728b)  -> (artifact id: '98209771eab133fac9b8d009fcb2c039') in 0.008398 seconds 
Number of asset objects unloaded after import = 2
========================================================================
Received Import Request.
  Time since last request: 0.016822 seconds.
  path: Assets/Plugins/Demigiant/DemiLib/Core/Editor/Imgs/ico_lock_open.png
  artifactKey: Guid(8d60feae84bdb2d4eb16a0037056c588) Importer(815301076,1909f56bfc062723c751e8b465ee728b)
Number of updated assets reloaded before import = 0
Start importing Assets/Plugins/Demigiant/DemiLib/Core/Editor/Imgs/ico_lock_open.png using Guid(8d60feae84bdb2d4eb16a0037056c588) Importer(815301076,1909f56bfc062723c751e8b465ee728b)  -> (artifact id: '62e1d8efb1d9a6deeb81390c338038ed') in 0.006105 seconds 
Number of asset objects unloaded after import = 2
========================================================================
Received Import Request.
  Time since last request: 0.021373 seconds.
  path: Assets/Plugins/Demigiant/DemiLib/Core/Editor/Imgs/ico_light_border.png
  artifactKey: Guid(252f207d01ecc87419cdba1d1c0ab1ea) Importer(815301076,1909f56bfc062723c751e8b465ee728b)
Number of updated assets reloaded before import = 0
Start importing Assets/Plugins/Demigiant/DemiLib/Core/Editor/Imgs/ico_light_border.png using Guid(252f207d01ecc87419cdba1d1c0ab1ea) Importer(815301076,1909f56bfc062723c751e8b465ee728b)  -> (artifact id: '344cee6331e81f2d3a5dcd0158370a39') in 0.006787 seconds 
Number of asset objects unloaded after import = 2
========================================================================
Received Import Request.
  Time since last request: 0.017648 seconds.
  path: Assets/Plugins/Demigiant/DemiLib/Core/Editor/Imgs/ico_heart_border.png
  artifactKey: Guid(669c487f3c9c5fe4abb6459f9c2628f0) Importer(815301076,1909f56bfc062723c751e8b465ee728b)
Number of updated assets reloaded before import = 0
Start importing Assets/Plugins/Demigiant/DemiLib/Core/Editor/Imgs/ico_heart_border.png using Guid(669c487f3c9c5fe4abb6459f9c2628f0) Importer(815301076,1909f56bfc062723c751e8b465ee728b)  -> (artifact id: '348949cdfd8ebc74a50607b2d1df4f17') in 0.005802 seconds 
Number of asset objects unloaded after import = 2
========================================================================
Received Import Request.
  Time since last request: 0.201035 seconds.
  path: Assets/Plugins/Demigiant/DemiLib/Core/Editor/Imgs/ico_heart.png
  artifactKey: Guid(d173388c1d9c32a418b5b777dd89d71a) Importer(815301076,1909f56bfc062723c751e8b465ee728b)
Number of updated assets reloaded before import = 0
Start importing Assets/Plugins/Demigiant/DemiLib/Core/Editor/Imgs/ico_heart.png using Guid(d173388c1d9c32a418b5b777dd89d71a) Importer(815301076,1909f56bfc062723c751e8b465ee728b)  -> (artifact id: 'b2b076cc5862540da6d687df8307872a') in 0.011691 seconds 
Number of asset objects unloaded after import = 2
========================================================================
Received Import Request.
  Time since last request: 0.026650 seconds.
  path: Assets/Plugins/Demigiant/DemiLib/Core/Editor/Imgs/ico_foldout_open.png
  artifactKey: Guid(18a5a7cde794cc04b9b446f0feedb3a0) Importer(815301076,1909f56bfc062723c751e8b465ee728b)
Number of updated assets reloaded before import = 0
Start importing Assets/Plugins/Demigiant/DemiLib/Core/Editor/Imgs/ico_foldout_open.png using Guid(18a5a7cde794cc04b9b446f0feedb3a0) Importer(815301076,1909f56bfc062723c751e8b465ee728b)  -> (artifact id: 'c381a88d5bc68a1738fe7f4d5f0b719c') in 0.008868 seconds 
Number of asset objects unloaded after import = 2
========================================================================
Received Import Request.
  Time since last request: 0.205668 seconds.
  path: Assets/Plugins/Demigiant/DemiLib/Core/Editor/Imgs/project/ico_folder.png
  artifactKey: Guid(4f2c4b43188596b47866d41e1dc13c8a) Importer(815301076,1909f56bfc062723c751e8b465ee728b)
Number of updated assets reloaded before import = 0
Start importing Assets/Plugins/Demigiant/DemiLib/Core/Editor/Imgs/project/ico_folder.png using Guid(4f2c4b43188596b47866d41e1dc13c8a) Importer(815301076,1909f56bfc062723c751e8b465ee728b)  -> (artifact id: '8f697a18f32fbd6fa689704adcb7c5ab') in 0.009641 seconds 
Number of asset objects unloaded after import = 2
========================================================================
Received Import Request.
  Time since last request: 0.026200 seconds.
  path: Assets/Plugins/Demigiant/DemiLib/Core/Editor/Imgs/ico_end.png
  artifactKey: Guid(a248c8288afb9184f953d9aa07a696b0) Importer(815301076,1909f56bfc062723c751e8b465ee728b)
Number of updated assets reloaded before import = 0
Start importing Assets/Plugins/Demigiant/DemiLib/Core/Editor/Imgs/ico_end.png using Guid(a248c8288afb9184f953d9aa07a696b0) Importer(815301076,1909f56bfc062723c751e8b465ee728b)  -> (artifact id: 'c15bc64e71261f8457619ef3e5d4e579') in 0.007928 seconds 
Number of asset objects unloaded after import = 2
========================================================================
Received Import Request.
  Time since last request: 0.226251 seconds.
  path: Assets/Plugins/Demigiant/DemiLib/Core/Editor/Imgs/project/ico_demigiant.png
  artifactKey: Guid(f36ab42cc6fcdfd4187033279d3d14a9) Importer(815301076,1909f56bfc062723c751e8b465ee728b)
Number of updated assets reloaded before import = 0
Start importing Assets/Plugins/Demigiant/DemiLib/Core/Editor/Imgs/project/ico_demigiant.png using Guid(f36ab42cc6fcdfd4187033279d3d14a9) Importer(815301076,1909f56bfc062723c751e8b465ee728b)  -> (artifact id: 'f5e0183ba25f6107f6405de25bdbdf3c') in 0.014258 seconds 
Number of asset objects unloaded after import = 2
========================================================================
Received Import Request.
  Time since last request: 0.000018 seconds.
  path: Assets/Plugins/Demigiant/DemiLib/Core/Editor/Imgs/project/ico_cross.png
  artifactKey: Guid(3b67e53c8c2f8114b966c0e70d452419) Importer(815301076,1909f56bfc062723c751e8b465ee728b)
Number of updated assets reloaded before import = 0
Start importing Assets/Plugins/Demigiant/DemiLib/Core/Editor/Imgs/project/ico_cross.png using Guid(3b67e53c8c2f8114b966c0e70d452419) Importer(815301076,1909f56bfc062723c751e8b465ee728b)  -> (artifact id: 'de3679cef8968ab181d372662d7f0cd3') in 0.006121 seconds 
Number of asset objects unloaded after import = 2
========================================================================
Received Import Request.
  Time since last request: 0.030723 seconds.
  path: Assets/Plugins/Demigiant/DemiLib/Core/Editor/Imgs/ico_comment.png
  artifactKey: Guid(622fdb780ae13e840938631c5ed708f2) Importer(815301076,1909f56bfc062723c751e8b465ee728b)
Number of updated assets reloaded before import = 0
Start importing Assets/Plugins/Demigiant/DemiLib/Core/Editor/Imgs/ico_comment.png using Guid(622fdb780ae13e840938631c5ed708f2) Importer(815301076,1909f56bfc062723c751e8b465ee728b)  -> (artifact id: 'c6f421df54cae7273567d635bb2c168c') in 0.006117 seconds 
Number of asset objects unloaded after import = 2
========================================================================
Received Import Request.
  Time since last request: 0.002676 seconds.
  path: Assets/Plugins/Demigiant/DemiLib/Core/Editor/Imgs/project/ico_cog.png
  artifactKey: Guid(fb605a2688b31194887f2e7a6769235b) Importer(815301076,1909f56bfc062723c751e8b465ee728b)
Number of updated assets reloaded before import = 0
Start importing Assets/Plugins/Demigiant/DemiLib/Core/Editor/Imgs/project/ico_cog.png using Guid(fb605a2688b31194887f2e7a6769235b) Importer(815301076,1909f56bfc062723c751e8b465ee728b)  -> (artifact id: '9bc872dbc95d5c97b4b743aef210c85d') in 0.005380 seconds 
Number of asset objects unloaded after import = 2
========================================================================
Received Import Request.
  Time since last request: 0.231039 seconds.
  path: Assets/Plugins/Demigiant/DemiLib/Core/Editor/Imgs/ico_camera_border.png
  artifactKey: Guid(358cddede8023574191e0aae610a4645) Importer(815301076,1909f56bfc062723c751e8b465ee728b)
Number of updated assets reloaded before import = 0
Start importing Assets/Plugins/Demigiant/DemiLib/Core/Editor/Imgs/ico_camera_border.png using Guid(358cddede8023574191e0aae610a4645) Importer(815301076,1909f56bfc062723c751e8b465ee728b)  -> (artifact id: '75409a8275a18403a5f706209c3378bc') in 0.013978 seconds 
Number of asset objects unloaded after import = 2
========================================================================
Received Import Request.
  Time since last request: 0.028565 seconds.
  path: Assets/Plugins/Demigiant/DemiLib/Core/Editor/Imgs/project/ico_bundle.png
  artifactKey: Guid(58676a985ae875646b7be748cf4499fd) Importer(815301076,1909f56bfc062723c751e8b465ee728b)
Number of updated assets reloaded before import = 0
Start importing Assets/Plugins/Demigiant/DemiLib/Core/Editor/Imgs/project/ico_bundle.png using Guid(58676a985ae875646b7be748cf4499fd) Importer(815301076,1909f56bfc062723c751e8b465ee728b)  -> (artifact id: 'c35ac688f357a0845d889aa59a8546da') in 0.005991 seconds 
Number of asset objects unloaded after import = 2
========================================================================
Received Import Request.
  Time since last request: 0.026277 seconds.
  path: Assets/Plugins/Demigiant/DemiLib/Core/Editor/Imgs/project/ico_atlas.png
  artifactKey: Guid(e2279677842a8064fbae0bc889fb85ab) Importer(815301076,1909f56bfc062723c751e8b465ee728b)
Number of updated assets reloaded before import = 0
Start importing Assets/Plugins/Demigiant/DemiLib/Core/Editor/Imgs/project/ico_atlas.png using Guid(e2279677842a8064fbae0bc889fb85ab) Importer(815301076,1909f56bfc062723c751e8b465ee728b)  -> (artifact id: '3658a0a8ae730fd75dc311827ec221c3') in 0.006154 seconds 
Number of asset objects unloaded after import = 2
========================================================================
Received Import Request.
  Time since last request: 0.218792 seconds.
  path: Assets/Plugins/Demigiant/DemiLib/Core/Editor/Imgs/ico_alignTR.png
  artifactKey: Guid(e01c0b07c87513844ab88bb432bcf85a) Importer(815301076,1909f56bfc062723c751e8b465ee728b)
Number of updated assets reloaded before import = 0
Start importing Assets/Plugins/Demigiant/DemiLib/Core/Editor/Imgs/ico_alignTR.png using Guid(e01c0b07c87513844ab88bb432bcf85a) Importer(815301076,1909f56bfc062723c751e8b465ee728b)  -> (artifact id: 'd34ba8aecabfdb5460cad7ca7d4c6b16') in 0.011514 seconds 
Number of asset objects unloaded after import = 2
========================================================================
Received Import Request.
  Time since last request: 0.002238 seconds.
  path: Assets/Plugins/Demigiant/DemiLib/Core/Editor/Imgs/ico_alignT.png
  artifactKey: Guid(b4785ec6d937dab4fa59da70b69afc9d) Importer(815301076,1909f56bfc062723c751e8b465ee728b)
Number of updated assets reloaded before import = 0
Start importing Assets/Plugins/Demigiant/DemiLib/Core/Editor/Imgs/ico_alignT.png using Guid(b4785ec6d937dab4fa59da70b69afc9d) Importer(815301076,1909f56bfc062723c751e8b465ee728b)  -> (artifact id: '601dfffa8c0b5bbf6e6781e89ce4b333') in 0.005626 seconds 
Number of asset objects unloaded after import = 2
========================================================================
Received Import Request.
  Time since last request: 0.231998 seconds.
  path: Assets/Plugins/Demigiant/DemiLib/Core/Editor/Imgs/ico_alignR.png
  artifactKey: Guid(727ba41e4cc95fe4a98b07301e3ebfc8) Importer(815301076,1909f56bfc062723c751e8b465ee728b)
Number of updated assets reloaded before import = 0
Start importing Assets/Plugins/Demigiant/DemiLib/Core/Editor/Imgs/ico_alignR.png using Guid(727ba41e4cc95fe4a98b07301e3ebfc8) Importer(815301076,1909f56bfc062723c751e8b465ee728b)  -> (artifact id: '4ca4b2c90f388beb9eb8c78d18142f05') in 0.014511 seconds 
Number of asset objects unloaded after import = 2
========================================================================
Received Import Request.
  Time since last request: 0.020134 seconds.
  path: Assets/Plugins/Demigiant/DemiLib/Core/Editor/Imgs/ico_alignHC.png
  artifactKey: Guid(b9e0e5a8836018e4c810fbceba55a1b4) Importer(815301076,1909f56bfc062723c751e8b465ee728b)
Number of updated assets reloaded before import = 0
Start importing Assets/Plugins/Demigiant/DemiLib/Core/Editor/Imgs/ico_alignHC.png using Guid(b9e0e5a8836018e4c810fbceba55a1b4) Importer(815301076,1909f56bfc062723c751e8b465ee728b)  -> (artifact id: '3a7437ea774efd667d18a71c8ad9e1c9') in 0.006261 seconds 
Number of asset objects unloaded after import = 2
========================================================================
Received Import Request.
  Time since last request: 0.017194 seconds.
  path: Assets/Plugins/Demigiant/DemiLib/Core/Editor/Imgs/ico_alignCL.png
  artifactKey: Guid(2a8208d8e80f90944b8ff2978292b03b) Importer(815301076,1909f56bfc062723c751e8b465ee728b)
Number of updated assets reloaded before import = 0
Start importing Assets/Plugins/Demigiant/DemiLib/Core/Editor/Imgs/ico_alignCL.png using Guid(2a8208d8e80f90944b8ff2978292b03b) Importer(815301076,1909f56bfc062723c751e8b465ee728b)  -> (artifact id: '6cb9fd4697284588584fbd89dc77f0b2') in 0.011287 seconds 
Number of asset objects unloaded after import = 2
========================================================================
Received Import Request.
  Time since last request: 0.014653 seconds.
  path: Assets/Plugins/Demigiant/DemiLib/Core/Editor/Imgs/ico_alignBR.png
  artifactKey: Guid(eeac3acbf7d1cd54fabfb1c4a12f9fc8) Importer(815301076,1909f56bfc062723c751e8b465ee728b)
Number of updated assets reloaded before import = 0
Start importing Assets/Plugins/Demigiant/DemiLib/Core/Editor/Imgs/ico_alignBR.png using Guid(eeac3acbf7d1cd54fabfb1c4a12f9fc8) Importer(815301076,1909f56bfc062723c751e8b465ee728b)  -> (artifact id: '57bbe6242c824a395c192cd9d3a56946') in 0.006880 seconds 
Number of asset objects unloaded after import = 2
========================================================================
Received Import Request.
  Time since last request: 0.293001 seconds.
  path: Assets/Plugins/Demigiant/DemiLib/Core/Editor/Imgs/ico_alignBC.png
  artifactKey: Guid(2cdc0bc527f7a434496c6be9236e636f) Importer(815301076,1909f56bfc062723c751e8b465ee728b)
Number of updated assets reloaded before import = 0
Start importing Assets/Plugins/Demigiant/DemiLib/Core/Editor/Imgs/ico_alignBC.png using Guid(2cdc0bc527f7a434496c6be9236e636f) Importer(815301076,1909f56bfc062723c751e8b465ee728b)  -> (artifact id: 'cf2470494693f6310374846cc87d42f3') in 0.016747 seconds 
Number of asset objects unloaded after import = 2
========================================================================
Received Import Request.
  Time since last request: 0.036468 seconds.
  path: Assets/ThirdParties/CodeStage/AntiCheatToolkit/Editor/Textures/ForBright/Icons/Home.png
  artifactKey: Guid(92ca6df7507706a4cb3e1b65f76feb32) Importer(815301076,1909f56bfc062723c751e8b465ee728b)
Number of updated assets reloaded before import = 0
Start importing Assets/ThirdParties/CodeStage/AntiCheatToolkit/Editor/Textures/ForBright/Icons/Home.png using Guid(92ca6df7507706a4cb3e1b65f76feb32) Importer(815301076,1909f56bfc062723c751e8b465ee728b)  -> (artifact id: '243128b4937690bb7c7d8d9b41c5fbff') in 0.011123 seconds 
Number of asset objects unloaded after import = 2
========================================================================
Received Import Request.
  Time since last request: 0.248224 seconds.
  path: Assets/ThirdParties/CodeStage/AntiCheatToolkit/Editor/Textures/ForBright/Icons/Help.png
  artifactKey: Guid(9cefcf435ba93df4a83a70de6406fe2a) Importer(815301076,1909f56bfc062723c751e8b465ee728b)
Number of updated assets reloaded before import = 0
Start importing Assets/ThirdParties/CodeStage/AntiCheatToolkit/Editor/Textures/ForBright/Icons/Help.png using Guid(9cefcf435ba93df4a83a70de6406fe2a) Importer(815301076,1909f56bfc062723c751e8b465ee728b)  -> (artifact id: 'fd0bafb1e5b5ae169b793d329cf3eb3b') in 0.009900 seconds 
Number of asset objects unloaded after import = 2
========================================================================
Received Import Request.
  Time since last request: 0.020222 seconds.
  path: Assets/Plugins/Demigiant/DOTween/Editor/Imgs/Header.jpg
  artifactKey: Guid(78a59ca99f8987941adb61f9e14a06a7) Importer(815301076,1909f56bfc062723c751e8b465ee728b)
Number of updated assets reloaded before import = 0
Start importing Assets/Plugins/Demigiant/DOTween/Editor/Imgs/Header.jpg using Guid(78a59ca99f8987941adb61f9e14a06a7) Importer(815301076,1909f56bfc062723c751e8b465ee728b)  -> (artifact id: '9f5e392edc3dec5e321c27c28b580435') in 0.014206 seconds 
Number of asset objects unloaded after import = 2
========================================================================
Received Import Request.
  Time since last request: 0.040126 seconds.
  path: Assets/Spine Examples/Spine Skeletons/spineboy-unity/Equips/gun-freeze.png
  artifactKey: Guid(02c4cbcce432ae74bb2d965060e64d29) Importer(815301076,1909f56bfc062723c751e8b465ee728b)
Number of updated assets reloaded before import = 0
Start importing Assets/Spine Examples/Spine Skeletons/spineboy-unity/Equips/gun-freeze.png using Guid(02c4cbcce432ae74bb2d965060e64d29) Importer(815301076,1909f56bfc062723c751e8b465ee728b)  -> (artifact id: 'ba94a17d2254c8f07e17f8e983867e57') in 0.017471 seconds 
Number of asset objects unloaded after import = 3
========================================================================
Received Import Request.
  Time since last request: 0.507158 seconds.
  path: Assets/Plugins/Demigiant/DemiLib/Core/Editor/Imgs/grid_bright.png
  artifactKey: Guid(93b1287b4a087f84c95c72f49ec94e83) Importer(815301076,1909f56bfc062723c751e8b465ee728b)
Number of updated assets reloaded before import = 0
Start importing Assets/Plugins/Demigiant/DemiLib/Core/Editor/Imgs/grid_bright.png using Guid(93b1287b4a087f84c95c72f49ec94e83) Importer(815301076,1909f56bfc062723c751e8b465ee728b)  -> (artifact id: '7de0f5f4dcc50375533c98e5e19e6523') in 0.012678 seconds 
Number of asset objects unloaded after import = 2
========================================================================
Received Import Request.
  Time since last request: 0.028599 seconds.
  path: Assets/Spine Examples/Spine Skeletons/spineboy-unity/Equips/goggles-tactical.png
  artifactKey: Guid(4f554405f8f06164db0773d689da243c) Importer(815301076,1909f56bfc062723c751e8b465ee728b)
Number of updated assets reloaded before import = 0
Start importing Assets/Spine Examples/Spine Skeletons/spineboy-unity/Equips/goggles-tactical.png using Guid(4f554405f8f06164db0773d689da243c) Importer(815301076,1909f56bfc062723c751e8b465ee728b)  -> (artifact id: '150498dce31c3325d861e825df92519c') in 0.027294 seconds 
Number of asset objects unloaded after import = 3
========================================================================
Received Import Request.
  Time since last request: 0.301962 seconds.
  path: Assets/_Impostor 3/Arts/VFX/Epic Toon FX/Textures/glow.png
  artifactKey: Guid(75c822b01a637d547abc69e6f1f590b4) Importer(815301076,1909f56bfc062723c751e8b465ee728b)
Number of updated assets reloaded before import = 0
Start importing Assets/_Impostor 3/Arts/VFX/Epic Toon FX/Textures/glow.png using Guid(75c822b01a637d547abc69e6f1f590b4) Importer(815301076,1909f56bfc062723c751e8b465ee728b)  -> (artifact id: '6e6801b2b2668b79deb4e81e55c560f6') in 0.013030 seconds 
Number of asset objects unloaded after import = 2
========================================================================
Received Import Request.
  Time since last request: 0.019624 seconds.
  path: Assets/ThirdParties/Gizmos/ProCamera2D/gizmo_icon_zoom_in.png
  artifactKey: Guid(1655ff4e4cb3442ce891f307a053fbc0) Importer(815301076,1909f56bfc062723c751e8b465ee728b)
Number of updated assets reloaded before import = 0
Start importing Assets/ThirdParties/Gizmos/ProCamera2D/gizmo_icon_zoom_in.png using Guid(1655ff4e4cb3442ce891f307a053fbc0) Importer(815301076,1909f56bfc062723c751e8b465ee728b)  -> (artifact id: '2fac4e5bfcc9ad4aa71a92812d409227') in 0.007888 seconds 
Number of asset objects unloaded after import = 2
========================================================================
Received Import Request.
  Time since last request: 0.024842 seconds.
  path: Assets/ThirdParties/Gizmos/ProCamera2D/gizmo_icon_reset.png
  artifactKey: Guid(ca98fe66164444ca795e766b705532dc) Importer(815301076,1909f56bfc062723c751e8b465ee728b)
Number of updated assets reloaded before import = 0
Start importing Assets/ThirdParties/Gizmos/ProCamera2D/gizmo_icon_reset.png using Guid(ca98fe66164444ca795e766b705532dc) Importer(815301076,1909f56bfc062723c751e8b465ee728b)  -> (artifact id: '4bdfaf97d8393d31f73a73e8058137b3') in 0.007317 seconds 
Number of asset objects unloaded after import = 2
========================================================================
Received Import Request.
  Time since last request: 0.266133 seconds.
  path: Assets/ThirdParties/Gizmos/ProCamera2D/gizmo_icon_rails_disable.png
  artifactKey: Guid(389f2e7028353462296239a32f377f8a) Importer(815301076,1909f56bfc062723c751e8b465ee728b)
Number of updated assets reloaded before import = 0
Start importing Assets/ThirdParties/Gizmos/ProCamera2D/gizmo_icon_rails_disable.png using Guid(389f2e7028353462296239a32f377f8a) Importer(815301076,1909f56bfc062723c751e8b465ee728b)  -> (artifact id: '8008287eceef0b5c17c4bfc3961c2858') in 0.012157 seconds 
Number of asset objects unloaded after import = 2
========================================================================
Received Import Request.
  Time since last request: 0.002569 seconds.
  path: Assets/ThirdParties/Gizmos/ProCamera2D/gizmo_icon_exclusive_free.png
  artifactKey: Guid(d999cb17d1edf41129203a5e3174c832) Importer(815301076,1909f56bfc062723c751e8b465ee728b)
Number of updated assets reloaded before import = 0
Start importing Assets/ThirdParties/Gizmos/ProCamera2D/gizmo_icon_exclusive_free.png using Guid(d999cb17d1edf41129203a5e3174c832) Importer(815301076,1909f56bfc062723c751e8b465ee728b)  -> (artifact id: '209262bc01a12b8abd3c575677c6cbcb') in 0.006949 seconds 
Number of asset objects unloaded after import = 2
========================================================================
Received Import Request.
  Time since last request: 0.066937 seconds.
  path: Assets/ThirdParties/Gizmos/ProCamera2D/gizmo_icon_bound_top.png
  artifactKey: Guid(e1ed9e2df87cb4d93935a418e92da78c) Importer(815301076,1909f56bfc062723c751e8b465ee728b)
Number of updated assets reloaded before import = 0
Start importing Assets/ThirdParties/Gizmos/ProCamera2D/gizmo_icon_bound_top.png using Guid(e1ed9e2df87cb4d93935a418e92da78c) Importer(815301076,1909f56bfc062723c751e8b465ee728b)  -> (artifact id: '5de2a72da5157992e039bbb5f6087457') in 0.014928 seconds 
Number of asset objects unloaded after import = 2
========================================================================
Received Import Request.
  Time since last request: 0.193388 seconds.
  path: Assets/ThirdParties/Gizmos/ProCamera2D/gizmo_icon_bound_left.png
  artifactKey: Guid(d7d83fbcde0de4dc294b4d1592e21d7e) Importer(815301076,1909f56bfc062723c751e8b465ee728b)
Number of updated assets reloaded before import = 0
Start importing Assets/ThirdParties/Gizmos/ProCamera2D/gizmo_icon_bound_left.png using Guid(d7d83fbcde0de4dc294b4d1592e21d7e) Importer(815301076,1909f56bfc062723c751e8b465ee728b)  -> (artifact id: 'ebacd0c52f3ee339b06d785fa2f05bba') in 0.008667 seconds 
Number of asset objects unloaded after import = 2
========================================================================
Received Import Request.
  Time since last request: 0.026678 seconds.
  path: Assets/ThirdParties/Gizmos/ProCamera2D/gizmo_icon_bg.png
  artifactKey: Guid(e4e2e32188e0247e9b788f76409f0db7) Importer(815301076,1909f56bfc062723c751e8b465ee728b)
Number of updated assets reloaded before import = 0
Start importing Assets/ThirdParties/Gizmos/ProCamera2D/gizmo_icon_bg.png using Guid(e4e2e32188e0247e9b788f76409f0db7) Importer(815301076,1909f56bfc062723c751e8b465ee728b)  -> (artifact id: '4fb4595ef78f74937da74084cf01fe5b') in 0.007897 seconds 
Number of asset objects unloaded after import = 2
========================================================================
Received Import Request.
  Time since last request: 0.024445 seconds.
  path: Assets/Spine Examples/Spine Skeletons/FootSoldier/FS_White.png
  artifactKey: Guid(57b57f94df266f94ea0981915a4472e1) Importer(815301076,1909f56bfc062723c751e8b465ee728b)
Number of updated assets reloaded before import = 0
Start importing Assets/Spine Examples/Spine Skeletons/FootSoldier/FS_White.png using Guid(57b57f94df266f94ea0981915a4472e1) Importer(815301076,1909f56bfc062723c751e8b465ee728b)  -> (artifact id: 'bfcd8e4d5f7523114582922f6663f937') in 0.010488 seconds 
Number of asset objects unloaded after import = 2
========================================================================
Received Import Request.
  Time since last request: 0.249745 seconds.
  path: Assets/ThirdParties/CodeStage/AntiCheatToolkit/Editor/Textures/ForDark/Icons/Forum.png
  artifactKey: Guid(7b4e1479a7e9dff41aa6ca712956a416) Importer(815301076,1909f56bfc062723c751e8b465ee728b)
Number of updated assets reloaded before import = 0
Start importing Assets/ThirdParties/CodeStage/AntiCheatToolkit/Editor/Textures/ForDark/Icons/Forum.png using Guid(7b4e1479a7e9dff41aa6ca712956a416) Importer(815301076,1909f56bfc062723c751e8b465ee728b)  -> (artifact id: 'c721aad65953cd4a150f63df03d9bc5a') in 0.012384 seconds 
Number of asset objects unloaded after import = 2
========================================================================
Received Import Request.
  Time since last request: 0.400803 seconds.
  path: Assets/Spine Examples/Spine Skeletons/FootSoldier/Equipment/Equipment.png
  artifactKey: Guid(ddb89f63d0296cf4f8572b0448bb6b30) Importer(815301076,1909f56bfc062723c751e8b465ee728b)
Number of updated assets reloaded before import = 0
Start importing Assets/Spine Examples/Spine Skeletons/FootSoldier/Equipment/Equipment.png using Guid(ddb89f63d0296cf4f8572b0448bb6b30) Importer(815301076,1909f56bfc062723c751e8b465ee728b)  -> (artifact id: '696db31224e705503bd0745714644193') in 0.013123 seconds 
Number of asset objects unloaded after import = 2
========================================================================
Received Import Request.
  Time since last request: 0.020847 seconds.
  path: Assets/Spine Examples/Spine Skeletons/Dragon/dragon2.png
  artifactKey: Guid(12c126994123f12468cf4c5a2684078a) Importer(815301076,1909f56bfc062723c751e8b465ee728b)
Number of updated assets reloaded before import = 0
Start importing Assets/Spine Examples/Spine Skeletons/Dragon/dragon2.png using Guid(12c126994123f12468cf4c5a2684078a) Importer(815301076,1909f56bfc062723c751e8b465ee728b)  -> (artifact id: '5824da3a1c7fb7cd3a1e0b6c64541315') in 0.008423 seconds 
Number of asset objects unloaded after import = 2
========================================================================
Received Import Request.
  Time since last request: 0.216074 seconds.
  path: Assets/Plugins/Demigiant/DOTweenPro Examples/Examples Assets/dotweenpro_logo.png
  artifactKey: Guid(44a054df1702e39458b7072b08d0f212) Importer(815301076,1909f56bfc062723c751e8b465ee728b)
Number of updated assets reloaded before import = 0
Start importing Assets/Plugins/Demigiant/DOTweenPro Examples/Examples Assets/dotweenpro_logo.png using Guid(44a054df1702e39458b7072b08d0f212) Importer(815301076,1909f56bfc062723c751e8b465ee728b)  -> (artifact id: '8c792280897ba45aebd2e87d369f5fd0') in 0.020546 seconds 
Number of asset objects unloaded after import = 3
========================================================================
Received Import Request.
  Time since last request: 0.010217 seconds.
  path: Assets/Spine Examples/Spine Skeletons/Spineunitygirl/Doi.png
  artifactKey: Guid(33e128e17951b4a42b17608ff79ba5c5) Importer(815301076,1909f56bfc062723c751e8b465ee728b)
Number of updated assets reloaded before import = 0
Start importing Assets/Spine Examples/Spine Skeletons/Spineunitygirl/Doi.png using Guid(33e128e17951b4a42b17608ff79ba5c5) Importer(815301076,1909f56bfc062723c751e8b465ee728b)  -> (artifact id: '94cf9643f67f2090372d13458c4ec57e') in 0.008526 seconds 
Number of asset objects unloaded after import = 2
========================================================================
Received Import Request.
  Time since last request: 0.036289 seconds.
  path: Assets/_Impostor 3/Arts/VFX/Epic Toon FX/Textures/confetti.png
  artifactKey: Guid(fc889383b2da2db439ea6a25ba1b4f9b) Importer(815301076,1909f56bfc062723c751e8b465ee728b)
Number of updated assets reloaded before import = 0
Start importing Assets/_Impostor 3/Arts/VFX/Epic Toon FX/Textures/confetti.png using Guid(fc889383b2da2db439ea6a25ba1b4f9b) Importer(815301076,1909f56bfc062723c751e8b465ee728b)  -> (artifact id: 'a9e8c42603d4114ecd2542294fc89f97') in 0.010118 seconds 
Number of asset objects unloaded after import = 2
========================================================================
Received Import Request.
  Time since last request: 0.190686 seconds.
  path: Assets/Plugins/Demigiant/DemiLib/Core/Editor/Imgs/circle.png
  artifactKey: Guid(af28470bd0e2e9543a6dfa9a1a4b348d) Importer(815301076,1909f56bfc062723c751e8b465ee728b)
Number of updated assets reloaded before import = 0
Start importing Assets/Plugins/Demigiant/DemiLib/Core/Editor/Imgs/circle.png using Guid(af28470bd0e2e9543a6dfa9a1a4b348d) Importer(815301076,1909f56bfc062723c751e8b465ee728b)  -> (artifact id: '8d60f379c2a32c92ced8720dc562906d') in 0.014781 seconds 
Number of asset objects unloaded after import = 2
========================================================================
Received Import Request.
  Time since last request: 0.026498 seconds.
  path: Assets/Plugins/Demigiant/DemiLib/Core/Editor/Imgs/blackSquareAlpha80.png
  artifactKey: Guid(595b166389c8db546a199430284ebc9b) Importer(815301076,1909f56bfc062723c751e8b465ee728b)
Number of updated assets reloaded before import = 0
Start importing Assets/Plugins/Demigiant/DemiLib/Core/Editor/Imgs/blackSquareAlpha80.png using Guid(595b166389c8db546a199430284ebc9b) Importer(815301076,1909f56bfc062723c751e8b465ee728b)  -> (artifact id: '79074c6228befcb97d6e1203fa9b9b63') in 0.008914 seconds 
Number of asset objects unloaded after import = 2
========================================================================
Received Import Request.
  Time since last request: 0.017740 seconds.
  path: Assets/Plugins/Demigiant/DemiLib/Core/Editor/Imgs/blackSquareAlpha25.png
  artifactKey: Guid(f7ff421f40d548444864a01cd7f47112) Importer(815301076,1909f56bfc062723c751e8b465ee728b)
Number of updated assets reloaded before import = 0
Start importing Assets/Plugins/Demigiant/DemiLib/Core/Editor/Imgs/blackSquareAlpha25.png using Guid(f7ff421f40d548444864a01cd7f47112) Importer(815301076,1909f56bfc062723c751e8b465ee728b)  -> (artifact id: 'f83a8407a1bfa858bab8efd68808baf1') in 0.005983 seconds 
Number of asset objects unloaded after import = 2
========================================================================
Received Import Request.
  Time since last request: 0.185194 seconds.
  path: Assets/Plugins/Demigiant/DemiLib/Core/Editor/Imgs/blackSquareAlpha10.png
  artifactKey: Guid(8c9cfa1dbe00a1d41ae9d14f5ac543ec) Importer(815301076,1909f56bfc062723c751e8b465ee728b)
Number of updated assets reloaded before import = 0
Start importing Assets/Plugins/Demigiant/DemiLib/Core/Editor/Imgs/blackSquareAlpha10.png using Guid(8c9cfa1dbe00a1d41ae9d14f5ac543ec) Importer(815301076,1909f56bfc062723c751e8b465ee728b)  -> (artifact id: 'e80d29d9dce0e3b7913d3f0950f50491') in 0.005717 seconds 
Number of asset objects unloaded after import = 2
========================================================================
Received Import Request.
  Time since last request: 0.024360 seconds.
  path: Assets/_Impostor 3/Arts/Backgrounds/BG_2.png
  artifactKey: Guid(7123aed1a8715ec4f8885688af283e6e) Importer(815301076,1909f56bfc062723c751e8b465ee728b)
Number of updated assets reloaded before import = 0
Start importing Assets/_Impostor 3/Arts/Backgrounds/BG_2.png using Guid(7123aed1a8715ec4f8885688af283e6e) Importer(815301076,1909f56bfc062723c751e8b465ee728b)  -> (artifact id: 'e4088695d3740beaac152519b9b34eb1') in 0.359947 seconds 
Number of asset objects unloaded after import = 3
========================================================================
Received Import Request.
  Time since last request: 0.139943 seconds.
  path: Assets/GoogleMobileAds/Editor/Resources/DummyAds/AdImages/728x90.png
  artifactKey: Guid(cfead63ff9d9d48e2b4ba3c2dee7cea9) Importer(815301076,1909f56bfc062723c751e8b465ee728b)
Number of updated assets reloaded before import = 0
Start importing Assets/GoogleMobileAds/Editor/Resources/DummyAds/AdImages/728x90.png using Guid(cfead63ff9d9d48e2b4ba3c2dee7cea9) Importer(815301076,1909f56bfc062723c751e8b465ee728b)  -> (artifact id: '042e06386d12756ce2eabf85ed8a5352') in 0.027979 seconds 
Number of asset objects unloaded after import = 3
========================================================================
Received Import Request.
  Time since last request: 0.047392 seconds.
  path: Assets/GoogleMobileAds/Editor/Resources/DummyAds/AdImages/320x100.png
  artifactKey: Guid(1a2723ddf964e4565a408007ab387283) Importer(815301076,1909f56bfc062723c751e8b465ee728b)
Number of updated assets reloaded before import = 0
Start importing Assets/GoogleMobileAds/Editor/Resources/DummyAds/AdImages/320x100.png using Guid(1a2723ddf964e4565a408007ab387283) Importer(815301076,1909f56bfc062723c751e8b465ee728b)  -> (artifact id: 'b93764a0f098adb99f56d06bbfc3e3a5') in 0.015496 seconds 
Number of asset objects unloaded after import = 3
========================================================================
Received Import Request.
  Time since last request: 0.143872 seconds.
  path: Assets/GoogleMobileAds/Editor/Resources/DummyAds/AdImages/300x250.png
  artifactKey: Guid(898f886a39d714db5b90d2c36676c894) Importer(815301076,1909f56bfc062723c751e8b465ee728b)
Number of updated assets reloaded before import = 0
Start importing Assets/GoogleMobileAds/Editor/Resources/DummyAds/AdImages/300x250.png using Guid(898f886a39d714db5b90d2c36676c894) Importer(815301076,1909f56bfc062723c751e8b465ee728b)  -> (artifact id: '6b9b7a9fbfc93f6e584f00e883ae741a') in 0.034032 seconds 
Number of asset objects unloaded after import = 3
