Using pre-set license
Built from '2020.3/china_unity/release' branch; Version is '2021.3.41f1c1 (abf9ed549ceb) revision 11270637'; Using compiler version '192829333'; Build Type 'Release'
OS: 'Windows 10  (10.0.19044) 64bit Professional' Language: 'zh' Physical Memory: 65375 MB
BatchMode: 1, IsHumanControllingUs: 0, StartBugReporterOnCrash: 0, Is64bit: 1, IsPro: 1

COMMAND LINE ARGUMENTS:
C:\Program Files\Unity\Hub\Editor\2021.3.41f1c1\Editor\Unity.exe
-adb2
-batchMode
-noUpm
-name
AssetImportWorker4
-projectPath
D:/BaiduNetdiskDownload/太空分类/Impostor Sort Puzzle Pro
-logFile
Logs/AssetImportWorker4.log
-srvPort
54988
Successfully changed project path to: D:/BaiduNetdiskDownload/太空分类/Impostor Sort Puzzle Pro
D:/BaiduNetdiskDownload/太空分类/Impostor Sort Puzzle Pro
[UnityMemory] Configuration Parameters - Can be set up in boot.config
    "memorysetup-bucket-allocator-granularity=16"
    "memorysetup-bucket-allocator-bucket-count=8"
    "memorysetup-bucket-allocator-block-size=33554432"
    "memorysetup-bucket-allocator-block-count=8"
    "memorysetup-main-allocator-block-size=16777216"
    "memorysetup-thread-allocator-block-size=16777216"
    "memorysetup-gfx-main-allocator-block-size=16777216"
    "memorysetup-gfx-thread-allocator-block-size=16777216"
    "memorysetup-cache-allocator-block-size=4194304"
    "memorysetup-typetree-allocator-block-size=2097152"
    "memorysetup-profiler-bucket-allocator-granularity=16"
    "memorysetup-profiler-bucket-allocator-bucket-count=8"
    "memorysetup-profiler-bucket-allocator-block-size=33554432"
    "memorysetup-profiler-bucket-allocator-block-count=8"
    "memorysetup-profiler-allocator-block-size=16777216"
    "memorysetup-profiler-editor-allocator-block-size=1048576"
    "memorysetup-temp-allocator-size-main=16777216"
    "memorysetup-job-temp-allocator-block-size=2097152"
    "memorysetup-job-temp-allocator-block-size-background=1048576"
    "memorysetup-job-temp-allocator-reduction-small-platforms=262144"
    "memorysetup-temp-allocator-size-background-worker=32768"
    "memorysetup-temp-allocator-size-job-worker=262144"
    "memorysetup-temp-allocator-size-preload-manager=33554432"
    "memorysetup-temp-allocator-size-nav-mesh-worker=65536"
    "memorysetup-temp-allocator-size-audio-worker=65536"
    "memorysetup-temp-allocator-size-cloud-worker=32768"
    "memorysetup-temp-allocator-size-gi-baking-worker=262144"
    "memorysetup-temp-allocator-size-gfx=262144"
Player connection [12384] Host "[IP] 192.168.31.197 [Port] 0 [Flags] 2 [Guid] 1694169185 [EditorId] 1694169185 [Version] 1048832 [Id] WindowsEditor(7,DS-202405191929) [Debug] 1 [PackageName] WindowsEditor [ProjectName] Editor" joined multi-casting on [225.0.0.222:54997]...

Player connection [12384] Host "[IP] 192.168.31.197 [Port] 0 [Flags] 2 [Guid] 1694169185 [EditorId] 1694169185 [Version] 1048832 [Id] WindowsEditor(7,DS-202405191929) [Debug] 1 [PackageName] WindowsEditor [ProjectName] Editor" joined alternative multi-casting on [225.0.0.222:34997]...

AS: AutoStreaming module initializing.
[Physics::Module] Initialized MultithreadedJobDispatcher with {0} workers.
Refreshing native plugins compatible for Editor in 54.19 ms, found 2 plugins.
Preloading 0 native plugins for Editor in 0.00 ms.
Initialize engine version: 2021.3.41f1c1 (abf9ed549ceb)
[Subsystems] Discovering subsystems at path C:/Program Files/Unity/Hub/Editor/2021.3.41f1c1/Editor/Data/Resources/UnitySubsystems
[Subsystems] Discovering subsystems at path D:/BaiduNetdiskDownload/太空分类/Impostor Sort Puzzle Pro/Assets
GfxDevice: creating device client; threaded=0; jobified=0
Direct3D:
    Version:  Direct3D 11.0 [level 11.1]
    Renderer: NVIDIA GeForce RTX 2060 (ID=0x1f08)
    Vendor:   NVIDIA
    VRAM:     5969 MB
    Driver:   31.0.15.4629
Initialize mono
Mono path[0] = 'C:/Program Files/Unity/Hub/Editor/2021.3.41f1c1/Editor/Data/Managed'
Mono path[1] = 'C:/Program Files/Unity/Hub/Editor/2021.3.41f1c1/Editor/Data/MonoBleedingEdge/lib/mono/unityjit-win32'
Mono config path = 'C:/Program Files/Unity/Hub/Editor/2021.3.41f1c1/Editor/Data/MonoBleedingEdge/etc'
Using monoOptions --debugger-agent=transport=dt_socket,embedding=1,server=y,suspend=n,address=127.0.0.1:56620
Begin MonoManager ReloadAssembly
Registering precompiled unity dll's ...
Register platform support module: C:/Program Files/Unity/Hub/Editor/2021.3.41f1c1/Editor/Data/PlaybackEngines/WebGLSupport/UnityEditor.WebGL.Extensions.dll
Register platform support module: C:/Program Files/Unity/Hub/Editor/2021.3.41f1c1/Editor/Data/PlaybackEngines/AndroidPlayer/UnityEditor.Android.Extensions.dll
Register platform support module: C:/Program Files/Unity/Hub/Editor/2021.3.41f1c1/Editor/Data/PlaybackEngines/WindowsStandaloneSupport/UnityEditor.WindowsStandalone.Extensions.dll
Registered in 0.010721 seconds.
Native extension for WindowsStandalone target not found
Native extension for Android target not found
Android SDK Build-tools component is not found. Make sure all tools are installed in the SDK manager.
UnityEngine.StackTraceUtility:ExtractStackTrace ()
UnityEngine.DebugLogHandler:LogFormat (UnityEngine.LogType,UnityEngine.Object,string,object[])
UnityEngine.Logger:Log (UnityEngine.LogType,object)
UnityEngine.Debug:LogError (object)
UnityEditor.Android.AndroidSDKTools:UpdateToolsDirectories ()
UnityEditor.Android.AndroidSDKTools:.ctor (string)
UnityEditor.Android.AndroidSDKTools:CreateAndroidSDKTools (string)
UnityEditor.Android.AndroidSDKTools:GetInstance<UnityEditor.Android.AndroidSDKTools> (UnityEditor.Android.AndroidSDKTools/InstanceCreator)
UnityEditor.Android.AndroidSDKTools:GetInstance ()
UnityEditor.Android.AndroidDeploymentTargetsExtension:GetMainThreadContext (bool)
UnityEditor.Android.TargetExtension:OnUsbDevicesChanged (UnityEditor.Hardware.UsbDevice[])
UnityEditor.Android.TargetExtension:OnLoad ()
UnityEditor.Modules.ModuleManager:InitializePlatformSupportModules ()

InvalidOperationException: Cannot start process because a file name has not been provided.
  at System.Diagnostics.Process.Start () [0x00024] in <a3c32f2a832547c1bce7833b919abc42>:0 
  at (wrapper remoting-invoke-with-check) System.Diagnostics.Process.Start()
  at UnityEditor.Android.ProgramAsShellExecute.Start (System.Diagnostics.ProcessStartInfo psi) [0x0000e] in <ab639f04fe68482e8095b4649da26631>:0 
  at UnityEditor.Android.Command.RunWithShellExecute (System.String command, System.String args, System.String workingdir, System.String errorMsg) [0x0003e] in <ab639f04fe68482e8095b4649da26631>:0 
  at UnityEditor.Android.ADB.StartServer () [0x00013] in <ab639f04fe68482e8095b4649da26631>:0 
  at UnityEditor.Android.ADB.Run (System.String[] command, UnityEditor.Android.Command+WaitingForProcessToExit waitingForProcessToExit, System.String errorMsg) [0x0000b] in <ab639f04fe68482e8095b4649da26631>:0 
  at UnityEditor.Android.AndroidDeploymentTargetsExtension.GetKnownTargets (UnityEditor.DeploymentTargets.IDeploymentTargetsMainThreadContext context, UnityEditor.ProgressHandler progressHandler) [0x002ae] in <ab639f04fe68482e8095b4649da26631>:0 
  at UnityEditor.Android.TargetScanWorker.ScanSync () [0x00039] in <ab639f04fe68482e8095b4649da26631>:0 
  at UnityEditor.Android.TargetExtension.OnUsbDevicesChanged (UnityEditor.Hardware.UsbDevice[] usbDevices) [0x00081] in <ab639f04fe68482e8095b4649da26631>:0 
  at UnityEditor.Android.TargetExtension.OnLoad () [0x0008d] in <ab639f04fe68482e8095b4649da26631>:0 
  at UnityEditor.Modules.ModuleManager.InitializePlatformSupportModules () [0x0009d] in <814ad583114542d98f219069942d9500>:0 

Refreshing native plugins compatible for Editor in 43.62 ms, found 2 plugins.
Preloading 0 native plugins for Editor in 0.00 ms.
Mono: successfully reloaded assembly
- Completed reload, in  0.963 seconds
Domain Reload Profiling:
	ReloadAssembly (964ms)
		BeginReloadAssembly (136ms)
			ExecutionOrderSort (0ms)
			DisableScriptedObjects (0ms)
			BackupInstance (0ms)
			ReleaseScriptingObjects (0ms)
			CreateAndSetChildDomain (1ms)
		EndReloadAssembly (680ms)
			LoadAssemblies (132ms)
			RebuildTransferFunctionScriptingTraits (0ms)
			SetupTypeCache (160ms)
			ReleaseScriptCaches (0ms)
			RebuildScriptCaches (40ms)
			SetupLoadedEditorAssemblies (421ms)
				LogAssemblyErrors (0ms)
				InitializePlatformSupportModulesInManaged (160ms)
				SetLoadedEditorAssemblies (0ms)
				RefreshPlugins (44ms)
				BeforeProcessingInitializeOnLoad (2ms)
				ProcessInitializeOnLoadAttributes (148ms)
				ProcessInitializeOnLoadMethodAttributes (68ms)
				AfterProcessingInitializeOnLoad (0ms)
				EditorAssembliesLoaded (0ms)
			ExecutionOrderSort2 (0ms)
			AwakeInstancesAfterBackupRestoration (0ms)
Native extension for WindowsStandalone target not found
Native extension for Android target not found
Native extension for WebGL target not found
Registering precompiled user dll's ...
Registered in 0.011621 seconds.
Begin MonoManager ReloadAssembly
Native extension for WindowsStandalone target not found
Native extension for Android target not found
Native extension for WebGL target not found
Refreshing native plugins compatible for Editor in 0.83 ms, found 2 plugins.
Preloading 0 native plugins for Editor in 0.00 ms.
Launched and connected shader compiler UnityShaderCompiler.exe after 0.07 seconds
Package Manager log level set to [2]
[Package Manager] Server::EnsureServerProcessIsRunning -- launch failed, reason: Unity was launched with the -noUpm command-line argument
[Package Manager] Cannot connect to Unity Package Manager local server
[Rider] [Warning] Rider plugin for Unity is present, but Rider executable was not found. Please update 'External Script Editor'.
UnityEngine.StackTraceUtility:ExtractStackTrace ()
UnityEngine.DebugLogHandler:LogFormat (UnityEngine.LogType,UnityEngine.Object,string,object[])
UnityEngine.Logger:Log (UnityEngine.LogType,object)
UnityEngine.Debug:LogWarning (object)
Plugins.Editor.JetBrains.RiderPlugin:Log (Plugins.Editor.JetBrains.RiderPlugin/LoggingLevel,string) (at Assets/Plugins/Editor/JetBrains/Unity3DRider.cs:289)
Plugins.Editor.JetBrains.RiderPlugin:GetDefaultApp () (at Assets/Plugins/Editor/JetBrains/Unity3DRider.cs:351)
Plugins.Editor.JetBrains.RiderPlugin:.cctor () (at Assets/Plugins/Editor/JetBrains/Unity3DRider.cs:394)
System.Runtime.CompilerServices.RuntimeHelpers:RunClassConstructor (System.RuntimeTypeHandle)
UnityEditor.EditorAssemblies:ProcessInitializeOnLoadAttributes (System.Type[])

(Filename: Assets/Plugins/Editor/JetBrains/Unity3DRider.cs Line: 289)

Mono: successfully reloaded assembly
- Completed reload, in  2.140 seconds
Domain Reload Profiling:
	ReloadAssembly (2142ms)
		BeginReloadAssembly (216ms)
			ExecutionOrderSort (0ms)
			DisableScriptedObjects (8ms)
			BackupInstance (0ms)
			ReleaseScriptingObjects (0ms)
			CreateAndSetChildDomain (35ms)
		EndReloadAssembly (1769ms)
			LoadAssemblies (157ms)
			RebuildTransferFunctionScriptingTraits (0ms)
			SetupTypeCache (285ms)
			ReleaseScriptCaches (1ms)
			RebuildScriptCaches (72ms)
			SetupLoadedEditorAssemblies (1260ms)
				LogAssemblyErrors (0ms)
				InitializePlatformSupportModulesInManaged (30ms)
				SetLoadedEditorAssemblies (1ms)
				RefreshPlugins (1ms)
				BeforeProcessingInitializeOnLoad (70ms)
				ProcessInitializeOnLoadAttributes (1111ms)
				ProcessInitializeOnLoadMethodAttributes (35ms)
				AfterProcessingInitializeOnLoad (12ms)
				EditorAssembliesLoaded (0ms)
			ExecutionOrderSort2 (0ms)
			AwakeInstancesAfterBackupRestoration (6ms)
Platform modules already initialized, skipping
========================================================================
Worker process is ready to serve import requests
Refreshing native plugins compatible for Editor in 0.85 ms, found 2 plugins.
Preloading 0 native plugins for Editor in 0.00 ms.
Unloading 2160 Unused Serialized files (Serialized files now loaded: 0)
Unloading 123 unused Assets / (1.4 MB). Loaded Objects now: 2580.
Memory consumption went from 139.5 MB to 138.1 MB.
Total: 5.282500 ms (FindLiveObjects: 0.264300 ms CreateObjectMapping: 0.127200 ms MarkObjects: 3.653100 ms  DeleteObjects: 1.236700 ms)

AssetImportParameters requested are different than current active one (requested -> active):
  custom:video-decoder-ogg-theora: a1e56fd34408186e4bbccfd4996cb3dc -> 
  custom:container-muxer-webm: aa71ff27fc2769a1b78a27578f13a17b -> 
  custom:container-demuxer-webm: 4f35f7cbe854078d1ac9338744f61a02 -> 
  custom:video-encoder-webm-vp8: eb34c28f22e8b96e1ab97ce403110664 -> 
  custom:CustomObjectIndexerAttribute: bc11b3a6c3213fcdd17b65e7da85e133 -> 
  custom:audio-encoder-webm-vorbis: bf7c407c2cedff20999df2af8eb42d56 -> 
  custom:framework-win-MediaFoundation: 216162199b28c13a410421893ffa2e32 -> 
  custom:SearchIndexIgnoredProperties: e643bd26f0fe6173181afceb89e7c659 -> 
  custom:container-demuxer-ogg: 62fdf1f143b41e24485cea50d1cbac27 -> 
  custom:video-decoder-webm-vp8: 9c59270c3fd7afecdb556c50c9e8de78 -> 
  custom:audio-decoder-ogg-vorbis: bf7c407c2cedff20999df2af8eb42d56 -> 
========================================================================
Received Import Request.
  Time since last request: 14149.669493 seconds.
  path: Assets/_Impostor 3/Arts/Prefabs
  artifactKey: Guid(00f5fd59c218dfd419d27bd2f2e44feb) Importer(815301076,1909f56bfc062723c751e8b465ee728b)
Number of updated assets reloaded before import = 0
Start importing Assets/_Impostor 3/Arts/Prefabs using Guid(00f5fd59c218dfd419d27bd2f2e44feb) Importer(815301076,1909f56bfc062723c751e8b465ee728b)  -> (artifact id: 'e90b36ebb3e787593c174a4b943a6afc') in 0.007060 seconds 
Number of asset objects unloaded after import = 0
========================================================================
Received Import Request.
  Time since last request: 32.742044 seconds.
  path: Assets/Spine Examples/Spine Skeletons/Hero/hero-pro_Material.mat
  artifactKey: Guid(9aa2023c2c91b254f9cb0a4fba19af00) Importer(815301076,1909f56bfc062723c751e8b465ee728b)
Number of updated assets reloaded before import = 0
Start importing Assets/Spine Examples/Spine Skeletons/Hero/hero-pro_Material.mat using Guid(9aa2023c2c91b254f9cb0a4fba19af00) Importer(815301076,1909f56bfc062723c751e8b465ee728b)  -> (artifact id: 'a38f246d50badc790e35f92ab38dcaa0') in 0.106281 seconds 
Number of asset objects unloaded after import = 2
========================================================================
Received Import Request.
  Time since last request: 0.047638 seconds.
  path: Assets/Spine Examples/Spine Skeletons/Goblins/goblins_Material.mat
  artifactKey: Guid(54091ef934c41eb4192f72bfd8e3bcc9) Importer(815301076,1909f56bfc062723c751e8b465ee728b)
Number of updated assets reloaded before import = 0
Start importing Assets/Spine Examples/Spine Skeletons/Goblins/goblins_Material.mat using Guid(54091ef934c41eb4192f72bfd8e3bcc9) Importer(815301076,1909f56bfc062723c751e8b465ee728b)  -> (artifact id: '23f06d948c536d2848717a14a0cfdb36') in 0.012764 seconds 
Number of asset objects unloaded after import = 2
========================================================================
Received Import Request.
  Time since last request: 0.060651 seconds.
  path: Assets/Spine Examples/Spine Skeletons/FootSoldier/FS_White_Material.mat
  artifactKey: Guid(5a3598dafa118754db95756064347da7) Importer(815301076,1909f56bfc062723c751e8b465ee728b)
Number of updated assets reloaded before import = 0
Start importing Assets/Spine Examples/Spine Skeletons/FootSoldier/FS_White_Material.mat using Guid(5a3598dafa118754db95756064347da7) Importer(815301076,1909f56bfc062723c751e8b465ee728b)  -> (artifact id: 'f120ab742b5fa1a493046569fcfab9d7') in 0.009500 seconds 
Number of asset objects unloaded after import = 2
========================================================================
Received Import Request.
  Time since last request: 0.154389 seconds.
  path: Assets/_Impostor 3/Arts/Fonts/SVN-Supercell Magic.otf
  artifactKey: Guid(918bf39cfb0784a4488054f72c048c16) Importer(815301076,1909f56bfc062723c751e8b465ee728b)
Number of updated assets reloaded before import = 0
Start importing Assets/_Impostor 3/Arts/Fonts/SVN-Supercell Magic.otf using Guid(918bf39cfb0784a4488054f72c048c16) Importer(815301076,1909f56bfc062723c751e8b465ee728b)  -> (artifact id: 'f6b6868456173ea546cadefa454b2ffe') in 0.037305 seconds 
Number of asset objects unloaded after import = 4
========================================================================
Received Import Request.
  Time since last request: 0.235202 seconds.
  path: Assets/_Impostor 3/Arts/VFX/Epic Toon FX/Materials/Confetti/confetti.mat
  artifactKey: Guid(3625342a449601544b410357b8e7f201) Importer(815301076,1909f56bfc062723c751e8b465ee728b)
Number of updated assets reloaded before import = 0
Start importing Assets/_Impostor 3/Arts/VFX/Epic Toon FX/Materials/Confetti/confetti.mat using Guid(3625342a449601544b410357b8e7f201) Importer(815301076,1909f56bfc062723c751e8b465ee728b)  -> (artifact id: 'dd334288f0d34737ff4817486176ef34') in 0.014010 seconds 
Number of asset objects unloaded after import = 2
========================================================================
Received Import Request.
  Time since last request: 0.001350 seconds.
  path: Assets/_Impostor 3/Arts/VFX/Epic Toon FX/Materials/Geometric/circle_additive.mat
  artifactKey: Guid(4bf10d94145fd6c4187c18de0af92e43) Importer(815301076,1909f56bfc062723c751e8b465ee728b)
Number of updated assets reloaded before import = 0
Start importing Assets/_Impostor 3/Arts/VFX/Epic Toon FX/Materials/Geometric/circle_additive.mat using Guid(4bf10d94145fd6c4187c18de0af92e43) Importer(815301076,1909f56bfc062723c751e8b465ee728b)  -> (artifact id: '8fdd66e1917ea537df45e701c47c0cc1') in 0.014346 seconds 
Number of asset objects unloaded after import = 2
========================================================================
Received Import Request.
  Time since last request: 61.331847 seconds.
  path: Assets/_Impostor 3/Arts/VFX/Impostor_Sit_Fix/Impostor_Sit Fix/imposter_sit_black.png
  artifactKey: Guid(fdc5cc97aeb8ea348b50d97262c6aea5) Importer(815301076,1909f56bfc062723c751e8b465ee728b)
Number of updated assets reloaded before import = 0
Start importing Assets/_Impostor 3/Arts/VFX/Impostor_Sit_Fix/Impostor_Sit Fix/imposter_sit_black.png using Guid(fdc5cc97aeb8ea348b50d97262c6aea5) Importer(815301076,1909f56bfc062723c751e8b465ee728b)  -> (artifact id: 'dfd24a967263f090a37a5e7d6a0c6701') in 0.049641 seconds 
Number of asset objects unloaded after import = 2
========================================================================
Received Import Request.
  Time since last request: 41.996648 seconds.
  path: Assets/image(2).png
  artifactKey: Guid(2ae4a8f42b1ea0f4b883b396d406844e) Importer(815301076,1909f56bfc062723c751e8b465ee728b)
Number of updated assets reloaded before import = 0
Start importing Assets/image(2).png using Guid(2ae4a8f42b1ea0f4b883b396d406844e) Importer(815301076,1909f56bfc062723c751e8b465ee728b)  -> (artifact id: '48fab027b2ea0d67241959a5368837d8') in 0.007177 seconds 
Number of asset objects unloaded after import = 2
========================================================================
Received Import Request.
  Time since last request: 0.000017 seconds.
  path: Assets/_Impostor 3/Arts/Impostor/imposter_sit_blue.png
  artifactKey: Guid(23320bce0e94c49479adacbf169706fb) Importer(815301076,1909f56bfc062723c751e8b465ee728b)
Number of updated assets reloaded before import = 0
Start importing Assets/_Impostor 3/Arts/Impostor/imposter_sit_blue.png using Guid(23320bce0e94c49479adacbf169706fb) Importer(815301076,1909f56bfc062723c751e8b465ee728b)  -> (artifact id: '04df34521add2789431611f20130a57a') in 0.033491 seconds 
Number of asset objects unloaded after import = 3
========================================================================
Received Import Request.
  Time since last request: 0.000018 seconds.
  path: Assets/_Impostor 3/Arts/Impostor/imposter_sit_purple.png
  artifactKey: Guid(813340bc6cfecf64c992ed4118901df9) Importer(815301076,1909f56bfc062723c751e8b465ee728b)
Number of updated assets reloaded before import = 0
Start importing Assets/_Impostor 3/Arts/Impostor/imposter_sit_purple.png using Guid(813340bc6cfecf64c992ed4118901df9) Importer(815301076,1909f56bfc062723c751e8b465ee728b)  -> (artifact id: '7fce405a2db48c344bbadf611879da3b') in 0.011394 seconds 
Number of asset objects unloaded after import = 3
========================================================================
Received Import Request.
  Time since last request: 0.000024 seconds.
  path: Assets/_Impostor 3/Arts/Impostor/imposter_sit_orange.png
  artifactKey: Guid(5d1132f6c642c7a49addea98af6a696d) Importer(815301076,1909f56bfc062723c751e8b465ee728b)
Number of updated assets reloaded before import = 0
Start importing Assets/_Impostor 3/Arts/Impostor/imposter_sit_orange.png using Guid(5d1132f6c642c7a49addea98af6a696d) Importer(815301076,1909f56bfc062723c751e8b465ee728b)  -> (artifact id: '4752e4e8a9f874c1fcfad934ce4e0c43') in 0.011622 seconds 
Number of asset objects unloaded after import = 3
========================================================================
Received Import Request.
  Time since last request: 0.000018 seconds.
  path: Assets/_Impostor 3/Arts/Impostor/imposter_sit_pink.png
  artifactKey: Guid(be291bc561e060d448f00381f55f990e) Importer(815301076,1909f56bfc062723c751e8b465ee728b)
Number of updated assets reloaded before import = 0
Start importing Assets/_Impostor 3/Arts/Impostor/imposter_sit_pink.png using Guid(be291bc561e060d448f00381f55f990e) Importer(815301076,1909f56bfc062723c751e8b465ee728b)  -> (artifact id: '29eb9450887989742512f4c568600f84') in 0.010938 seconds 
Number of asset objects unloaded after import = 3
========================================================================
Received Import Request.
  Time since last request: 1.415955 seconds.
  path: Assets/_Impostor 3/Arts/Impostor/imposter_sit_red.png
  artifactKey: Guid(be7cec369d798d1498b13f76dcf621f1) Importer(815301076,1909f56bfc062723c751e8b465ee728b)
Number of updated assets reloaded before import = 0
Start importing Assets/_Impostor 3/Arts/Impostor/imposter_sit_red.png using Guid(be7cec369d798d1498b13f76dcf621f1) Importer(815301076,1909f56bfc062723c751e8b465ee728b)  -> (artifact id: 'c01d06413ef8205ee7310497676e9f54') in 0.017247 seconds 
Number of asset objects unloaded after import = 3
========================================================================
Received Import Request.
  Time since last request: 0.002926 seconds.
  path: Assets/_Impostor 3/Arts/Impostor/imposter_sit_yellow.png
  artifactKey: Guid(20b1571667164fa4e8254f0a13ac4431) Importer(815301076,1909f56bfc062723c751e8b465ee728b)
Number of updated assets reloaded before import = 0
Start importing Assets/_Impostor 3/Arts/Impostor/imposter_sit_yellow.png using Guid(20b1571667164fa4e8254f0a13ac4431) Importer(815301076,1909f56bfc062723c751e8b465ee728b)  -> (artifact id: 'b7fd24b934389fce28172929ce3e5ce4') in 0.016611 seconds 
Number of asset objects unloaded after import = 3
========================================================================
Received Import Request.
  Time since last request: 0.004995 seconds.
  path: Assets/_Impostor 3/Arts/Impostor/imposter_stan_blue.png
  artifactKey: Guid(edb06128152ab1d479067d4aed86fa91) Importer(815301076,1909f56bfc062723c751e8b465ee728b)
Number of updated assets reloaded before import = 0
Start importing Assets/_Impostor 3/Arts/Impostor/imposter_stan_blue.png using Guid(edb06128152ab1d479067d4aed86fa91) Importer(815301076,1909f56bfc062723c751e8b465ee728b)  -> (artifact id: 'a2442b176c5813101f952e721dc9659f') in 0.014957 seconds 
Number of asset objects unloaded after import = 3
========================================================================
Received Import Request.
  Time since last request: 0.003679 seconds.
  path: Assets/_Impostor 3/Arts/Impostor/imposter_stan_green.png
  artifactKey: Guid(1e12c0062554dc247b64b60a71e98c03) Importer(815301076,1909f56bfc062723c751e8b465ee728b)
Number of updated assets reloaded before import = 0
Start importing Assets/_Impostor 3/Arts/Impostor/imposter_stan_green.png using Guid(1e12c0062554dc247b64b60a71e98c03) Importer(815301076,1909f56bfc062723c751e8b465ee728b)  -> (artifact id: '5b8b5a35821ded49fd9a035c0a864664') in 0.011641 seconds 
Number of asset objects unloaded after import = 3
========================================================================
Received Import Request.
  Time since last request: 0.223911 seconds.
  path: Assets/_Impostor 3/Arts/Impostor/imposter_stan_pink.png
  artifactKey: Guid(97ead2ed2e5bcca43b63c370f1003f5b) Importer(815301076,1909f56bfc062723c751e8b465ee728b)
Number of updated assets reloaded before import = 0
Start importing Assets/_Impostor 3/Arts/Impostor/imposter_stan_pink.png using Guid(97ead2ed2e5bcca43b63c370f1003f5b) Importer(815301076,1909f56bfc062723c751e8b465ee728b)  -> (artifact id: '5f1d54773c149afde8ff7dfb1ee65081') in 0.021260 seconds 
Number of asset objects unloaded after import = 3
========================================================================
Received Import Request.
  Time since last request: 0.000018 seconds.
  path: Assets/_Impostor 3/Arts/VFX/Impostor_2_Cry/Impostor 2 Cry/imposter_stan_red.png
  artifactKey: Guid(2c1c7a62b7cbe474383978765951653f) Importer(815301076,1909f56bfc062723c751e8b465ee728b)
Number of updated assets reloaded before import = 0
Start importing Assets/_Impostor 3/Arts/VFX/Impostor_2_Cry/Impostor 2 Cry/imposter_stan_red.png using Guid(2c1c7a62b7cbe474383978765951653f) Importer(815301076,1909f56bfc062723c751e8b465ee728b)  -> (artifact id: '44892cf7a2d232855470ec722a6f6240') in 0.006708 seconds 
Number of asset objects unloaded after import = 2
========================================================================
Received Import Request.
  Time since last request: 0.001317 seconds.
  path: Assets/_Impostor 3/Arts/VFX/Impostor/Impostor/imposter_stan_red.png
  artifactKey: Guid(c73952c493c2e6349b93383de245590a) Importer(815301076,1909f56bfc062723c751e8b465ee728b)
Number of updated assets reloaded before import = 0
Start importing Assets/_Impostor 3/Arts/VFX/Impostor/Impostor/imposter_stan_red.png using Guid(c73952c493c2e6349b93383de245590a) Importer(815301076,1909f56bfc062723c751e8b465ee728b)  -> (artifact id: '610bb4ac64212d7c2a97830736231004') in 0.006656 seconds 
Number of asset objects unloaded after import = 2
========================================================================
Received Import Request.
  Time since last request: 0.000016 seconds.
  path: Assets/_Impostor 3/Arts/Impostor/imposter_stan_white.png
  artifactKey: Guid(3236f976ac1f9eb4c8b3de60f8fcbf7d) Importer(815301076,1909f56bfc062723c751e8b465ee728b)
Number of updated assets reloaded before import = 0
Start importing Assets/_Impostor 3/Arts/Impostor/imposter_stan_white.png using Guid(3236f976ac1f9eb4c8b3de60f8fcbf7d) Importer(815301076,1909f56bfc062723c751e8b465ee728b)  -> (artifact id: '3bcbe42481c444c1b866ce9c603dc962') in 0.010420 seconds 
Number of asset objects unloaded after import = 3
========================================================================
Received Import Request.
  Time since last request: 0.000016 seconds.
  path: Assets/_Impostor 3/Arts/Impostor/imposter_stan_yellow.png
  artifactKey: Guid(add58f1cfb0cf794384a3e8961fce627) Importer(815301076,1909f56bfc062723c751e8b465ee728b)
Number of updated assets reloaded before import = 0
Start importing Assets/_Impostor 3/Arts/Impostor/imposter_stan_yellow.png using Guid(add58f1cfb0cf794384a3e8961fce627) Importer(815301076,1909f56bfc062723c751e8b465ee728b)  -> (artifact id: '5a331416ae62dcbf61cc4aa7c8d1e600') in 0.011581 seconds 
Number of asset objects unloaded after import = 3
========================================================================
Received Import Request.
  Time since last request: 0.217689 seconds.
  path: Assets/_Impostor 3/Arts/GUI/layer46.png
  artifactKey: Guid(b8a7e83125930974094ab97583b437bb) Importer(815301076,1909f56bfc062723c751e8b465ee728b)
Number of updated assets reloaded before import = 0
Start importing Assets/_Impostor 3/Arts/GUI/layer46.png using Guid(b8a7e83125930974094ab97583b437bb) Importer(815301076,1909f56bfc062723c751e8b465ee728b)  -> (artifact id: '684f31177c8e5b1ce88370ab635c87e5') in 0.212361 seconds 
Number of asset objects unloaded after import = 3
========================================================================
Received Import Request.
  Time since last request: 0.045447 seconds.
  path: Assets/Spine Examples/Spine Skeletons/mix-and-match/mix-and-match-pma.png
  artifactKey: Guid(a837e662e711d1a4ba0b4a9aeb141878) Importer(815301076,1909f56bfc062723c751e8b465ee728b)
Number of updated assets reloaded before import = 0
Start importing Assets/Spine Examples/Spine Skeletons/mix-and-match/mix-and-match-pma.png using Guid(a837e662e711d1a4ba0b4a9aeb141878) Importer(815301076,1909f56bfc062723c751e8b465ee728b)  -> (artifact id: '5f43d3654e43ea0b8b8f2fcf1d21e356') in 0.009006 seconds 
Number of asset objects unloaded after import = 2
========================================================================
Received Import Request.
  Time since last request: 0.012458 seconds.
  path: Assets/Plugins/Demigiant/DemiLib/Core/Editor/Imgs/orangeSquare.png
  artifactKey: Guid(3e730492361eb6e45be5c5fdafac23be) Importer(815301076,1909f56bfc062723c751e8b465ee728b)
Number of updated assets reloaded before import = 0
Start importing Assets/Plugins/Demigiant/DemiLib/Core/Editor/Imgs/orangeSquare.png using Guid(3e730492361eb6e45be5c5fdafac23be) Importer(815301076,1909f56bfc062723c751e8b465ee728b)  -> (artifact id: '5dee6c1b2dc713b9944ddff379b3116a') in 0.005763 seconds 
Number of asset objects unloaded after import = 2
========================================================================
Received Import Request.
  Time since last request: 0.014533 seconds.
  path: Assets/ThirdParties/Gizmos/PlayMakerFSM Icon.tiff
  artifactKey: Guid(f728493f9ebb2324d94581b928975c04) Importer(815301076,1909f56bfc062723c751e8b465ee728b)
Number of updated assets reloaded before import = 0
Start importing Assets/ThirdParties/Gizmos/PlayMakerFSM Icon.tiff using Guid(f728493f9ebb2324d94581b928975c04) Importer(815301076,1909f56bfc062723c751e8b465ee728b)  -> (artifact id: 'bf138c720c2425e6f7f804b06469556a') in 0.010973 seconds 
Number of asset objects unloaded after import = 2
========================================================================
Received Import Request.
  Time since last request: 0.009611 seconds.
  path: Assets/ThirdParties/Gizmos/PlayMakerGUI Icon.tiff
  artifactKey: Guid(7390251e5bc320f4abea3501d907f3e3) Importer(815301076,1909f56bfc062723c751e8b465ee728b)
Number of updated assets reloaded before import = 0
Start importing Assets/ThirdParties/Gizmos/PlayMakerGUI Icon.tiff using Guid(7390251e5bc320f4abea3501d907f3e3) Importer(815301076,1909f56bfc062723c751e8b465ee728b)  -> (artifact id: 'bfb61c4df1a28886ca714b6419f8da0d') in 0.006374 seconds 
Number of asset objects unloaded after import = 2
========================================================================
Received Import Request.
  Time since last request: 0.163859 seconds.
  path: Assets/ThirdParties/Gizmos/PlayMakerPrefs Icon.tiff
  artifactKey: Guid(4681a9805673831459ed595c2dc402d6) Importer(815301076,1909f56bfc062723c751e8b465ee728b)
Number of updated assets reloaded before import = 0
Start importing Assets/ThirdParties/Gizmos/PlayMakerPrefs Icon.tiff using Guid(4681a9805673831459ed595c2dc402d6) Importer(815301076,1909f56bfc062723c751e8b465ee728b)  -> (artifact id: '9ceaaf923adeb00b18ad62e3bb01be6c') in 0.012934 seconds 
Number of asset objects unloaded after import = 2
========================================================================
Received Import Request.
  Time since last request: 0.016079 seconds.
  path: Assets/ThirdParties/Gizmos/ProCamera2D/pro_camera_2d_icon.png
  artifactKey: Guid(67c8808fdefd0477fa15756c5b37b2bc) Importer(815301076,1909f56bfc062723c751e8b465ee728b)
Number of updated assets reloaded before import = 0
Start importing Assets/ThirdParties/Gizmos/ProCamera2D/pro_camera_2d_icon.png using Guid(67c8808fdefd0477fa15756c5b37b2bc) Importer(815301076,1909f56bfc062723c751e8b465ee728b)  -> (artifact id: '59db4d9ba75d6fd3fa899e243dd1e1f4') in 0.007001 seconds 
Number of asset objects unloaded after import = 2
========================================================================
Received Import Request.
  Time since last request: 0.020609 seconds.
  path: Assets/Plugins/Demigiant/DemiLib/Core/Editor/Imgs/purpleSquare.png
  artifactKey: Guid(dc0ca9b32ae9fd049911671cf1a480bf) Importer(815301076,1909f56bfc062723c751e8b465ee728b)
Number of updated assets reloaded before import = 0
Start importing Assets/Plugins/Demigiant/DemiLib/Core/Editor/Imgs/purpleSquare.png using Guid(dc0ca9b32ae9fd049911671cf1a480bf) Importer(815301076,1909f56bfc062723c751e8b465ee728b)  -> (artifact id: 'df6f8a5581b41dc9c52ed2be721a9d0a') in 0.008323 seconds 
Number of asset objects unloaded after import = 2
========================================================================
Received Import Request.
  Time since last request: 0.211637 seconds.
  path: Assets/Spine Examples/Spine Skeletons/Raptor/raptor.png
  artifactKey: Guid(4261719a8f729a644b2dab6113d1b0ea) Importer(815301076,1909f56bfc062723c751e8b465ee728b)
Number of updated assets reloaded before import = 0
Start importing Assets/Spine Examples/Spine Skeletons/Raptor/raptor.png using Guid(4261719a8f729a644b2dab6113d1b0ea) Importer(815301076,1909f56bfc062723c751e8b465ee728b)  -> (artifact id: 'f7019e73695bbc41179bcccda5fbcf70') in 0.014226 seconds 
Number of asset objects unloaded after import = 2
========================================================================
Received Import Request.
  Time since last request: 0.003221 seconds.
  path: Assets/Plugins/Demigiant/DemiLib/Core/Editor/Imgs/redSquare.png
  artifactKey: Guid(fbdd7ecf39c13bf48a5bd02a1159c90b) Importer(815301076,1909f56bfc062723c751e8b465ee728b)
Number of updated assets reloaded before import = 0
Start importing Assets/Plugins/Demigiant/DemiLib/Core/Editor/Imgs/redSquare.png using Guid(fbdd7ecf39c13bf48a5bd02a1159c90b) Importer(815301076,1909f56bfc062723c751e8b465ee728b)  -> (artifact id: 'b2c72e0ffce746bb3b500af1a1547924') in 0.006053 seconds 
Number of asset objects unloaded after import = 2
========================================================================
Received Import Request.
  Time since last request: 0.001026 seconds.
  path: Assets/Spine Examples/Spine Skeletons/spineboy-unity/spineboy.png
  artifactKey: Guid(49bb65eefe08e424bbf7a38bc98ec638) Importer(815301076,1909f56bfc062723c751e8b465ee728b)
Number of updated assets reloaded before import = 0
Start importing Assets/Spine Examples/Spine Skeletons/spineboy-unity/spineboy.png using Guid(49bb65eefe08e424bbf7a38bc98ec638) Importer(815301076,1909f56bfc062723c751e8b465ee728b)  -> (artifact id: '7fafbea7fb0ba67d7f3324273ee654a1') in 0.010187 seconds 
Number of asset objects unloaded after import = 2
========================================================================
Received Import Request.
  Time since last request: 0.032859 seconds.
  path: Assets/Spine Examples/Spine Skeletons/raptor-pro-and-mask/SpriteMask_Mask.png
  artifactKey: Guid(eb942ce288aa1654dbf5ed0cad424cdc) Importer(815301076,1909f56bfc062723c751e8b465ee728b)
Number of updated assets reloaded before import = 0
Start importing Assets/Spine Examples/Spine Skeletons/raptor-pro-and-mask/SpriteMask_Mask.png using Guid(eb942ce288aa1654dbf5ed0cad424cdc) Importer(815301076,1909f56bfc062723c751e8b465ee728b)  -> (artifact id: '34a70ea63b90f356186b7bf47644a951') in 0.025103 seconds 
Number of asset objects unloaded after import = 3
========================================================================
Received Import Request.
  Time since last request: 0.151407 seconds.
  path: Assets/Plugins/Demigiant/DemiLib/Core/Editor/Imgs/squareBorder.png
  artifactKey: Guid(afd7d0ddb1d6c744b9cb87ae49b2ce62) Importer(815301076,1909f56bfc062723c751e8b465ee728b)
Number of updated assets reloaded before import = 0
Start importing Assets/Plugins/Demigiant/DemiLib/Core/Editor/Imgs/squareBorder.png using Guid(afd7d0ddb1d6c744b9cb87ae49b2ce62) Importer(815301076,1909f56bfc062723c751e8b465ee728b)  -> (artifact id: 'bb679f003bc938a51b61e3cdf4f1e28e') in 0.008218 seconds 
Number of asset objects unloaded after import = 2
========================================================================
Received Import Request.
  Time since last request: 0.030019 seconds.
  path: Assets/Plugins/Demigiant/DemiLib/Core/Editor/Imgs/squareBorderCurved.png
  artifactKey: Guid(4896b5aa9d63dec498136c21ffce735b) Importer(815301076,1909f56bfc062723c751e8b465ee728b)
Number of updated assets reloaded before import = 0
Start importing Assets/Plugins/Demigiant/DemiLib/Core/Editor/Imgs/squareBorderCurved.png using Guid(4896b5aa9d63dec498136c21ffce735b) Importer(815301076,1909f56bfc062723c751e8b465ee728b)  -> (artifact id: '517d372a310b5339342265b6befc7867') in 0.008539 seconds 
Number of asset objects unloaded after import = 2
========================================================================
Received Import Request.
  Time since last request: 0.000018 seconds.
  path: Assets/Plugins/Demigiant/DemiLib/Core/Editor/Imgs/squareBorderCurved_darkBorders.png
  artifactKey: Guid(25da15ac84743244ab4c860cf8798ec8) Importer(815301076,1909f56bfc062723c751e8b465ee728b)
Number of updated assets reloaded before import = 0
Start importing Assets/Plugins/Demigiant/DemiLib/Core/Editor/Imgs/squareBorderCurved_darkBorders.png using Guid(25da15ac84743244ab4c860cf8798ec8) Importer(815301076,1909f56bfc062723c751e8b465ee728b)  -> (artifact id: '9c3c2c9a1893204c5e86a4b61501b4c4') in 0.007710 seconds 
Number of asset objects unloaded after import = 2
========================================================================
Received Import Request.
  Time since last request: 0.209592 seconds.
  path: Assets/Plugins/Demigiant/DemiLib/Core/Editor/Imgs/squareBorderCurved_darkBordersAlpha.png
  artifactKey: Guid(f536c51d3da3f2e4ca93ac8773ec2ad8) Importer(815301076,1909f56bfc062723c751e8b465ee728b)
Number of updated assets reloaded before import = 0
Start importing Assets/Plugins/Demigiant/DemiLib/Core/Editor/Imgs/squareBorderCurved_darkBordersAlpha.png using Guid(f536c51d3da3f2e4ca93ac8773ec2ad8) Importer(815301076,1909f56bfc062723c751e8b465ee728b)  -> (artifact id: '5f80194da89d8729ab435d04aaeeda47') in 0.011066 seconds 
Number of asset objects unloaded after import = 2
========================================================================
Received Import Request.
  Time since last request: 0.001871 seconds.
  path: Assets/Plugins/Demigiant/DemiLib/Core/Editor/Imgs/squareBorderCurvedEmpty.png
  artifactKey: Guid(4578222ee7a511446b0c340551bf8740) Importer(815301076,1909f56bfc062723c751e8b465ee728b)
Number of updated assets reloaded before import = 0
Start importing Assets/Plugins/Demigiant/DemiLib/Core/Editor/Imgs/squareBorderCurvedEmpty.png using Guid(4578222ee7a511446b0c340551bf8740) Importer(815301076,1909f56bfc062723c751e8b465ee728b)  -> (artifact id: 'adbab91a84d9bf253c66321236207a1b') in 0.010524 seconds 
Number of asset objects unloaded after import = 2
========================================================================
Received Import Request.
  Time since last request: 0.014769 seconds.
  path: Assets/Plugins/Demigiant/DemiLib/Core/Editor/Imgs/squareBorderCurvedEmptyThick.png
  artifactKey: Guid(fc3b86627d5fe1c4d865b80627e2e37c) Importer(815301076,1909f56bfc062723c751e8b465ee728b)
Number of updated assets reloaded before import = 0
Start importing Assets/Plugins/Demigiant/DemiLib/Core/Editor/Imgs/squareBorderCurvedEmptyThick.png using Guid(fc3b86627d5fe1c4d865b80627e2e37c) Importer(815301076,1909f56bfc062723c751e8b465ee728b)  -> (artifact id: '495afcae016e426f5b71730633312c62') in 0.015504 seconds 
Number of asset objects unloaded after import = 2
========================================================================
Received Import Request.
  Time since last request: 0.020737 seconds.
  path: Assets/Plugins/Demigiant/DemiLib/Core/Editor/Imgs/squareBorderEmpty01.png
  artifactKey: Guid(aa8dc9238ab21e54ca88fa22698e4679) Importer(815301076,1909f56bfc062723c751e8b465ee728b)
Number of updated assets reloaded before import = 0
Start importing Assets/Plugins/Demigiant/DemiLib/Core/Editor/Imgs/squareBorderEmpty01.png using Guid(aa8dc9238ab21e54ca88fa22698e4679) Importer(815301076,1909f56bfc062723c751e8b465ee728b)  -> (artifact id: '58c564098766fdf5de88a6bbf4f80397') in 0.005530 seconds 
Number of asset objects unloaded after import = 2
========================================================================
Received Import Request.
  Time since last request: 0.011755 seconds.
  path: Assets/Plugins/Demigiant/DemiLib/Core/Editor/Imgs/squareBorderEmpty03.png
  artifactKey: Guid(c0a56b88a1b449045b3fe5f561aa12fa) Importer(815301076,1909f56bfc062723c751e8b465ee728b)
Number of updated assets reloaded before import = 0
Start importing Assets/Plugins/Demigiant/DemiLib/Core/Editor/Imgs/squareBorderEmpty03.png using Guid(c0a56b88a1b449045b3fe5f561aa12fa) Importer(815301076,1909f56bfc062723c751e8b465ee728b)  -> (artifact id: '916d2dc037647a98522e42c6d6060af5') in 0.006893 seconds 
Number of asset objects unloaded after import = 2
========================================================================
Received Import Request.
  Time since last request: 41.719897 seconds.
  path: Assets/ThirdParties/Spine/Editor/spine-unity/Editor/GUI/icon-warning.png
  artifactKey: Guid(754d724c1bd750048852e8cf3d4a05ee) Importer(815301076,1909f56bfc062723c751e8b465ee728b)
Number of updated assets reloaded before import = 0
Start importing Assets/ThirdParties/Spine/Editor/spine-unity/Editor/GUI/icon-warning.png using Guid(754d724c1bd750048852e8cf3d4a05ee) Importer(815301076,1909f56bfc062723c751e8b465ee728b)  -> (artifact id: 'd984cb3669c6b1f4d91db20c1f1e34c4') in 0.013594 seconds 
Number of asset objects unloaded after import = 2
========================================================================
Received Import Request.
  Time since last request: 0.209304 seconds.
  path: Assets/ThirdParties/Spine/Editor/spine-unity/Editor/GUI/icon-spine.png
  artifactKey: Guid(4e7c964fa5e07024c8bf1debecc3b7c8) Importer(815301076,1909f56bfc062723c751e8b465ee728b)
Number of updated assets reloaded before import = 0
Start importing Assets/ThirdParties/Spine/Editor/spine-unity/Editor/GUI/icon-spine.png using Guid(4e7c964fa5e07024c8bf1debecc3b7c8) Importer(815301076,1909f56bfc062723c751e8b465ee728b)  -> (artifact id: '45daec30a80498cc8cf73858616d1c7b') in 0.016943 seconds 
Number of asset objects unloaded after import = 2
========================================================================
Received Import Request.
  Time since last request: 0.015315 seconds.
  path: Assets/ThirdParties/Spine/Editor/spine-unity/Editor/GUI/icon-slot.png
  artifactKey: Guid(0338faf3e7d93e2478fcbc022d13e081) Importer(815301076,1909f56bfc062723c751e8b465ee728b)
Number of updated assets reloaded before import = 0
Start importing Assets/ThirdParties/Spine/Editor/spine-unity/Editor/GUI/icon-slot.png using Guid(0338faf3e7d93e2478fcbc022d13e081) Importer(815301076,1909f56bfc062723c751e8b465ee728b)  -> (artifact id: '217bef9ab801c3739e1b8a01e3a99631') in 0.005640 seconds 
Number of asset objects unloaded after import = 2
========================================================================
Received Import Request.
  Time since last request: 0.030598 seconds.
  path: Assets/ThirdParties/Spine/Editor/spine-unity/Editor/GUI/icon-skinPlaceholder.png
  artifactKey: Guid(04c82a4acf7b5244e947f2709ec3a6cf) Importer(815301076,1909f56bfc062723c751e8b465ee728b)
Number of updated assets reloaded before import = 0
Start importing Assets/ThirdParties/Spine/Editor/spine-unity/Editor/GUI/icon-skinPlaceholder.png using Guid(04c82a4acf7b5244e947f2709ec3a6cf) Importer(815301076,1909f56bfc062723c751e8b465ee728b)  -> (artifact id: '46aff88bdb97d19360f525958a348579') in 0.010110 seconds 
Number of asset objects unloaded after import = 2
========================================================================
Received Import Request.
  Time since last request: 0.191458 seconds.
  path: Assets/ThirdParties/Spine/Editor/spine-unity/Editor/GUI/icon-skeletonUtility.png
  artifactKey: Guid(5bb0631368b462047869d8788673cb48) Importer(815301076,1909f56bfc062723c751e8b465ee728b)
Number of updated assets reloaded before import = 0
Start importing Assets/ThirdParties/Spine/Editor/spine-unity/Editor/GUI/icon-skeletonUtility.png using Guid(5bb0631368b462047869d8788673cb48) Importer(815301076,1909f56bfc062723c751e8b465ee728b)  -> (artifact id: 'e8bbce1bbca20e41278b2780214a1567') in 0.006488 seconds 
Number of asset objects unloaded after import = 2
========================================================================
Received Import Request.
  Time since last request: 0.028369 seconds.
  path: Assets/ThirdParties/Spine/Editor/spine-unity/Editor/GUI/icon-poseBones.png
  artifactKey: Guid(da6f6d414e43aac46a57cc5a87208db4) Importer(815301076,1909f56bfc062723c751e8b465ee728b)
Number of updated assets reloaded before import = 0
Start importing Assets/ThirdParties/Spine/Editor/spine-unity/Editor/GUI/icon-poseBones.png using Guid(da6f6d414e43aac46a57cc5a87208db4) Importer(815301076,1909f56bfc062723c751e8b465ee728b)  -> (artifact id: '06235f2b01f256c2f05da49c96d8dc2b') in 0.008290 seconds 
Number of asset objects unloaded after import = 2
========================================================================
Received Import Request.
  Time since last request: 0.251464 seconds.
  path: Assets/ThirdParties/Spine/Editor/spine-unity/Editor/GUI/icon-mesh.png
  artifactKey: Guid(a309a2e14638a204091b915126910f45) Importer(815301076,1909f56bfc062723c751e8b465ee728b)
Number of updated assets reloaded before import = 0
Start importing Assets/ThirdParties/Spine/Editor/spine-unity/Editor/GUI/icon-mesh.png using Guid(a309a2e14638a204091b915126910f45) Importer(815301076,1909f56bfc062723c751e8b465ee728b)  -> (artifact id: 'ef65e747a54318fd8fa192e11f1c1731') in 0.010386 seconds 
Number of asset objects unloaded after import = 2
========================================================================
Received Import Request.
  Time since last request: 0.007315 seconds.
  path: Assets/ThirdParties/Spine/Editor/spine-unity/Editor/GUI/icon-hingeChain.png
  artifactKey: Guid(2c2c6d283dcf3654baf40001c982891c) Importer(815301076,1909f56bfc062723c751e8b465ee728b)
Number of updated assets reloaded before import = 0
Start importing Assets/ThirdParties/Spine/Editor/spine-unity/Editor/GUI/icon-hingeChain.png using Guid(2c2c6d283dcf3654baf40001c982891c) Importer(815301076,1909f56bfc062723c751e8b465ee728b)  -> (artifact id: 'ebb4aa4608cbb0ea6c18b38d7335698c') in 0.005582 seconds 
Number of asset objects unloaded after import = 2
========================================================================
Received Import Request.
  Time since last request: 0.031864 seconds.
  path: Assets/ThirdParties/Spine/Editor/spine-unity/Editor/GUI/icon-constraintTransform.png
  artifactKey: Guid(4709175437c21f64bab9b061f98a49fc) Importer(815301076,1909f56bfc062723c751e8b465ee728b)
Number of updated assets reloaded before import = 0
Start importing Assets/ThirdParties/Spine/Editor/spine-unity/Editor/GUI/icon-constraintTransform.png using Guid(4709175437c21f64bab9b061f98a49fc) Importer(815301076,1909f56bfc062723c751e8b465ee728b)  -> (artifact id: 'ea2a02492377697101bfc0dd3040c385') in 0.006243 seconds 
Number of asset objects unloaded after import = 2
========================================================================
Received Import Request.
  Time since last request: 0.001902 seconds.
  path: Assets/ThirdParties/Spine/Editor/spine-unity/Editor/GUI/icon-constraintPath.png
  artifactKey: Guid(c1aae98dd56b14c4b8c25360000b7e9e) Importer(815301076,1909f56bfc062723c751e8b465ee728b)
Number of updated assets reloaded before import = 0
Start importing Assets/ThirdParties/Spine/Editor/spine-unity/Editor/GUI/icon-constraintPath.png using Guid(c1aae98dd56b14c4b8c25360000b7e9e) Importer(815301076,1909f56bfc062723c751e8b465ee728b)  -> (artifact id: '046461316648b69fb870d5930d7ccaab') in 0.005359 seconds 
Number of asset objects unloaded after import = 2
========================================================================
Received Import Request.
  Time since last request: 0.208822 seconds.
  path: Assets/ThirdParties/Spine/Editor/spine-unity/Editor/GUI/icon-constraintIK.png
  artifactKey: Guid(02822eb69e09dd947b434ab81e3d938f) Importer(815301076,1909f56bfc062723c751e8b465ee728b)
Number of updated assets reloaded before import = 0
Start importing Assets/ThirdParties/Spine/Editor/spine-unity/Editor/GUI/icon-constraintIK.png using Guid(02822eb69e09dd947b434ab81e3d938f) Importer(815301076,1909f56bfc062723c751e8b465ee728b)  -> (artifact id: 'a8e7a957eb48134401ccb0dd14dcbd26') in 0.006862 seconds 
Number of asset objects unloaded after import = 2
========================================================================
Received Import Request.
  Time since last request: 0.031069 seconds.
  path: Assets/ThirdParties/Spine/Editor/spine-unity/Editor/GUI/icon-boundingBox.png
  artifactKey: Guid(955aed20030d0504b8a9c6934a5cb47a) Importer(815301076,1909f56bfc062723c751e8b465ee728b)
Number of updated assets reloaded before import = 0
Start importing Assets/ThirdParties/Spine/Editor/spine-unity/Editor/GUI/icon-boundingBox.png using Guid(955aed20030d0504b8a9c6934a5cb47a) Importer(815301076,1909f56bfc062723c751e8b465ee728b)  -> (artifact id: 'ff2a6416de1dabc253c214a3bc317cde') in 0.005900 seconds 
Number of asset objects unloaded after import = 2
========================================================================
Received Import Request.
  Time since last request: 0.025074 seconds.
  path: Assets/ThirdParties/Spine/Editor/spine-unity/Editor/GUI/icon-bone.png
  artifactKey: Guid(8322793223a533a4ca8be6f430256dfc) Importer(815301076,1909f56bfc062723c751e8b465ee728b)
Number of updated assets reloaded before import = 0
Start importing Assets/ThirdParties/Spine/Editor/spine-unity/Editor/GUI/icon-bone.png using Guid(8322793223a533a4ca8be6f430256dfc) Importer(815301076,1909f56bfc062723c751e8b465ee728b)  -> (artifact id: 'e42e3ebc5038be0eabf0a030cb16e462') in 0.008758 seconds 
Number of asset objects unloaded after import = 2
========================================================================
Received Import Request.
  Time since last request: 0.181637 seconds.
  path: Assets/ThirdParties/Spine/Editor/spine-unity/Editor/GUI/icon-animationRoot.png
  artifactKey: Guid(3d1be4ea889f3a14b864352fe49a1bde) Importer(815301076,1909f56bfc062723c751e8b465ee728b)
Number of updated assets reloaded before import = 0
Start importing Assets/ThirdParties/Spine/Editor/spine-unity/Editor/GUI/icon-animationRoot.png using Guid(3d1be4ea889f3a14b864352fe49a1bde) Importer(815301076,1909f56bfc062723c751e8b465ee728b)  -> (artifact id: 'cc24cb7fa59eeac45fce8fca809ecd17') in 0.013517 seconds 
Number of asset objects unloaded after import = 2
========================================================================
Received Import Request.
  Time since last request: 0.004182 seconds.
  path: Assets/_Impostor 3/Arts/Icon/Icon imposter_2.png
  artifactKey: Guid(283da9f0dda9caa4aa1e3967c83956cf) Importer(815301076,1909f56bfc062723c751e8b465ee728b)
Number of updated assets reloaded before import = 0
Start importing Assets/_Impostor 3/Arts/Icon/Icon imposter_2.png using Guid(283da9f0dda9caa4aa1e3967c83956cf) Importer(815301076,1909f56bfc062723c751e8b465ee728b)  -> (artifact id: '86ae647e38df585f0b6668f4fbb77c14') in 0.009680 seconds 
Number of asset objects unloaded after import = 2
========================================================================
Received Import Request.
  Time since last request: 0.654219 seconds.
  path: Assets/Plugins/Demigiant/DemiLib/Core/Editor/Imgs/ico_visibility.png
  artifactKey: Guid(55c2b426022dac44f9b25f0cba28aa45) Importer(815301076,1909f56bfc062723c751e8b465ee728b)
Number of updated assets reloaded before import = 0
Start importing Assets/Plugins/Demigiant/DemiLib/Core/Editor/Imgs/ico_visibility.png using Guid(55c2b426022dac44f9b25f0cba28aa45) Importer(815301076,1909f56bfc062723c751e8b465ee728b)  -> (artifact id: '6c3bf88bbe970395ba723e3501af2a1c') in 0.005772 seconds 
Number of asset objects unloaded after import = 2
========================================================================
Received Import Request.
  Time since last request: 0.024646 seconds.
  path: Assets/Plugins/Demigiant/DemiLib/Core/Editor/Imgs/ico_ui.png
  artifactKey: Guid(cb46e1d925af22d43a6f8bf0e1d459e6) Importer(815301076,1909f56bfc062723c751e8b465ee728b)
Number of updated assets reloaded before import = 0
Start importing Assets/Plugins/Demigiant/DemiLib/Core/Editor/Imgs/ico_ui.png using Guid(cb46e1d925af22d43a6f8bf0e1d459e6) Importer(815301076,1909f56bfc062723c751e8b465ee728b)  -> (artifact id: '6fd44f4fa6802e790f1ddcde2fc22c70') in 0.008588 seconds 
Number of asset objects unloaded after import = 2
========================================================================
Received Import Request.
  Time since last request: 0.031141 seconds.
  path: Assets/Plugins/Demigiant/DemiLib/Core/Editor/Imgs/project/ico_terrains.png
  artifactKey: Guid(4a091a7609ef2d34bbdfaa1a886deb18) Importer(815301076,1909f56bfc062723c751e8b465ee728b)
Number of updated assets reloaded before import = 0
Start importing Assets/Plugins/Demigiant/DemiLib/Core/Editor/Imgs/project/ico_terrains.png using Guid(4a091a7609ef2d34bbdfaa1a886deb18) Importer(815301076,1909f56bfc062723c751e8b465ee728b)  -> (artifact id: 'c997ddb773b0a4d68f4a1dddaf714a81') in 0.008696 seconds 
Number of asset objects unloaded after import = 2
========================================================================
Received Import Request.
  Time since last request: 0.196764 seconds.
  path: Assets/Plugins/Demigiant/DemiLib/Core/Editor/Imgs/project/ico_star.png
  artifactKey: Guid(21820ec6fc9dd0b4fbf42a3b93fdad4e) Importer(815301076,1909f56bfc062723c751e8b465ee728b)
Number of updated assets reloaded before import = 0
Start importing Assets/Plugins/Demigiant/DemiLib/Core/Editor/Imgs/project/ico_star.png using Guid(21820ec6fc9dd0b4fbf42a3b93fdad4e) Importer(815301076,1909f56bfc062723c751e8b465ee728b)  -> (artifact id: '73cf1e5e2eef97d3306212dc6d9f1446') in 0.005611 seconds 
Number of asset objects unloaded after import = 2
========================================================================
Received Import Request.
  Time since last request: 0.038680 seconds.
  path: Assets/Plugins/Demigiant/DemiLib/Core/Editor/Imgs/ico_skull_border.png
  artifactKey: Guid(6dfd924c0ba23844fb5d04ad1560de22) Importer(815301076,1909f56bfc062723c751e8b465ee728b)
Number of updated assets reloaded before import = 0
Start importing Assets/Plugins/Demigiant/DemiLib/Core/Editor/Imgs/ico_skull_border.png using Guid(6dfd924c0ba23844fb5d04ad1560de22) Importer(815301076,1909f56bfc062723c751e8b465ee728b)  -> (artifact id: 'e41bc4713b72df571e4ed5b8cbcaf850') in 0.006124 seconds 
Number of asset objects unloaded after import = 2
========================================================================
Received Import Request.
  Time since last request: 0.264488 seconds.
  path: Assets/Plugins/Demigiant/DemiLib/Core/Editor/Imgs/ico_skull.png
  artifactKey: Guid(01976ad42d31f494e8040d3e32e283dc) Importer(815301076,1909f56bfc062723c751e8b465ee728b)
Number of updated assets reloaded before import = 0
Start importing Assets/Plugins/Demigiant/DemiLib/Core/Editor/Imgs/ico_skull.png using Guid(01976ad42d31f494e8040d3e32e283dc) Importer(815301076,1909f56bfc062723c751e8b465ee728b)  -> (artifact id: '5c9c9c06f976f4792c714579a11ec913') in 0.005678 seconds 
Number of asset objects unloaded after import = 2
========================================================================
Received Import Request.
  Time since last request: 0.040417 seconds.
  path: Assets/Plugins/Demigiant/DemiLib/Core/Editor/Imgs/project/ico_scripts.png
  artifactKey: Guid(96cbdf605b8ddb34da384703f2d0b849) Importer(815301076,1909f56bfc062723c751e8b465ee728b)
Number of updated assets reloaded before import = 0
Start importing Assets/Plugins/Demigiant/DemiLib/Core/Editor/Imgs/project/ico_scripts.png using Guid(96cbdf605b8ddb34da384703f2d0b849) Importer(815301076,1909f56bfc062723c751e8b465ee728b)  -> (artifact id: '9d342f461b4481453c8b3cbe862a41e2') in 0.005623 seconds 
Number of asset objects unloaded after import = 2
========================================================================
Received Import Request.
  Time since last request: 0.039717 seconds.
  path: Assets/Plugins/Demigiant/DemiLib/Core/Editor/Imgs/ico_play_border.png
  artifactKey: Guid(45e128e1cf00555479ee7934ab11cadf) Importer(815301076,1909f56bfc062723c751e8b465ee728b)
Number of updated assets reloaded before import = 0
Start importing Assets/Plugins/Demigiant/DemiLib/Core/Editor/Imgs/ico_play_border.png using Guid(45e128e1cf00555479ee7934ab11cadf) Importer(815301076,1909f56bfc062723c751e8b465ee728b)  -> (artifact id: 'b3359bc9deacae83fc1893fea15b27ed') in 0.005785 seconds 
Number of asset objects unloaded after import = 2
========================================================================
Received Import Request.
  Time since last request: 0.039482 seconds.
  path: Assets/Plugins/Demigiant/DemiLib/Core/Editor/Imgs/ico_play.png
  artifactKey: Guid(2a563a43c33f0f3428d02b3a43886fc2) Importer(815301076,1909f56bfc062723c751e8b465ee728b)
Number of updated assets reloaded before import = 0
Start importing Assets/Plugins/Demigiant/DemiLib/Core/Editor/Imgs/ico_play.png using Guid(2a563a43c33f0f3428d02b3a43886fc2) Importer(815301076,1909f56bfc062723c751e8b465ee728b)  -> (artifact id: '9d38117a39e204ed9d4416a3a525b60d') in 0.021760 seconds 
Number of asset objects unloaded after import = 2
========================================================================
Received Import Request.
  Time since last request: 0.240586 seconds.
  path: Assets/Plugins/Demigiant/DemiLib/Core/Editor/Imgs/ico_optionsDropdown.png
  artifactKey: Guid(62a48d93e78c63b4ea9b46537c7c0091) Importer(815301076,1909f56bfc062723c751e8b465ee728b)
Number of updated assets reloaded before import = 0
Start importing Assets/Plugins/Demigiant/DemiLib/Core/Editor/Imgs/ico_optionsDropdown.png using Guid(62a48d93e78c63b4ea9b46537c7c0091) Importer(815301076,1909f56bfc062723c751e8b465ee728b)  -> (artifact id: 'cebe92256562cbd57836afabe85c7b5a') in 0.005912 seconds 
Number of asset objects unloaded after import = 2
========================================================================
Received Import Request.
  Time since last request: 0.019840 seconds.
  path: Assets/Plugins/Demigiant/DemiLib/Core/Editor/Imgs/ico_nodeArrow.png
  artifactKey: Guid(4aa34055b1d36ef479af3d7b5701b28a) Importer(815301076,1909f56bfc062723c751e8b465ee728b)
Number of updated assets reloaded before import = 0
Start importing Assets/Plugins/Demigiant/DemiLib/Core/Editor/Imgs/ico_nodeArrow.png using Guid(4aa34055b1d36ef479af3d7b5701b28a) Importer(815301076,1909f56bfc062723c751e8b465ee728b)  -> (artifact id: '5a855325ec1d410be6e06d71e1d311b8') in 0.013948 seconds 
Number of asset objects unloaded after import = 2
========================================================================
Received Import Request.
  Time since last request: 0.203473 seconds.
  path: Assets/Plugins/Demigiant/DemiLib/Core/Editor/Imgs/project/ico_materials.png
  artifactKey: Guid(e02713e10d7aced44a7a651231f0adef) Importer(815301076,1909f56bfc062723c751e8b465ee728b)
Number of updated assets reloaded before import = 0
Start importing Assets/Plugins/Demigiant/DemiLib/Core/Editor/Imgs/project/ico_materials.png using Guid(e02713e10d7aced44a7a651231f0adef) Importer(815301076,1909f56bfc062723c751e8b465ee728b)  -> (artifact id: 'b9a6e38aa7f84d6d5d098ed71dfde57a') in 0.005803 seconds 
Number of asset objects unloaded after import = 2
========================================================================
Received Import Request.
  Time since last request: 0.020146 seconds.
  path: Assets/Plugins/Demigiant/DemiLib/Core/Editor/Imgs/ico_lock.png
  artifactKey: Guid(e3d0592dad579e141924133869455c53) Importer(815301076,1909f56bfc062723c751e8b465ee728b)
Number of updated assets reloaded before import = 0
Start importing Assets/Plugins/Demigiant/DemiLib/Core/Editor/Imgs/ico_lock.png using Guid(e3d0592dad579e141924133869455c53) Importer(815301076,1909f56bfc062723c751e8b465ee728b)  -> (artifact id: '1ed869232842db153c32299a0e7fc1c1') in 0.005468 seconds 
Number of asset objects unloaded after import = 2
========================================================================
Received Import Request.
  Time since last request: 0.022356 seconds.
  path: Assets/Plugins/Demigiant/DemiLib/Core/Editor/Imgs/ico_light.png
  artifactKey: Guid(4f69b96f9308d8f4ea239773ef5b55c4) Importer(815301076,1909f56bfc062723c751e8b465ee728b)
Number of updated assets reloaded before import = 0
Start importing Assets/Plugins/Demigiant/DemiLib/Core/Editor/Imgs/ico_light.png using Guid(4f69b96f9308d8f4ea239773ef5b55c4) Importer(815301076,1909f56bfc062723c751e8b465ee728b)  -> (artifact id: '769584c32b32195e0c49a68b7cb39121') in 0.006697 seconds 
Number of asset objects unloaded after import = 2
========================================================================
Received Import Request.
  Time since last request: 0.018593 seconds.
  path: Assets/Plugins/Demigiant/DemiLib/Core/Editor/Imgs/project/ico_heart.png
  artifactKey: Guid(20794834c0a413f408b80110d0fc73b8) Importer(815301076,1909f56bfc062723c751e8b465ee728b)
Number of updated assets reloaded before import = 0
Start importing Assets/Plugins/Demigiant/DemiLib/Core/Editor/Imgs/project/ico_heart.png using Guid(20794834c0a413f408b80110d0fc73b8) Importer(815301076,1909f56bfc062723c751e8b465ee728b)  -> (artifact id: 'add539b9d557e84cef42f8cc134c7380') in 0.006180 seconds 
Number of asset objects unloaded after import = 2
========================================================================
Received Import Request.
  Time since last request: 0.197881 seconds.
  path: Assets/Plugins/Demigiant/DemiLib/Core/Editor/Imgs/project/ico_fonts.png
  artifactKey: Guid(cf986943c88c2254780c17b2b5e3bc2f) Importer(815301076,1909f56bfc062723c751e8b465ee728b)
Number of updated assets reloaded before import = 0
Start importing Assets/Plugins/Demigiant/DemiLib/Core/Editor/Imgs/project/ico_fonts.png using Guid(cf986943c88c2254780c17b2b5e3bc2f) Importer(815301076,1909f56bfc062723c751e8b465ee728b)  -> (artifact id: 'b3ed900b3dda989e5faa624b270c8e85') in 0.012469 seconds 
Number of asset objects unloaded after import = 2
========================================================================
Received Import Request.
  Time since last request: 0.027255 seconds.
  path: Assets/Plugins/Demigiant/DemiLib/Core/Editor/Imgs/ico_foldout_closed.png
  artifactKey: Guid(301c130dbb4bbba4e87072804939c861) Importer(815301076,1909f56bfc062723c751e8b465ee728b)
Number of updated assets reloaded before import = 0
Start importing Assets/Plugins/Demigiant/DemiLib/Core/Editor/Imgs/ico_foldout_closed.png using Guid(301c130dbb4bbba4e87072804939c861) Importer(815301076,1909f56bfc062723c751e8b465ee728b)  -> (artifact id: '4716ba533a8e477a44ddcce362af5ace') in 0.006740 seconds 
Number of asset objects unloaded after import = 2
========================================================================
Received Import Request.
  Time since last request: 0.208221 seconds.
  path: Assets/Plugins/Demigiant/DemiLib/Core/Editor/Imgs/ico_flipV.png
  artifactKey: Guid(c44ae4a96937e2c4b8be481648364682) Importer(815301076,1909f56bfc062723c751e8b465ee728b)
Number of updated assets reloaded before import = 0
Start importing Assets/Plugins/Demigiant/DemiLib/Core/Editor/Imgs/ico_flipV.png using Guid(c44ae4a96937e2c4b8be481648364682) Importer(815301076,1909f56bfc062723c751e8b465ee728b)  -> (artifact id: '901b1e41c2bfe06955f0ba1994dc30a1') in 0.010525 seconds 
Number of asset objects unloaded after import = 2
========================================================================
Received Import Request.
  Time since last request: 0.025397 seconds.
  path: Assets/Plugins/Demigiant/DemiLib/Core/Editor/Imgs/ico_distributeVAlignL.png
  artifactKey: Guid(32eaa0efb2b38774ea9705b40fdcc00a) Importer(815301076,1909f56bfc062723c751e8b465ee728b)
Number of updated assets reloaded before import = 0
Start importing Assets/Plugins/Demigiant/DemiLib/Core/Editor/Imgs/ico_distributeVAlignL.png using Guid(32eaa0efb2b38774ea9705b40fdcc00a) Importer(815301076,1909f56bfc062723c751e8b465ee728b)  -> (artifact id: 'c0d448e1c981e9089927b76eab73ea20') in 0.006652 seconds 
Number of asset objects unloaded after import = 2
========================================================================
Received Import Request.
  Time since last request: 0.227828 seconds.
  path: Assets/Plugins/Demigiant/DemiLib/Core/Editor/Imgs/ico_delete.png
  artifactKey: Guid(6b1f9e1e1c2cf004b8e3bdd3033a8e75) Importer(815301076,1909f56bfc062723c751e8b465ee728b)
Number of updated assets reloaded before import = 0
Start importing Assets/Plugins/Demigiant/DemiLib/Core/Editor/Imgs/ico_delete.png using Guid(6b1f9e1e1c2cf004b8e3bdd3033a8e75) Importer(815301076,1909f56bfc062723c751e8b465ee728b)  -> (artifact id: 'f98264299e1c282640428b49890b75d8') in 0.014920 seconds 
Number of asset objects unloaded after import = 2
========================================================================
Received Import Request.
  Time since last request: 0.038271 seconds.
  path: Assets/Plugins/Demigiant/DemiLib/Core/Editor/Imgs/ico_cog_border.png
  artifactKey: Guid(6862027f2176eae40a3143c562466a1b) Importer(815301076,1909f56bfc062723c751e8b465ee728b)
Number of updated assets reloaded before import = 0
Start importing Assets/Plugins/Demigiant/DemiLib/Core/Editor/Imgs/ico_cog_border.png using Guid(6862027f2176eae40a3143c562466a1b) Importer(815301076,1909f56bfc062723c751e8b465ee728b)  -> (artifact id: '54855cd55bc621a6356af12bc8cb7d6e') in 0.006357 seconds 
Number of asset objects unloaded after import = 2
========================================================================
Received Import Request.
  Time since last request: 0.002299 seconds.
  path: Assets/Plugins/Demigiant/DemiLib/Core/Editor/Imgs/ico_cog.png
  artifactKey: Guid(7c83a08052c9e2f49b47897a637994de) Importer(815301076,1909f56bfc062723c751e8b465ee728b)
Number of updated assets reloaded before import = 0
Start importing Assets/Plugins/Demigiant/DemiLib/Core/Editor/Imgs/ico_cog.png using Guid(7c83a08052c9e2f49b47897a637994de) Importer(815301076,1909f56bfc062723c751e8b465ee728b)  -> (artifact id: '41e5c958f22f9e4aeb434f3e2dbbf6a4') in 0.009022 seconds 
Number of asset objects unloaded after import = 2
========================================================================
Received Import Request.
  Time since last request: 0.226391 seconds.
  path: Assets/Plugins/Demigiant/DemiLib/Core/Editor/Imgs/ico_camera.png
  artifactKey: Guid(37639be6148186645bca3fce45d5aa22) Importer(815301076,1909f56bfc062723c751e8b465ee728b)
Number of updated assets reloaded before import = 0
Start importing Assets/Plugins/Demigiant/DemiLib/Core/Editor/Imgs/ico_camera.png using Guid(37639be6148186645bca3fce45d5aa22) Importer(815301076,1909f56bfc062723c751e8b465ee728b)  -> (artifact id: '626ea1c38f8a032c4c749454ce689b41') in 0.014467 seconds 
Number of asset objects unloaded after import = 2
========================================================================
Received Import Request.
  Time since last request: 0.028071 seconds.
  path: Assets/Plugins/Demigiant/DemiLib/Core/Editor/Imgs/project/ico_audio.png
  artifactKey: Guid(e1af8927fb6f5634896d59aed409a589) Importer(815301076,1909f56bfc062723c751e8b465ee728b)
Number of updated assets reloaded before import = 0
Start importing Assets/Plugins/Demigiant/DemiLib/Core/Editor/Imgs/project/ico_audio.png using Guid(e1af8927fb6f5634896d59aed409a589) Importer(815301076,1909f56bfc062723c751e8b465ee728b)  -> (artifact id: '39c340f796fbd0fe3e77b2f2416cbe0d') in 0.010218 seconds 
Number of asset objects unloaded after import = 2
========================================================================
Received Import Request.
  Time since last request: 0.022694 seconds.
  path: Assets/Plugins/Demigiant/DemiLib/Core/Editor/Imgs/ico_alignVC.png
  artifactKey: Guid(d1d45eadab0e41c4a82cdffb6396b1d7) Importer(815301076,1909f56bfc062723c751e8b465ee728b)
Number of updated assets reloaded before import = 0
Start importing Assets/Plugins/Demigiant/DemiLib/Core/Editor/Imgs/ico_alignVC.png using Guid(d1d45eadab0e41c4a82cdffb6396b1d7) Importer(815301076,1909f56bfc062723c751e8b465ee728b)  -> (artifact id: '6d12c37191b3131436d4ce5da25c92a1') in 0.006270 seconds 
Number of asset objects unloaded after import = 2
========================================================================
Received Import Request.
  Time since last request: 0.218464 seconds.
  path: Assets/Plugins/Demigiant/DemiLib/Core/Editor/Imgs/ico_alignTL.png
  artifactKey: Guid(6efe1c8569d975640ba0c9f2ac4a9d61) Importer(815301076,1909f56bfc062723c751e8b465ee728b)
Number of updated assets reloaded before import = 0
Start importing Assets/Plugins/Demigiant/DemiLib/Core/Editor/Imgs/ico_alignTL.png using Guid(6efe1c8569d975640ba0c9f2ac4a9d61) Importer(815301076,1909f56bfc062723c751e8b465ee728b)  -> (artifact id: '0fb8b7a48c2fa7424b4eb54c7a87313d') in 0.014006 seconds 
Number of asset objects unloaded after import = 2
========================================================================
Received Import Request.
  Time since last request: 0.237708 seconds.
  path: Assets/Plugins/Demigiant/DemiLib/Core/Editor/Imgs/ico_alignL.png
  artifactKey: Guid(d18ceface0c20014b8db4bba05a41b83) Importer(815301076,1909f56bfc062723c751e8b465ee728b)
Number of updated assets reloaded before import = 0
Start importing Assets/Plugins/Demigiant/DemiLib/Core/Editor/Imgs/ico_alignL.png using Guid(d18ceface0c20014b8db4bba05a41b83) Importer(815301076,1909f56bfc062723c751e8b465ee728b)  -> (artifact id: '6107117b49f795364865d07f403bc595') in 0.014963 seconds 
Number of asset objects unloaded after import = 2
========================================================================
Received Import Request.
  Time since last request: 0.019767 seconds.
  path: Assets/Plugins/Demigiant/DemiLib/Core/Editor/Imgs/ico_alignCR.png
  artifactKey: Guid(6f504a3fa8848264bb4fb9bb7d582dd5) Importer(815301076,1909f56bfc062723c751e8b465ee728b)
Number of updated assets reloaded before import = 0
Start importing Assets/Plugins/Demigiant/DemiLib/Core/Editor/Imgs/ico_alignCR.png using Guid(6f504a3fa8848264bb4fb9bb7d582dd5) Importer(815301076,1909f56bfc062723c751e8b465ee728b)  -> (artifact id: '61c121b8ceef838137e8a4ab2a88cb40') in 0.006246 seconds 
Number of asset objects unloaded after import = 2
========================================================================
Received Import Request.
  Time since last request: 0.017245 seconds.
  path: Assets/Plugins/Demigiant/DemiLib/Core/Editor/Imgs/ico_alignCC.png
  artifactKey: Guid(8f0cb66458819764b94b93250bae94b6) Importer(815301076,1909f56bfc062723c751e8b465ee728b)
Number of updated assets reloaded before import = 0
Start importing Assets/Plugins/Demigiant/DemiLib/Core/Editor/Imgs/ico_alignCC.png using Guid(8f0cb66458819764b94b93250bae94b6) Importer(815301076,1909f56bfc062723c751e8b465ee728b)  -> (artifact id: 'f7dc3fa58c8a01b3325f6a29bf5f60b7') in 0.008706 seconds 
Number of asset objects unloaded after import = 2
========================================================================
Received Import Request.
  Time since last request: 0.017051 seconds.
  path: Assets/Plugins/Demigiant/DemiLib/Core/Editor/Imgs/ico_alignBL.png
  artifactKey: Guid(abf8a615f379ef44b9ac872a13b7712f) Importer(815301076,1909f56bfc062723c751e8b465ee728b)
Number of updated assets reloaded before import = 0
Start importing Assets/Plugins/Demigiant/DemiLib/Core/Editor/Imgs/ico_alignBL.png using Guid(abf8a615f379ef44b9ac872a13b7712f) Importer(815301076,1909f56bfc062723c751e8b465ee728b)  -> (artifact id: '0d09d560f64f2c83897cbd1cf09cbd55') in 0.006468 seconds 
Number of asset objects unloaded after import = 2
========================================================================
Received Import Request.
  Time since last request: 0.293134 seconds.
  path: Assets/Plugins/Demigiant/DemiLib/Core/Editor/Imgs/ico_alignB.png
  artifactKey: Guid(8b6b31f71cd528243b053cfc488e73f5) Importer(815301076,1909f56bfc062723c751e8b465ee728b)
Number of updated assets reloaded before import = 0
Start importing Assets/Plugins/Demigiant/DemiLib/Core/Editor/Imgs/ico_alignB.png using Guid(8b6b31f71cd528243b053cfc488e73f5) Importer(815301076,1909f56bfc062723c751e8b465ee728b)  -> (artifact id: '2edd203d18a7e7463b546597465fe636') in 0.016804 seconds 
Number of asset objects unloaded after import = 2
========================================================================
Received Import Request.
  Time since last request: 0.035640 seconds.
  path: Assets/Spine Examples/Spine Skeletons/Hero/hero-pro.png
  artifactKey: Guid(25b07e861d1a62f4db687c871e4a3828) Importer(815301076,1909f56bfc062723c751e8b465ee728b)
Number of updated assets reloaded before import = 0
Start importing Assets/Spine Examples/Spine Skeletons/Hero/hero-pro.png using Guid(25b07e861d1a62f4db687c871e4a3828) Importer(815301076,1909f56bfc062723c751e8b465ee728b)  -> (artifact id: '41d5b5f4862677ebb383a64f7e730a00') in 0.008388 seconds 
Number of asset objects unloaded after import = 2
========================================================================
Received Import Request.
  Time since last request: 0.251843 seconds.
  path: Assets/ThirdParties/CodeStage/AntiCheatToolkit/Editor/Textures/ForDark/Icons/Help.png
  artifactKey: Guid(d3e1915dc2cfe6342abe376ca183ea1a) Importer(815301076,1909f56bfc062723c751e8b465ee728b)
Number of updated assets reloaded before import = 0
Start importing Assets/ThirdParties/CodeStage/AntiCheatToolkit/Editor/Textures/ForDark/Icons/Help.png using Guid(d3e1915dc2cfe6342abe376ca183ea1a) Importer(815301076,1909f56bfc062723c751e8b465ee728b)  -> (artifact id: 'e93ed72ab8400ba5de7d394430797ae3') in 0.013930 seconds 
Number of asset objects unloaded after import = 2
========================================================================
Received Import Request.
  Time since last request: 0.017066 seconds.
  path: Assets/Spine Examples/Spine Skeletons/spineboy-unity/Equips/gun-normal.png
  artifactKey: Guid(602e098a046fa6e42a109d3e45c590f2) Importer(815301076,1909f56bfc062723c751e8b465ee728b)
Number of updated assets reloaded before import = 0
Start importing Assets/Spine Examples/Spine Skeletons/spineboy-unity/Equips/gun-normal.png using Guid(602e098a046fa6e42a109d3e45c590f2) Importer(815301076,1909f56bfc062723c751e8b465ee728b)  -> (artifact id: 'ad9ce82cce63c38725752c3f5b0f3e4f') in 0.020789 seconds 
Number of asset objects unloaded after import = 3
========================================================================
Received Import Request.
  Time since last request: 0.033066 seconds.
  path: Assets/Plugins/Demigiant/DemiLib/Core/Editor/Imgs/grid_dark.png
  artifactKey: Guid(d542f997a51000946873268e3546b6ba) Importer(815301076,1909f56bfc062723c751e8b465ee728b)
Number of updated assets reloaded before import = 0
Start importing Assets/Plugins/Demigiant/DemiLib/Core/Editor/Imgs/grid_dark.png using Guid(d542f997a51000946873268e3546b6ba) Importer(815301076,1909f56bfc062723c751e8b465ee728b)  -> (artifact id: 'ab2e32485a2c6b124e2353fe7432aba7') in 0.006221 seconds 
Number of asset objects unloaded after import = 2
========================================================================
Received Import Request.
  Time since last request: 0.519429 seconds.
  path: Assets/Plugins/Demigiant/DemiLib/Core/Editor/Imgs/greenSquare.png
  artifactKey: Guid(789ef07ba2573f6448fa8b5dc5224c44) Importer(815301076,1909f56bfc062723c751e8b465ee728b)
Number of updated assets reloaded before import = 0
Start importing Assets/Plugins/Demigiant/DemiLib/Core/Editor/Imgs/greenSquare.png using Guid(789ef07ba2573f6448fa8b5dc5224c44) Importer(815301076,1909f56bfc062723c751e8b465ee728b)  -> (artifact id: '464d317a146502dbe3a245d7a8b2ba1c') in 0.012173 seconds 
Number of asset objects unloaded after import = 2
========================================================================
Received Import Request.
  Time since last request: 0.030876 seconds.
  path: Assets/Spine Examples/Spine Skeletons/spineboy-unity/Equips/goggles-normal.png
  artifactKey: Guid(32997c96a91b5904aa064f961fa62937) Importer(815301076,1909f56bfc062723c751e8b465ee728b)
Number of updated assets reloaded before import = 0
Start importing Assets/Spine Examples/Spine Skeletons/spineboy-unity/Equips/goggles-normal.png using Guid(32997c96a91b5904aa064f961fa62937) Importer(815301076,1909f56bfc062723c751e8b465ee728b)  -> (artifact id: '8c5aeefb86cd90bd12cd3cae421d8508') in 0.021422 seconds 
Number of asset objects unloaded after import = 3
========================================================================
Received Import Request.
  Time since last request: 0.308812 seconds.
  path: Assets/ThirdParties/Gizmos/ProCamera2D/gizmo_icon_zoom_out.png
  artifactKey: Guid(55ce5031874ea40ecb3c0571a60df10e) Importer(815301076,1909f56bfc062723c751e8b465ee728b)
Number of updated assets reloaded before import = 0
Start importing Assets/ThirdParties/Gizmos/ProCamera2D/gizmo_icon_zoom_out.png using Guid(55ce5031874ea40ecb3c0571a60df10e) Importer(815301076,1909f56bfc062723c751e8b465ee728b)  -> (artifact id: 'c348be212d14303496a4231f3211aba4') in 0.014963 seconds 
Number of asset objects unloaded after import = 2
========================================================================
Received Import Request.
  Time since last request: 0.015877 seconds.
  path: Assets/ThirdParties/Gizmos/ProCamera2D/gizmo_icon_start.png
  artifactKey: Guid(146c492a637114b3ba06020960109be8) Importer(815301076,1909f56bfc062723c751e8b465ee728b)
Number of updated assets reloaded before import = 0
Start importing Assets/ThirdParties/Gizmos/ProCamera2D/gizmo_icon_start.png using Guid(146c492a637114b3ba06020960109be8) Importer(815301076,1909f56bfc062723c751e8b465ee728b)  -> (artifact id: '15865bdd59464b7ddb428ea440ed46b7') in 0.007700 seconds 
Number of asset objects unloaded after import = 2
========================================================================
Received Import Request.
  Time since last request: 0.025232 seconds.
  path: Assets/ThirdParties/Gizmos/ProCamera2D/gizmo_icon_rails_enable.png
  artifactKey: Guid(adf00fb5c6ed14079aa257db55df3e14) Importer(815301076,1909f56bfc062723c751e8b465ee728b)
Number of updated assets reloaded before import = 0
Start importing Assets/ThirdParties/Gizmos/ProCamera2D/gizmo_icon_rails_enable.png using Guid(adf00fb5c6ed14079aa257db55df3e14) Importer(815301076,1909f56bfc062723c751e8b465ee728b)  -> (artifact id: 'a68d9d9cafae8ffb94824693b801404b') in 0.007716 seconds 
Number of asset objects unloaded after import = 2
========================================================================
Received Import Request.
  Time since last request: 0.265359 seconds.
  path: Assets/ThirdParties/Gizmos/ProCamera2D/gizmo_icon_influence.png
  artifactKey: Guid(95d2331b299ce4e8883143c3248741d2) Importer(815301076,1909f56bfc062723c751e8b465ee728b)
Number of updated assets reloaded before import = 0
Start importing Assets/ThirdParties/Gizmos/ProCamera2D/gizmo_icon_influence.png using Guid(95d2331b299ce4e8883143c3248741d2) Importer(815301076,1909f56bfc062723c751e8b465ee728b)  -> (artifact id: '70db457323ee40536598b984b9891d38') in 0.015301 seconds 
Number of asset objects unloaded after import = 2
========================================================================
Received Import Request.
  Time since last request: 0.000506 seconds.
  path: Assets/ThirdParties/Gizmos/ProCamera2D/gizmo_icon_exclusive.png
  artifactKey: Guid(8425a5251e48a41579b9be9f6d2cee8a) Importer(815301076,1909f56bfc062723c751e8b465ee728b)
Number of updated assets reloaded before import = 0
Start importing Assets/ThirdParties/Gizmos/ProCamera2D/gizmo_icon_exclusive.png using Guid(8425a5251e48a41579b9be9f6d2cee8a) Importer(815301076,1909f56bfc062723c751e8b465ee728b)  -> (artifact id: '910630e654b76ebd00f70487503a9125') in 0.009711 seconds 
Number of asset objects unloaded after import = 2
========================================================================
Received Import Request.
  Time since last request: 0.063208 seconds.
  path: Assets/ThirdParties/Gizmos/ProCamera2D/gizmo_icon_bound_right.png
  artifactKey: Guid(d56b9ee72bc9d45c5927e0724c14e54d) Importer(815301076,1909f56bfc062723c751e8b465ee728b)
Number of updated assets reloaded before import = 0
Start importing Assets/ThirdParties/Gizmos/ProCamera2D/gizmo_icon_bound_right.png using Guid(d56b9ee72bc9d45c5927e0724c14e54d) Importer(815301076,1909f56bfc062723c751e8b465ee728b)  -> (artifact id: 'f26a941584339790ad5ddc04b6c6639f') in 0.006653 seconds 
Number of asset objects unloaded after import = 2
========================================================================
Received Import Request.
  Time since last request: 0.202764 seconds.
  path: Assets/ThirdParties/Gizmos/ProCamera2D/gizmo_icon_bound_bottom.png
  artifactKey: Guid(c627a8a53aa294a70a36056c104b3b5a) Importer(815301076,1909f56bfc062723c751e8b465ee728b)
Number of updated assets reloaded before import = 0
Start importing Assets/ThirdParties/Gizmos/ProCamera2D/gizmo_icon_bound_bottom.png using Guid(c627a8a53aa294a70a36056c104b3b5a) Importer(815301076,1909f56bfc062723c751e8b465ee728b)  -> (artifact id: '6fcf1f6299e07fd8c5b2764423bb6a6e') in 0.006622 seconds 
Number of asset objects unloaded after import = 2
========================================================================
Received Import Request.
  Time since last request: 0.029638 seconds.
  path: Assets/Spine Examples/Spine Skeletons/Gauge/Gauge.png
  artifactKey: Guid(a11301aad15ed6b4995485a02a81b132) Importer(815301076,1909f56bfc062723c751e8b465ee728b)
Number of updated assets reloaded before import = 0
Start importing Assets/Spine Examples/Spine Skeletons/Gauge/Gauge.png using Guid(a11301aad15ed6b4995485a02a81b132) Importer(815301076,1909f56bfc062723c751e8b465ee728b)  -> (artifact id: '3df604833e6b04aeb123ad97389dd5ec') in 0.006228 seconds 
Number of asset objects unloaded after import = 2
========================================================================
Received Import Request.
  Time since last request: 0.025425 seconds.
  path: Assets/ThirdParties/CodeStage/AntiCheatToolkit/Editor/Textures/ForBright/Icons/Forum.png
  artifactKey: Guid(29808f9bad076cd44bf828cd0f0aca23) Importer(815301076,1909f56bfc062723c751e8b465ee728b)
Number of updated assets reloaded before import = 0
Start importing Assets/ThirdParties/CodeStage/AntiCheatToolkit/Editor/Textures/ForBright/Icons/Forum.png using Guid(29808f9bad076cd44bf828cd0f0aca23) Importer(815301076,1909f56bfc062723c751e8b465ee728b)  -> (artifact id: 'd5a8d3b064e3152ce2d14c1424769351') in 0.007014 seconds 
Number of asset objects unloaded after import = 2
========================================================================
Received Import Request.
  Time since last request: 0.254025 seconds.
  path: Assets/Plugins/Demigiant/DOTween/Editor/Imgs/Footer_dark.png
  artifactKey: Guid(519694efe2bb2914788b151fbd8c01f4) Importer(815301076,1909f56bfc062723c751e8b465ee728b)
Number of updated assets reloaded before import = 0
Start importing Assets/Plugins/Demigiant/DOTween/Editor/Imgs/Footer_dark.png using Guid(519694efe2bb2914788b151fbd8c01f4) Importer(815301076,1909f56bfc062723c751e8b465ee728b)  -> (artifact id: '17b105ed7d4dddf003983c4877619c1d') in 0.013398 seconds 
Number of asset objects unloaded after import = 2
========================================================================
Received Import Request.
  Time since last request: 0.006053 seconds.
  path: Assets/Plugins/Demigiant/DOTween/Editor/Imgs/Footer.png
  artifactKey: Guid(7051dba417b3d53409f2918f1ea4938d) Importer(815301076,1909f56bfc062723c751e8b465ee728b)
Number of updated assets reloaded before import = 0
Start importing Assets/Plugins/Demigiant/DOTween/Editor/Imgs/Footer.png using Guid(7051dba417b3d53409f2918f1ea4938d) Importer(815301076,1909f56bfc062723c751e8b465ee728b)  -> (artifact id: '72fd3704f53845183329ed9a25bb6f54') in 0.009597 seconds 
Number of asset objects unloaded after import = 2
========================================================================
Received Import Request.
  Time since last request: 0.349400 seconds.
  path: Assets/Spine Examples/Spine Skeletons/Eyes/eyes.png
  artifactKey: Guid(49441e5a1682e564694545bd9b509785) Importer(815301076,1909f56bfc062723c751e8b465ee728b)
Number of updated assets reloaded before import = 0
Start importing Assets/Spine Examples/Spine Skeletons/Eyes/eyes.png using Guid(49441e5a1682e564694545bd9b509785) Importer(815301076,1909f56bfc062723c751e8b465ee728b)  -> (artifact id: 'ad173d83c5d487932ba1c2bb4b4d9390') in 0.010540 seconds 
Number of asset objects unloaded after import = 2
========================================================================
Received Import Request.
  Time since last request: 0.018102 seconds.
  path: Assets/ThirdParties/TextMesh Pro/Sprites/EmojiOne.png
  artifactKey: Guid(dffef66376be4fa480fb02b19edbe903) Importer(815301076,1909f56bfc062723c751e8b465ee728b)
Number of updated assets reloaded before import = 0
Start importing Assets/ThirdParties/TextMesh Pro/Sprites/EmojiOne.png using Guid(dffef66376be4fa480fb02b19edbe903) Importer(815301076,1909f56bfc062723c751e8b465ee728b)  -> (artifact id: '167d5b5dd4cb8758dbf0a8380de2d214') in 0.013659 seconds 
Number of asset objects unloaded after import = 2
========================================================================
Received Import Request.
  Time since last request: 0.020438 seconds.
  path: Assets/Spine Examples/Spine Skeletons/Dragon/dragon.png
  artifactKey: Guid(6bc52290ef03f2846ba38d67e2823598) Importer(815301076,1909f56bfc062723c751e8b465ee728b)
Number of updated assets reloaded before import = 0
Start importing Assets/Spine Examples/Spine Skeletons/Dragon/dragon.png using Guid(6bc52290ef03f2846ba38d67e2823598) Importer(815301076,1909f56bfc062723c751e8b465ee728b)  -> (artifact id: '8f20fae97ca81f8768a05302feff3186') in 0.012459 seconds 
Number of asset objects unloaded after import = 2
========================================================================
Received Import Request.
  Time since last request: 0.211806 seconds.
  path: Assets/Plugins/Demigiant/DOTween/Editor/Imgs/DOTweenIcon.png
  artifactKey: Guid(8da095e39e9b4df488dfd436f81116d6) Importer(815301076,1909f56bfc062723c751e8b465ee728b)
Number of updated assets reloaded before import = 0
Start importing Assets/Plugins/Demigiant/DOTween/Editor/Imgs/DOTweenIcon.png using Guid(8da095e39e9b4df488dfd436f81116d6) Importer(815301076,1909f56bfc062723c751e8b465ee728b)  -> (artifact id: '9fc38749113f5b5617a1c78badf0f76e') in 0.012242 seconds 
Number of asset objects unloaded after import = 2
========================================================================
Received Import Request.
  Time since last request: 0.016291 seconds.
  path: Assets/Spine Examples/Spine Skeletons/Goblins/dagger.png
  artifactKey: Guid(2412d1d8498463f49ae6ebe3a66ffae9) Importer(815301076,1909f56bfc062723c751e8b465ee728b)
Number of updated assets reloaded before import = 0
Start importing Assets/Spine Examples/Spine Skeletons/Goblins/dagger.png using Guid(2412d1d8498463f49ae6ebe3a66ffae9) Importer(815301076,1909f56bfc062723c751e8b465ee728b)  -> (artifact id: 'd0df9e9864f1a344999f9268db97c9f4') in 0.009314 seconds 
Number of asset objects unloaded after import = 3
========================================================================
Received Import Request.
  Time since last request: 0.037031 seconds.
  path: Assets/_Impostor 3/Arts/VFX/Epic Toon FX/Textures/circle.png
  artifactKey: Guid(155f67fd8750f8e4e83c8efb1731f3a0) Importer(815301076,1909f56bfc062723c751e8b465ee728b)
Number of updated assets reloaded before import = 0
Start importing Assets/_Impostor 3/Arts/VFX/Epic Toon FX/Textures/circle.png using Guid(155f67fd8750f8e4e83c8efb1731f3a0) Importer(815301076,1909f56bfc062723c751e8b465ee728b)  -> (artifact id: 'b67d6ee9752a7e5ae691b6628f0c8b3c') in 0.010643 seconds 
Number of asset objects unloaded after import = 2
========================================================================
Received Import Request.
  Time since last request: 0.189037 seconds.
  path: Assets/Plugins/Demigiant/DemiLib/Core/Editor/Imgs/blueSquare.png
  artifactKey: Guid(05cfe010378336646ad6c721f66543d1) Importer(815301076,1909f56bfc062723c751e8b465ee728b)
Number of updated assets reloaded before import = 0
Start importing Assets/Plugins/Demigiant/DemiLib/Core/Editor/Imgs/blueSquare.png using Guid(05cfe010378336646ad6c721f66543d1) Importer(815301076,1909f56bfc062723c751e8b465ee728b)  -> (artifact id: 'aef93437fafd184e4c6585d1c0b66c77') in 0.006682 seconds 
Number of asset objects unloaded after import = 2
========================================================================
Received Import Request.
  Time since last request: 0.035701 seconds.
  path: Assets/Plugins/Demigiant/DemiLib/Core/Editor/Imgs/blackSquareAlpha50.png
  artifactKey: Guid(aa1d42dc6ff3e894da2208c6929d2165) Importer(815301076,1909f56bfc062723c751e8b465ee728b)
Number of updated assets reloaded before import = 0
Start importing Assets/Plugins/Demigiant/DemiLib/Core/Editor/Imgs/blackSquareAlpha50.png using Guid(aa1d42dc6ff3e894da2208c6929d2165) Importer(815301076,1909f56bfc062723c751e8b465ee728b)  -> (artifact id: '7ec6cea7a9d586950574df682e3f14df') in 0.009858 seconds 
Number of asset objects unloaded after import = 2
========================================================================
Received Import Request.
  Time since last request: 0.016453 seconds.
  path: Assets/Plugins/Demigiant/DemiLib/Core/Editor/Imgs/blackSquareAlpha15.png
  artifactKey: Guid(53d696c01f6ca524383f11fcc34dd13c) Importer(815301076,1909f56bfc062723c751e8b465ee728b)
Number of updated assets reloaded before import = 0
Start importing Assets/Plugins/Demigiant/DemiLib/Core/Editor/Imgs/blackSquareAlpha15.png using Guid(53d696c01f6ca524383f11fcc34dd13c) Importer(815301076,1909f56bfc062723c751e8b465ee728b)  -> (artifact id: '555f875848f2f3ecd20d8400ee698852') in 0.005878 seconds 
Number of asset objects unloaded after import = 2
========================================================================
Received Import Request.
  Time since last request: 0.185373 seconds.
  path: Assets/Plugins/Demigiant/DemiLib/Core/Editor/Imgs/blackSquare.png
  artifactKey: Guid(7ba4b2810f605d945af87e032ca2957b) Importer(815301076,1909f56bfc062723c751e8b465ee728b)
Number of updated assets reloaded before import = 0
Start importing Assets/Plugins/Demigiant/DemiLib/Core/Editor/Imgs/blackSquare.png using Guid(7ba4b2810f605d945af87e032ca2957b) Importer(815301076,1909f56bfc062723c751e8b465ee728b)  -> (artifact id: '466f35b0c19bd925fa15d601bb9fc67b') in 0.010114 seconds 
Number of asset objects unloaded after import = 2
========================================================================
Received Import Request.
  Time since last request: 0.018701 seconds.
  path: Assets/_Impostor 3/Arts/Backgrounds/BG_1.png
  artifactKey: Guid(bcc58e7d3609251458845ce00194b697) Importer(815301076,1909f56bfc062723c751e8b465ee728b)
Number of updated assets reloaded before import = 0
Start importing Assets/_Impostor 3/Arts/Backgrounds/BG_1.png using Guid(bcc58e7d3609251458845ce00194b697) Importer(815301076,1909f56bfc062723c751e8b465ee728b)  -> (artifact id: 'afe31500b5f821ed1838d2537b7a5460') in 0.331288 seconds 
Number of asset objects unloaded after import = 3
========================================================================
Received Import Request.
  Time since last request: 0.000024 seconds.
  path: Assets/_Impostor 3/Arts/GUI/1000.png
  artifactKey: Guid(94a876910443b9a4eaa3b85462e23244) Importer(815301076,1909f56bfc062723c751e8b465ee728b)
Number of updated assets reloaded before import = 0
Start importing Assets/_Impostor 3/Arts/GUI/1000.png using Guid(94a876910443b9a4eaa3b85462e23244) Importer(815301076,1909f56bfc062723c751e8b465ee728b)  -> (artifact id: 'e8bdadda2af5f68a22181f600cebdd04') in 0.012106 seconds 
Number of asset objects unloaded after import = 3
========================================================================
Received Import Request.
  Time since last request: 0.153737 seconds.
  path: Assets/GoogleMobileAds/Editor/Resources/DummyAds/AdImages/480x320.png
  artifactKey: Guid(d30303c99ba3f4b9b9924da34e6d742d) Importer(815301076,1909f56bfc062723c751e8b465ee728b)
Number of updated assets reloaded before import = 0
Start importing Assets/GoogleMobileAds/Editor/Resources/DummyAds/AdImages/480x320.png using Guid(d30303c99ba3f4b9b9924da34e6d742d) Importer(815301076,1909f56bfc062723c751e8b465ee728b)  -> (artifact id: '5022129fc892d1bf11b4f55b2ca88a9c') in 0.030177 seconds 
Number of asset objects unloaded after import = 3
========================================================================
Received Import Request.
  Time since last request: 0.045870 seconds.
  path: Assets/GoogleMobileAds/Editor/Resources/DummyAds/AdImages/320x50.png
  artifactKey: Guid(5a6531d4c9c484d679a2d6f9e6fefed5) Importer(815301076,1909f56bfc062723c751e8b465ee728b)
Number of updated assets reloaded before import = 0
Start importing Assets/GoogleMobileAds/Editor/Resources/DummyAds/AdImages/320x50.png using Guid(5a6531d4c9c484d679a2d6f9e6fefed5) Importer(815301076,1909f56bfc062723c751e8b465ee728b)  -> (artifact id: 'd373c8676d171d08d026f7246fc75b72') in 0.010549 seconds 
Number of asset objects unloaded after import = 3
========================================================================
Received Import Request.
  Time since last request: 0.149501 seconds.
  path: Assets/_Impostor 3/Arts/GUI/+200copy.png
  artifactKey: Guid(e57ca7671b389d2448fd5df03182276e) Importer(815301076,1909f56bfc062723c751e8b465ee728b)
Number of updated assets reloaded before import = 0
Start importing Assets/_Impostor 3/Arts/GUI/+200copy.png using Guid(e57ca7671b389d2448fd5df03182276e) Importer(815301076,1909f56bfc062723c751e8b465ee728b)  -> (artifact id: 'd14b487efa3d8fbd274c99f4bd162394') in 0.031963 seconds 
Number of asset objects unloaded after import = 3
========================================================================
Received Import Request.
  Time since last request: 0.001753 seconds.
  path: Assets/_Impostor 3/Arts/GUI/+200.png
  artifactKey: Guid(3bd19469fbc6f4341be0d42fe4d6165a) Importer(815301076,1909f56bfc062723c751e8b465ee728b)
Number of updated assets reloaded before import = 0
Start importing Assets/_Impostor 3/Arts/GUI/+200.png using Guid(3bd19469fbc6f4341be0d42fe4d6165a) Importer(815301076,1909f56bfc062723c751e8b465ee728b)  -> (artifact id: '5db68fc87afee8119f2b29860a26d2f0') in 0.012676 seconds 
Number of asset objects unloaded after import = 3
